                                      1 ;--------------------------------------------------------
                                      2 ; File Created by SDCC : free open source ISO C Compiler 
                                      3 ; Version 4.4.1 #14650 (Linux)
                                      4 ;--------------------------------------------------------
                                      5 	.module bank_ba0_bo0
                                      6 	.optsdcc -mmos6502
                                      7 	
                                      8 ;; Ordering of segments for the linker.
                                      9 	.area _ZP      (PAG)
                                     10 	.area _OSEG    (PAG, OVR)
                                     11 	.area _HOME
                                     12 	.area _GSINIT
                                     13 	.area _GSFINAL
                                     14 	.area _CODE
                                     15 	.area _XINIT
                                     16 	.area _DATA
                                     17 	.area _DATA
                                     18 	.area _BSS
                                     19 ;--------------------------------------------------------
                                     20 ; Public variables in this module
                                     21 ;--------------------------------------------------------
                                     22 	.globl _var_0
                                     23 	.globl _OAMDMA
                                     24 	.globl _PPUDATA
                                     25 	.globl _PPUADDR
                                     26 	.globl _PPUSCROLL
                                     27 	.globl _OAMDATA
                                     28 	.globl _OAMADDR
                                     29 	.globl _PPUSTATUS
                                     30 	.globl _PPUMASK
                                     31 	.globl _PPUCTRL
                                     32 ;--------------------------------------------------------
                                     33 ; ZP ram data
                                     34 ;--------------------------------------------------------
                                     35 	.area _ZP      (PAG)
                                     36 ;--------------------------------------------------------
                                     37 ; overlayable items in ram
                                     38 ;--------------------------------------------------------
                                     39 ;--------------------------------------------------------
                                     40 ; uninitialized external ram data
                                     41 ;--------------------------------------------------------
                                     42 	.area _BSS
                         00002000    43 _PPUCTRL	=	0x2000
                         00002001    44 _PPUMASK	=	0x2001
                         00002002    45 _PPUSTATUS	=	0x2002
                         00002003    46 _OAMADDR	=	0x2003
                         00002004    47 _OAMDATA	=	0x2004
                         00002005    48 _PPUSCROLL	=	0x2005
                         00002006    49 _PPUADDR	=	0x2006
                         00002007    50 _PPUDATA	=	0x2007
                         00004014    51 _OAMDMA	=	0x4014
    00000000                         52 _var_0::
    00000000                         53 	.ds 2
                                     54 ;--------------------------------------------------------
                                     55 ; absolute external ram data
                                     56 ;--------------------------------------------------------
                                     57 	.area _DABS    (ABS)
                                     58 ;--------------------------------------------------------
                                     59 ; initialized external ram data
                                     60 ;--------------------------------------------------------
                                     61 	.area _DATA
                                     62 ;--------------------------------------------------------
                                     63 ; global & static initialisations
                                     64 ;--------------------------------------------------------
                                     65 	.area _HOME
                                     66 	.area _GSINIT
                                     67 	.area _GSFINAL
                                     68 	.area _GSINIT
                                     69 ;--------------------------------------------------------
                                     70 ; Home
                                     71 ;--------------------------------------------------------
                                     72 	.area _HOME
                                     73 	.area _HOME
                                     74 ;--------------------------------------------------------
                                     75 ; code
                                     76 ;--------------------------------------------------------
                                     77 	.area _CODE_0
                                     78 	.area _CODE_0
                                     79 	.area _XINIT
                                     80 	.area _CABS    (ABS)
