                                      1 ;--------------------------------------------------------
                                      2 ; File Created by SDCC : free open source ISO C Compiler 
                                      3 ; Version 4.4.1 #14650 (Linux)
                                      4 ;--------------------------------------------------------
                                      5 	.module main
                                      6 	.optsdcc -mmos6502
                                      7 	
                                      8 ;; Ordering of segments for the linker.
                                      9 	.area _ZP      (PAG)
                                     10 	.area _OSEG    (PAG, OVR)
                                     11 	.area _HOME
                                     12 	.area _GSINIT
                                     13 	.area _GSFINAL
                                     14 	.area _CODE
                                     15 	.area _XINIT
                                     16 	.area _DATA
                                     17 	.area _DATA
                                     18 	.area _BSS
                                     19 ;--------------------------------------------------------
                                     20 ; Public variables in this module
                                     21 ;--------------------------------------------------------
                                     22 	.globl _main
                                     23 	.globl _init_gfx
                                     24 	.globl b___func_blank_tile_data
                                     25 	.globl ___func_blank_tile_data
                                     26 	.globl b___func_logo_map
                                     27 	.globl ___func_logo_map
                                     28 	.globl b___func_logo_tiles_data
                                     29 	.globl ___func_logo_tiles_data
                                     30 	.globl _fill_bkg_rect
                                     31 	.globl _set_bkg_tiles
                                     32 	.globl _set_bkg_data
                                     33 	.globl _vsync
                                     34 	.globl _OAMDMA
                                     35 	.globl _PPUDATA
                                     36 	.globl _PPUADDR
                                     37 	.globl _PPUSCROLL
                                     38 	.globl _OAMDATA
                                     39 	.globl _OAMADDR
                                     40 	.globl _PPUSTATUS
                                     41 	.globl _PPUMASK
                                     42 	.globl _PPUCTRL
                                     43 ;--------------------------------------------------------
                                     44 ; ZP ram data
                                     45 ;--------------------------------------------------------
                                     46 	.area _ZP      (PAG)
                                     47 ;--------------------------------------------------------
                                     48 ; overlayable items in ram
                                     49 ;--------------------------------------------------------
                                     50 ;--------------------------------------------------------
                                     51 ; uninitialized external ram data
                                     52 ;--------------------------------------------------------
                                     53 	.area _BSS
                         00002000    54 _PPUCTRL	=	0x2000
                         00002001    55 _PPUMASK	=	0x2001
                         00002002    56 _PPUSTATUS	=	0x2002
                         00002003    57 _OAMADDR	=	0x2003
                         00002004    58 _OAMDATA	=	0x2004
                         00002005    59 _PPUSCROLL	=	0x2005
                         00002006    60 _PPUADDR	=	0x2006
                         00002007    61 _PPUDATA	=	0x2007
                         00004014    62 _OAMDMA	=	0x4014
                                     63 ;--------------------------------------------------------
                                     64 ; absolute external ram data
                                     65 ;--------------------------------------------------------
                                     66 	.area _DABS    (ABS)
                                     67 ;--------------------------------------------------------
                                     68 ; initialized external ram data
                                     69 ;--------------------------------------------------------
                                     70 	.area _DATA
                                     71 ;--------------------------------------------------------
                                     72 ; global & static initialisations
                                     73 ;--------------------------------------------------------
                                     74 	.area _HOME
                                     75 	.area _GSINIT
                                     76 	.area _GSFINAL
                                     77 	.area _GSINIT
                                     78 ;--------------------------------------------------------
                                     79 ; Home
                                     80 ;--------------------------------------------------------
                                     81 	.area _HOME
                                     82 	.area _HOME
                                     83 ;--------------------------------------------------------
                                     84 ; code
                                     85 ;--------------------------------------------------------
                                     86 	.area _CODE
                                     87 ;------------------------------------------------------------
                                     88 ;Allocation info for local variables in function '__func_logo_tiles_data'
                                     89 ;------------------------------------------------------------
                                     90 ;	src/main.c: 6: INCBIN(logo_tiles_data, "res/gbdk2020.bin") // Variable name to use, Path to file
                                     91 ;	-----------------------------------------
                                     92 ;	 function __func_logo_tiles_data
                                     93 ;	-----------------------------------------
                                     94 ;	Register assignment is optimal.
                                     95 ;	Stack space usage: 0 bytes.
                         00000000    96 	b___func_logo_tiles_data	= 0
    00000000                         97 ___func_logo_tiles_data:
                                     98 ;	naked function: no prologue.
    00000000                         99 		_logo_tiles_data::
    00000000                        100 	 1$:
    00000000 3F 3F 60 7F C0 C0 80   101 	 .incbin "res/gbdk2020.bin" 
             C0 80 C0 80 C0 80 C0
             80 C0 FF FF 00 FF 00
             00 00 00 00 00 00 00
             00 00 00 00 FC FC 06
             FE 03 03 01 03 01 03
             01 03 01 03 01 03 80
             C0 83 C3 83 C7 83 C7
             83 C7 83 C7 83 C7 83
             C7 00 00 FF FF FF FF
             FF FF FF FF F8 FF FF
             F8 FF F8 00 00 FF FF
             FF FF FF FF FF FF 00
             FF FF 00 FF 00 00 00
             FF FF FF FF FF FF FF
             FF 0F FF EF 1F EF 1F
             01 03 C1 C3 C1 C3 C1
             C3 C1 C3 C1 C3 C1 C3
             C1 C3
    00000320                        102 	 2$:
                         00000320   103 	 ___size_logo_tiles_data = (2$-1$) 
                                    104 	 .globl ___size_logo_tiles_data 
                                    105 	 .local b___func_logo_tiles_data 
                         00000000   106 	 ___bank_logo_tiles_data = b___func_logo_tiles_data 
                                    107 	 .globl ___bank_logo_tiles_data 
                                    108 ;	naked function: no epilogue.
                                    109 ;------------------------------------------------------------
                                    110 ;Allocation info for local variables in function '__func_logo_map'
                                    111 ;------------------------------------------------------------
                                    112 ;	src/main.c: 9: INCBIN(logo_map, "res/gbdk2020_map.bin")
                                    113 ;	-----------------------------------------
                                    114 ;	 function __func_logo_map
                                    115 ;	-----------------------------------------
                                    116 ;	Register assignment is optimal.
                                    117 ;	Stack space usage: 0 bytes.
                         00000000   118 	b___func_logo_map	= 0
    00000320                        119 ___func_logo_map:
                                    120 ;	naked function: no prologue.
    00000320                        121 		_logo_map::
    00000320                        122 	 1$:
    00000320 00 01 01 01 01 01 02   123 	 .incbin "res/gbdk2020_map.bin" 
             03 04 05 05 05 06 07
             08 09 0A 0A 0A 0B 0C
             0D 0E 0A 0A 0A 0B 0C
             0D 0E 0A 0A 0A 0B 0C
             0F 10 11 11 11 12 13
             14 15 15 15 15 15 16
             17 18 19 15 1A 1B 1C
             1D 1E 1F 15 20 21 22
             14 15 23 24 25 26 27
             14 15 28 29 2A 2B 2C
             2D 2E 2E 2E 2F 30 31
    00000374                        124 	 2$:
                         00000054   125 	 ___size_logo_map = (2$-1$) 
                                    126 	 .globl ___size_logo_map 
                                    127 	 .local b___func_logo_map 
                         00000000   128 	 ___bank_logo_map = b___func_logo_map 
                                    129 	 .globl ___bank_logo_map 
                                    130 ;	naked function: no epilogue.
                                    131 ;------------------------------------------------------------
                                    132 ;Allocation info for local variables in function '__func_blank_tile_data'
                                    133 ;------------------------------------------------------------
                                    134 ;	src/main.c: 12: INCBIN(blank_tile_data, "res/blanktile.bin")
                                    135 ;	-----------------------------------------
                                    136 ;	 function __func_blank_tile_data
                                    137 ;	-----------------------------------------
                                    138 ;	Register assignment is optimal.
                                    139 ;	Stack space usage: 0 bytes.
                         00000000   140 	b___func_blank_tile_data	= 0
    00000374                        141 ___func_blank_tile_data:
                                    142 ;	naked function: no prologue.
    00000374                        143 		_blank_tile_data::
    00000374                        144 	 1$:
    00000374 00 00 00 00 00 00 00   145 	 .incbin "res/blanktile.bin" 
             00 00 00 00 00 00 00
             00 00
    00000384                        146 	 2$:
                         00000010   147 	 ___size_blank_tile_data = (2$-1$) 
                                    148 	 .globl ___size_blank_tile_data 
                                    149 	 .local b___func_blank_tile_data 
                         00000000   150 	 ___bank_blank_tile_data = b___func_blank_tile_data 
                                    151 	 .globl ___bank_blank_tile_data 
                                    152 ;	naked function: no epilogue.
                                    153 ;------------------------------------------------------------
                                    154 ;Allocation info for local variables in function 'init_gfx'
                                    155 ;------------------------------------------------------------
                                    156 ;	src/main.c: 28: void init_gfx(void) {
                                    157 ;	-----------------------------------------
                                    158 ;	 function init_gfx
                                    159 ;	-----------------------------------------
                                    160 ;	Register assignment is optimal.
                                    161 ;	Stack space usage: 0 bytes.
    00000384                        162 _init_gfx:
                                    163 ;	src/main.c: 30: set_bkg_data(0x80u, 1u, blank_tile_data); // The first 0x80u here is the tile ID
    00000384 A9s03            [ 2]  164 	lda	#>_blank_tile_data
    00000386 8Dr01r00         [ 4]  165 	sta	(_set_bkg_data_PARM_3 + 1)
    00000389 A9r74            [ 2]  166 	lda	#_blank_tile_data
    0000038B 8Dr00r00         [ 4]  167 	sta	_set_bkg_data_PARM_3
    0000038E A9 80            [ 2]  168 	lda	#0x80
    00000390 A2 01            [ 2]  169 	ldx	#0x01
    00000392 20r00r00         [ 6]  170 	jsr	_set_bkg_data
                                    171 ;	src/main.c: 31: fill_bkg_rect(0u, 0u, DEVICE_SCREEN_WIDTH, DEVICE_SCREEN_HEIGHT, 0x80u);   // The last 0x80u here is the tile ID 
    00000395 A2 20            [ 2]  172 	ldx	#0x20
    00000397 8Er00r00         [ 4]  173 	stx	_fill_bkg_rect_PARM_3
    0000039A A2 1E            [ 2]  174 	ldx	#0x1e
    0000039C 8Er00r00         [ 4]  175 	stx	_fill_bkg_rect_PARM_4
    0000039F A2 80            [ 2]  176 	ldx	#0x80
    000003A1 8Er00r00         [ 4]  177 	stx	_fill_bkg_rect_PARM_5
    000003A4 A9 00            [ 2]  178 	lda	#0x00
    000003A6 AA               [ 2]  179 	tax
    000003A7 20r00r00         [ 6]  180 	jsr	_fill_bkg_rect
                                    181 ;	src/main.c: 35: set_bkg_data(0u, INCBIN_SIZE(logo_tiles_data) / TILE_BYTES, logo_tiles_data);
    000003AA A2s00            [ 2]  182 	ldx	#>___size_logo_tiles_data
    000003AC A9r00            [ 2]  183 	lda	#___size_logo_tiles_data
    000003AE 86*00            [ 3]  184 	stx	*(REGTEMP+0)
    000003B0 46*00            [ 5]  185 	lsr	*(REGTEMP+0)
    000003B2 6A               [ 2]  186 	ror	a
    000003B3 46*00            [ 5]  187 	lsr	*(REGTEMP+0)
    000003B5 6A               [ 2]  188 	ror	a
    000003B6 46*00            [ 5]  189 	lsr	*(REGTEMP+0)
    000003B8 6A               [ 2]  190 	ror	a
    000003B9 46*00            [ 5]  191 	lsr	*(REGTEMP+0)
    000003BB 6A               [ 2]  192 	ror	a
    000003BC A2s00            [ 2]  193 	ldx	#>_logo_tiles_data
    000003BE 8Er01r00         [ 4]  194 	stx	(_set_bkg_data_PARM_3 + 1)
    000003C1 A2r00            [ 2]  195 	ldx	#_logo_tiles_data
    000003C3 8Er00r00         [ 4]  196 	stx	_set_bkg_data_PARM_3
    000003C6 AA               [ 2]  197 	tax
    000003C7 A9 00            [ 2]  198 	lda	#0x00
    000003C9 20r00r00         [ 6]  199 	jsr	_set_bkg_data
                                    200 ;	src/main.c: 38: logo_map);
    000003CC A9s03            [ 2]  201 	lda	#>_logo_map
    000003CE 8Dr01r00         [ 4]  202 	sta	(_set_bkg_tiles_PARM_5 + 1)
    000003D1 A9r20            [ 2]  203 	lda	#_logo_map
    000003D3 8Dr00r00         [ 4]  204 	sta	_set_bkg_tiles_PARM_5
    000003D6 A2 07            [ 2]  205 	ldx	#0x07
    000003D8 8Er00r00         [ 4]  206 	stx	_set_bkg_tiles_PARM_3
    000003DB A2 0C            [ 2]  207 	ldx	#0x0c
    000003DD 8Er00r00         [ 4]  208 	stx	_set_bkg_tiles_PARM_4
    000003E0 A9 06            [ 2]  209 	lda	#0x06
    000003E2 A2 03            [ 2]  210 	ldx	#0x03
    000003E4 20r00r00         [ 6]  211 	jsr	_set_bkg_tiles
                                    212 ;	src/main.c: 41: SHOW_BKG;
    000003E7 ADr00r00         [ 4]  213 	lda	_shadow_PPUMASK
    000003EA 09 08            [ 2]  214 	ora	#0x08
    000003EC 8Dr00r00         [ 4]  215 	sta	_shadow_PPUMASK
                                    216 ;	src/main.c: 42: }
    000003EF 60               [ 6]  217 	rts
                                    218 ;------------------------------------------------------------
                                    219 ;Allocation info for local variables in function 'main'
                                    220 ;------------------------------------------------------------
                                    221 ;	src/main.c: 46: void main(void)
                                    222 ;	-----------------------------------------
                                    223 ;	 function main
                                    224 ;	-----------------------------------------
                                    225 ;	Register assignment is optimal.
                                    226 ;	Stack space usage: 0 bytes.
    000003F0                        227 _main:
                                    228 ;	src/main.c: 48: init_gfx();
    000003F0 20r84r03         [ 6]  229 	jsr	_init_gfx
                                    230 ;	src/main.c: 51: while(1) {
    000003F3                        231 00102$:
                                    232 ;	src/main.c: 56: vsync();
    000003F3 20r00r00         [ 6]  233 	jsr	_vsync
    000003F6 4CrF3r03         [ 3]  234 	jmp	00102$
                                    235 ;	src/main.c: 58: }
    000003F9 60               [ 6]  236 	rts
                                    237 	.area _CODE
                                    238 	.area _XINIT
                                    239 	.area _CABS    (ABS)
