                                      1 ;--------------------------------------------------------
                                      2 ; File Created by SDCC : free open source ISO C Compiler 
                                      3 ; Version 4.4.1 #14650 (Linux)
                                      4 ;--------------------------------------------------------
                                      5 	.module bank_ba0_bo2
                                      6 	.optsdcc -mz80
                                      7 	
                                      8 ;--------------------------------------------------------
                                      9 ; Public variables in this module
                                     10 ;--------------------------------------------------------
                                     11 	.globl b_bank_2
                                     12 	.globl _bank_2
                                     13 	.globl _puts
                                     14 	.globl _var_2
                                     15 ;--------------------------------------------------------
                                     16 ; special function registers
                                     17 ;--------------------------------------------------------
                         00000000    18 _GG_STATE	=	0x0000
                         00000001    19 _GG_EXT_7BIT	=	0x0001
                         00000002    20 _GG_EXT_CTL	=	0x0002
                         00000003    21 _GG_SIO_SEND	=	0x0003
                         00000004    22 _GG_SIO_RECV	=	0x0004
                         00000005    23 _GG_SIO_CTL	=	0x0005
                         00000006    24 _GG_SOUND_PAN	=	0x0006
                         0000003E    25 _MEMORY_CTL	=	0x003e
                         0000003F    26 _JOY_CTL	=	0x003f
                         0000007E    27 _VCOUNTER	=	0x007e
                         0000007F    28 _PSG	=	0x007f
                         0000007F    29 _HCOUNTER	=	0x007f
                         000000BE    30 _VDP_DATA	=	0x00be
                         000000BF    31 _VDP_CMD	=	0x00bf
                         000000BF    32 _VDP_STATUS	=	0x00bf
                         000000DC    33 _JOY_PORT1	=	0x00dc
                         000000DD    34 _JOY_PORT2	=	0x00dd
                         000000F0    35 _FMADDRESS	=	0x00f0
                         000000F1    36 _FMDATA	=	0x00f1
                         000000F2    37 _AUDIOCTRL	=	0x00f2
                                     38 ;--------------------------------------------------------
                                     39 ; ram data
                                     40 ;--------------------------------------------------------
                                     41 	.area _DATA_0
                         0000FFFC    42 _RAM_CONTROL	=	0xfffc
                         0000FFF8    43 _GLASSES_3D	=	0xfff8
                         0000FFFD    44 _MAP_FRAME0	=	0xfffd
                         0000FFFE    45 _MAP_FRAME1	=	0xfffe
                         0000FFFF    46 _MAP_FRAME2	=	0xffff
    00000000                         47 _var_2::
    00000000                         48 	.ds 2
                                     49 ;--------------------------------------------------------
                                     50 ; ram data
                                     51 ;--------------------------------------------------------
                                     52 	.area _INITIALIZED
                                     53 ;--------------------------------------------------------
                                     54 ; absolute external ram data
                                     55 ;--------------------------------------------------------
                                     56 	.area _DABS (ABS)
                                     57 ;--------------------------------------------------------
                                     58 ; global & static initialisations
                                     59 ;--------------------------------------------------------
                                     60 	.area _HOME
                                     61 	.area _GSINIT
                                     62 	.area _GSFINAL
                                     63 	.area _GSINIT
                                     64 ;--------------------------------------------------------
                                     65 ; Home
                                     66 ;--------------------------------------------------------
                                     67 	.area _HOME
                                     68 	.area _HOME
                                     69 ;--------------------------------------------------------
                                     70 ; code
                                     71 ;--------------------------------------------------------
                                     72 	.area _CODE_2
                                     73 ;src/bank.ba0.bo2.c:7: void bank_2(void) BANKED /* In ROM bank 2 */
                                     74 ;	---------------------------------
                                     75 ; Function bank_2
                                     76 ; ---------------------------------
                         00000002    77 	b_bank_2	= 2
    00000000                         78 _bank_2::
                                     79 ;src/bank.ba0.bo2.c:9: puts("I'm in ROM bank 2");
    00000000 21r06r00         [10]   80 	ld	hl, #___str_0
                                     81 ;src/bank.ba0.bo2.c:10: }
    00000003 C3r00r00         [10]   82 	jp	_puts
    00000006                         83 ___str_0:
    00000006 49 27 6D 20 69 6E 20    84 	.ascii "I'm in ROM bank 2"
             52 4F 4D 20 62 61 6E
             6B 20 32
    00000017 00                      85 	.db 0x00
                                     86 	.area _CODE_2
                                     87 	.area _INITIALIZER
                                     88 	.area _CABS (ABS)
