                                      1 ;--------------------------------------------------------
                                      2 ; File Created by SDCC : free open source ISO C Compiler 
                                      3 ; Version 4.4.1 #14650 (Linux)
                                      4 ;--------------------------------------------------------
                                      5 	.module bank_ba0_bo0
                                      6 	.optsdcc -mz80
                                      7 	
                                      8 ;--------------------------------------------------------
                                      9 ; Public variables in this module
                                     10 ;--------------------------------------------------------
                                     11 	.globl _var_0
                                     12 ;--------------------------------------------------------
                                     13 ; special function registers
                                     14 ;--------------------------------------------------------
                         00000000    15 _GG_STATE	=	0x0000
                         00000001    16 _GG_EXT_7BIT	=	0x0001
                         00000002    17 _GG_EXT_CTL	=	0x0002
                         00000003    18 _GG_SIO_SEND	=	0x0003
                         00000004    19 _GG_SIO_RECV	=	0x0004
                         00000005    20 _GG_SIO_CTL	=	0x0005
                         00000006    21 _GG_SOUND_PAN	=	0x0006
                         0000003E    22 _MEMORY_CTL	=	0x003e
                         0000003F    23 _JOY_CTL	=	0x003f
                         0000007E    24 _VCOUNTER	=	0x007e
                         0000007F    25 _PSG	=	0x007f
                         0000007F    26 _HCOUNTER	=	0x007f
                         000000BE    27 _VDP_DATA	=	0x00be
                         000000BF    28 _VDP_CMD	=	0x00bf
                         000000BF    29 _VDP_STATUS	=	0x00bf
                         000000DC    30 _JOY_PORT1	=	0x00dc
                         000000DD    31 _JOY_PORT2	=	0x00dd
                         000000F0    32 _FMADDRESS	=	0x00f0
                         000000F1    33 _FMDATA	=	0x00f1
                         000000F2    34 _AUDIOCTRL	=	0x00f2
                                     35 ;--------------------------------------------------------
                                     36 ; ram data
                                     37 ;--------------------------------------------------------
                                     38 	.area _DATA_0
                         0000FFFC    39 _RAM_CONTROL	=	0xfffc
                         0000FFF8    40 _GLASSES_3D	=	0xfff8
                         0000FFFD    41 _MAP_FRAME0	=	0xfffd
                         0000FFFE    42 _MAP_FRAME1	=	0xfffe
                         0000FFFF    43 _MAP_FRAME2	=	0xffff
    00000000                         44 _var_0::
    00000000                         45 	.ds 2
                                     46 ;--------------------------------------------------------
                                     47 ; ram data
                                     48 ;--------------------------------------------------------
                                     49 	.area _INITIALIZED
                                     50 ;--------------------------------------------------------
                                     51 ; absolute external ram data
                                     52 ;--------------------------------------------------------
                                     53 	.area _DABS (ABS)
                                     54 ;--------------------------------------------------------
                                     55 ; global & static initialisations
                                     56 ;--------------------------------------------------------
                                     57 	.area _HOME
                                     58 	.area _GSINIT
                                     59 	.area _GSFINAL
                                     60 	.area _GSINIT
                                     61 ;--------------------------------------------------------
                                     62 ; Home
                                     63 ;--------------------------------------------------------
                                     64 	.area _HOME
                                     65 	.area _HOME
                                     66 ;--------------------------------------------------------
                                     67 ; code
                                     68 ;--------------------------------------------------------
                                     69 	.area _CODE_0
                                     70 	.area _CODE_0
                                     71 	.area _INITIALIZER
                                     72 	.area _CABS (ABS)
