                                      1 ;--------------------------------------------------------
                                      2 ; File Created by SDCC : free open source ISO C Compiler 
                                      3 ; Version 4.4.1 #14650 (Linux)
                                      4 ;--------------------------------------------------------
                                      5 	.module sprite
                                      6 	.optsdcc -mmos6502
                                      7 	
                                      8 ;; Ordering of segments for the linker.
                                      9 	.area _ZP      (PAG)
                                     10 	.area _OSEG    (PAG, OVR)
                                     11 	.area _HOME
                                     12 	.area _GSINIT
                                     13 	.area _GSFINAL
                                     14 	.area _CODE
                                     15 	.area _XINIT
                                     16 	.area _DATA
                                     17 	.area _DATA
                                     18 	.area _BSS
                                     19 ;--------------------------------------------------------
                                     20 ; Public variables in this module
                                     21 ;--------------------------------------------------------
                                     22 	.globl _sprite_metasprites
                                     23 	.globl _sprite_metasprite4
                                     24 	.globl _sprite_metasprite3
                                     25 	.globl _sprite_metasprite2
                                     26 	.globl _sprite_metasprite1
                                     27 	.globl _sprite_metasprite0
                                     28 	.globl _sprite_tiles
                                     29 	.globl _sprite_palettes
                                     30 	.globl b___func_sprite
                                     31 	.globl ___func_sprite
                                     32 	.globl _OAMDMA
                                     33 	.globl _PPUDATA
                                     34 	.globl _PPUADDR
                                     35 	.globl _PPUSCROLL
                                     36 	.globl _OAMDATA
                                     37 	.globl _OAMADDR
                                     38 	.globl _PPUSTATUS
                                     39 	.globl _PPUMASK
                                     40 	.globl _PPUCTRL
                                     41 ;--------------------------------------------------------
                                     42 ; ZP ram data
                                     43 ;--------------------------------------------------------
                                     44 	.area _ZP      (PAG)
                                     45 ;--------------------------------------------------------
                                     46 ; overlayable items in ram
                                     47 ;--------------------------------------------------------
                                     48 ;--------------------------------------------------------
                                     49 ; uninitialized external ram data
                                     50 ;--------------------------------------------------------
                                     51 	.area _BSS
                         00002000    52 _PPUCTRL	=	0x2000
                         00002001    53 _PPUMASK	=	0x2001
                         00002002    54 _PPUSTATUS	=	0x2002
                         00002003    55 _OAMADDR	=	0x2003
                         00002004    56 _OAMDATA	=	0x2004
                         00002005    57 _PPUSCROLL	=	0x2005
                         00002006    58 _PPUADDR	=	0x2006
                         00002007    59 _PPUDATA	=	0x2007
                         00004014    60 _OAMDMA	=	0x4014
                                     61 ;--------------------------------------------------------
                                     62 ; absolute external ram data
                                     63 ;--------------------------------------------------------
                                     64 	.area _DABS    (ABS)
                                     65 ;--------------------------------------------------------
                                     66 ; initialized external ram data
                                     67 ;--------------------------------------------------------
                                     68 	.area _DATA
                                     69 ;--------------------------------------------------------
                                     70 ; global & static initialisations
                                     71 ;--------------------------------------------------------
                                     72 	.area _HOME
                                     73 	.area _GSINIT
                                     74 	.area _GSFINAL
                                     75 	.area _GSINIT
                                     76 ;--------------------------------------------------------
                                     77 ; Home
                                     78 ;--------------------------------------------------------
                                     79 	.area _HOME
                                     80 	.area _HOME
                                     81 ;--------------------------------------------------------
                                     82 ; code
                                     83 ;--------------------------------------------------------
                                     84 	.area _CODE
                                     85 ;------------------------------------------------------------
                                     86 ;Allocation info for local variables in function '__func_sprite'
                                     87 ;------------------------------------------------------------
                                     88 ;	obj/nes/res/sprite.c: 7: BANKREF(sprite)
                                     89 ;	-----------------------------------------
                                     90 ;	 function __func_sprite
                                     91 ;	-----------------------------------------
                                     92 ;	Register assignment is optimal.
                                     93 ;	Stack space usage: 0 bytes.
                         00000000    94 	b___func_sprite	= 0
    00000000                         95 ___func_sprite:
                                     96 ;	naked function: no prologue.
                                     97 		.local b___func_sprite 
                         00000000    98 	 ___bank_sprite = b___func_sprite 
                                     99 	 .globl ___bank_sprite 
                                    100 ;	naked function: no epilogue.
                                    101 	.area _CODE
    00000000                        102 _sprite_palettes:
    00000000 20                     103 	.db #0x20	; 32
    00000001 20                     104 	.db #0x20	; 32
    00000002 39                     105 	.db #0x39	; 57	'9'
    00000003 1D                     106 	.db #0x1d	; 29
    00000004                        107 _sprite_tiles:
    00000004 00                     108 	.db #0x00	; 0
    00000005 00                     109 	.db #0x00	; 0
    00000006 00                     110 	.db #0x00	; 0
    00000007 00                     111 	.db #0x00	; 0
    00000008 00                     112 	.db #0x00	; 0
    00000009 00                     113 	.db #0x00	; 0
    0000000A 03                     114 	.db #0x03	; 3
    0000000B 03                     115 	.db #0x03	; 3
    0000000C 0D                     116 	.db #0x0d	; 13
    0000000D 0E                     117 	.db #0x0e	; 14
    0000000E 1F                     118 	.db #0x1f	; 31
    0000000F 10                     119 	.db #0x10	; 16
    00000010 3F                     120 	.db #0x3f	; 63
    00000011 20                     121 	.db #0x20	; 32
    00000012 3F                     122 	.db #0x3f	; 63
    00000013 20                     123 	.db #0x20	; 32
    00000014 00                     124 	.db #0x00	; 0
    00000015 00                     125 	.db #0x00	; 0
    00000016 03                     126 	.db #0x03	; 3
    00000017 03                     127 	.db #0x03	; 3
    00000018 FD                     128 	.db #0xfd	; 253
    00000019 FE                     129 	.db #0xfe	; 254
    0000001A 3F                     130 	.db #0x3f	; 63
    0000001B C0                     131 	.db #0xc0	; 192
    0000001C FF                     132 	.db #0xff	; 255
    0000001D 0C                     133 	.db #0x0c	; 12
    0000001E FF                     134 	.db #0xff	; 255
    0000001F 13                     135 	.db #0x13	; 19
    00000020 F7                     136 	.db #0xf7	; 247
    00000021 08                     137 	.db #0x08	; 8
    00000022 C1                     138 	.db #0xc1	; 193
    00000023 3E                     139 	.db #0x3e	; 62
    00000024 7F                     140 	.db #0x7f	; 127
    00000025 7F                     141 	.db #0x7f	; 127
    00000026 9F                     142 	.db #0x9f	; 159
    00000027 E0                     143 	.db #0xe0	; 224
    00000028 FF                     144 	.db #0xff	; 255
    00000029 00                     145 	.db #0x00	; 0
    0000002A FF                     146 	.db #0xff	; 255
    0000002B 00                     147 	.db #0x00	; 0
    0000002C FF                     148 	.db #0xff	; 255
    0000002D 00                     149 	.db #0x00	; 0
    0000002E FF                     150 	.db #0xff	; 255
    0000002F 00                     151 	.db #0x00	; 0
    00000030 FF                     152 	.db #0xff	; 255
    00000031 80                     153 	.db #0x80	; 128
    00000032 FF                     154 	.db #0xff	; 255
    00000033 40                     155 	.db #0x40	; 64
    00000034 F0                     156 	.db #0xf0	; 240
    00000035 F0                     157 	.db #0xf0	; 240
    00000036 CF                     158 	.db #0xcf	; 207
    00000037 3F                     159 	.db #0x3f	; 63
    00000038 FF                     160 	.db #0xff	; 255
    00000039 00                     161 	.db #0x00	; 0
    0000003A FF                     162 	.db #0xff	; 255
    0000003B 00                     163 	.db #0x00	; 0
    0000003C FF                     164 	.db #0xff	; 255
    0000003D 00                     165 	.db #0x00	; 0
    0000003E FF                     166 	.db #0xff	; 255
    0000003F 00                     167 	.db #0x00	; 0
    00000040 FF                     168 	.db #0xff	; 255
    00000041 00                     169 	.db #0x00	; 0
    00000042 FF                     170 	.db #0xff	; 255
    00000043 00                     171 	.db #0x00	; 0
    00000044 00                     172 	.db #0x00	; 0
    00000045 00                     173 	.db #0x00	; 0
    00000046 C0                     174 	.db #0xc0	; 192
    00000047 C0                     175 	.db #0xc0	; 192
    00000048 3C                     176 	.db #0x3c	; 60
    00000049 FC                     177 	.db #0xfc	; 252
    0000004A F3                     178 	.db #0xf3	; 243
    0000004B 0F                     179 	.db #0x0f	; 15
    0000004C FF                     180 	.db #0xff	; 255
    0000004D 00                     181 	.db #0x00	; 0
    0000004E FF                     182 	.db #0xff	; 255
    0000004F 00                     183 	.db #0x00	; 0
    00000050 FF                     184 	.db #0xff	; 255
    00000051 00                     185 	.db #0x00	; 0
    00000052 FF                     186 	.db #0xff	; 255
    00000053 00                     187 	.db #0x00	; 0
    00000054 00                     188 	.db #0x00	; 0
    00000055 00                     189 	.db #0x00	; 0
    00000056 00                     190 	.db #0x00	; 0
    00000057 00                     191 	.db #0x00	; 0
    00000058 00                     192 	.db #0x00	; 0
    00000059 00                     193 	.db #0x00	; 0
    0000005A C0                     194 	.db #0xc0	; 192
    0000005B C0                     195 	.db #0xc0	; 192
    0000005C B0                     196 	.db #0xb0	; 176
    0000005D 70                     197 	.db #0x70	; 112	'p'
    0000005E F8                     198 	.db #0xf8	; 248
    0000005F 08                     199 	.db #0x08	; 8
    00000060 FC                     200 	.db #0xfc	; 252
    00000061 04                     201 	.db #0x04	; 4
    00000062 FC                     202 	.db #0xfc	; 252
    00000063 04                     203 	.db #0x04	; 4
    00000064 3F                     204 	.db #0x3f	; 63
    00000065 20                     205 	.db #0x20	; 32
    00000066 3F                     206 	.db #0x3f	; 63
    00000067 20                     207 	.db #0x20	; 32
    00000068 3F                     208 	.db #0x3f	; 63
    00000069 20                     209 	.db #0x20	; 32
    0000006A 3F                     210 	.db #0x3f	; 63
    0000006B 20                     211 	.db #0x20	; 32
    0000006C 3F                     212 	.db #0x3f	; 63
    0000006D 20                     213 	.db #0x20	; 32
    0000006E 3F                     214 	.db #0x3f	; 63
    0000006F 23                     215 	.db #0x23	; 35
    00000070 3D                     216 	.db #0x3d	; 61
    00000071 23                     217 	.db #0x23	; 35
    00000072 5E                     218 	.db #0x5e	; 94
    00000073 61                     219 	.db #0x61	; 97	'a'
    00000074 C0                     220 	.db #0xc0	; 192
    00000075 3F                     221 	.db #0x3f	; 63
    00000076 C0                     222 	.db #0xc0	; 192
    00000077 3F                     223 	.db #0x3f	; 63
    00000078 C0                     224 	.db #0xc0	; 192
    00000079 3F                     225 	.db #0x3f	; 63
    0000007A CF                     226 	.db #0xcf	; 207
    0000007B 30                     227 	.db #0x30	; 48	'0'
    0000007C FF                     228 	.db #0xff	; 255
    0000007D 08                     229 	.db #0x08	; 8
    0000007E BF                     230 	.db #0xbf	; 191
    0000007F C4                     231 	.db #0xc4	; 196
    00000080 E7                     232 	.db #0xe7	; 231
    00000081 DC                     233 	.db #0xdc	; 220
    00000082 07                     234 	.db #0x07	; 7
    00000083 FC                     235 	.db #0xfc	; 252
    00000084 FF                     236 	.db #0xff	; 255
    00000085 20                     237 	.db #0x20	; 32
    00000086 7F                     238 	.db #0x7f	; 127
    00000087 A0                     239 	.db #0xa0	; 160
    00000088 7F                     240 	.db #0x7f	; 127
    00000089 90                     241 	.db #0x90	; 144
    0000008A FF                     242 	.db #0xff	; 255
    0000008B 10                     243 	.db #0x10	; 16
    0000008C FF                     244 	.db #0xff	; 255
    0000008D 10                     245 	.db #0x10	; 16
    0000008E DF                     246 	.db #0xdf	; 223
    0000008F 30                     247 	.db #0x30	; 48	'0'
    00000090 FF                     248 	.db #0xff	; 255
    00000091 60                     249 	.db #0x60	; 96
    00000092 BF                     250 	.db #0xbf	; 191
    00000093 C0                     251 	.db #0xc0	; 192
    00000094 FF                     252 	.db #0xff	; 255
    00000095 00                     253 	.db #0x00	; 0
    00000096 FF                     254 	.db #0xff	; 255
    00000097 00                     255 	.db #0x00	; 0
    00000098 FF                     256 	.db #0xff	; 255
    00000099 00                     257 	.db #0x00	; 0
    0000009A FF                     258 	.db #0xff	; 255
    0000009B 00                     259 	.db #0x00	; 0
    0000009C FF                     260 	.db #0xff	; 255
    0000009D 00                     261 	.db #0x00	; 0
    0000009E FF                     262 	.db #0xff	; 255
    0000009F 00                     263 	.db #0x00	; 0
    000000A0 FF                     264 	.db #0xff	; 255
    000000A1 00                     265 	.db #0x00	; 0
    000000A2 3F                     266 	.db #0x3f	; 63
    000000A3 C0                     267 	.db #0xc0	; 192
    000000A4 FF                     268 	.db #0xff	; 255
    000000A5 00                     269 	.db #0x00	; 0
    000000A6 FF                     270 	.db #0xff	; 255
    000000A7 00                     271 	.db #0x00	; 0
    000000A8 FF                     272 	.db #0xff	; 255
    000000A9 00                     273 	.db #0x00	; 0
    000000AA FF                     274 	.db #0xff	; 255
    000000AB 00                     275 	.db #0x00	; 0
    000000AC FF                     276 	.db #0xff	; 255
    000000AD 00                     277 	.db #0x00	; 0
    000000AE FF                     278 	.db #0xff	; 255
    000000AF 00                     279 	.db #0x00	; 0
    000000B0 FF                     280 	.db #0xff	; 255
    000000B1 00                     281 	.db #0x00	; 0
    000000B2 FC                     282 	.db #0xfc	; 252
    000000B3 03                     283 	.db #0x03	; 3
    000000B4 FE                     284 	.db #0xfe	; 254
    000000B5 02                     285 	.db #0x02	; 2
    000000B6 FE                     286 	.db #0xfe	; 254
    000000B7 02                     287 	.db #0x02	; 2
    000000B8 FD                     288 	.db #0xfd	; 253
    000000B9 03                     289 	.db #0x03	; 3
    000000BA FF                     290 	.db #0xff	; 255
    000000BB 01                     291 	.db #0x01	; 1
    000000BC FF                     292 	.db #0xff	; 255
    000000BD 01                     293 	.db #0x01	; 1
    000000BE FF                     294 	.db #0xff	; 255
    000000BF 01                     295 	.db #0x01	; 1
    000000C0 FF                     296 	.db #0xff	; 255
    000000C1 00                     297 	.db #0x00	; 0
    000000C2 7F                     298 	.db #0x7f	; 127
    000000C3 80                     299 	.db #0x80	; 128
    000000C4 00                     300 	.db #0x00	; 0
    000000C5 00                     301 	.db #0x00	; 0
    000000C6 00                     302 	.db #0x00	; 0
    000000C7 00                     303 	.db #0x00	; 0
    000000C8 00                     304 	.db #0x00	; 0
    000000C9 00                     305 	.db #0x00	; 0
    000000CA 00                     306 	.db #0x00	; 0
    000000CB 00                     307 	.db #0x00	; 0
    000000CC 00                     308 	.db #0x00	; 0
    000000CD 00                     309 	.db #0x00	; 0
    000000CE 00                     310 	.db #0x00	; 0
    000000CF 00                     311 	.db #0x00	; 0
    000000D0 80                     312 	.db #0x80	; 128
    000000D1 80                     313 	.db #0x80	; 128
    000000D2 80                     314 	.db #0x80	; 128
    000000D3 80                     315 	.db #0x80	; 128
    000000D4 5E                     316 	.db #0x5e	; 94
    000000D5 61                     317 	.db #0x61	; 97	'a'
    000000D6 7C                     318 	.db #0x7c	; 124
    000000D7 43                     319 	.db #0x43	; 67	'C'
    000000D8 78                     320 	.db #0x78	; 120	'x'
    000000D9 47                     321 	.db #0x47	; 71	'G'
    000000DA 79                     322 	.db #0x79	; 121	'y'
    000000DB 47                     323 	.db #0x47	; 71	'G'
    000000DC BB                     324 	.db #0xbb	; 187
    000000DD C7                     325 	.db #0xc7	; 199
    000000DE B3                     326 	.db #0xb3	; 179
    000000DF CF                     327 	.db #0xcf	; 207
    000000E0 F2                     328 	.db #0xf2	; 242
    000000E1 8E                     329 	.db #0x8e	; 142
    000000E2 F4                     330 	.db #0xf4	; 244
    000000E3 8C                     331 	.db #0x8c	; 140
    000000E4 02                     332 	.db #0x02	; 2
    000000E5 FF                     333 	.db #0xff	; 255
    000000E6 03                     334 	.db #0x03	; 3
    000000E7 FF                     335 	.db #0xff	; 255
    000000E8 00                     336 	.db #0x00	; 0
    000000E9 FF                     337 	.db #0xff	; 255
    000000EA 87                     338 	.db #0x87	; 135
    000000EB FF                     339 	.db #0xff	; 255
    000000EC FF                     340 	.db #0xff	; 255
    000000ED FF                     341 	.db #0xff	; 255
    000000EE C1                     342 	.db #0xc1	; 193
    000000EF C1                     343 	.db #0xc1	; 193
    000000F0 01                     344 	.db #0x01	; 1
    000000F1 01                     345 	.db #0x01	; 1
    000000F2 00                     346 	.db #0x00	; 0
    000000F3 00                     347 	.db #0x00	; 0
    000000F4 BD                     348 	.db #0xbd	; 189
    000000F5 C2                     349 	.db #0xc2	; 194
    000000F6 3C                     350 	.db #0x3c	; 60
    000000F7 C3                     351 	.db #0xc3	; 195
    000000F8 7E                     352 	.db #0x7e	; 126
    000000F9 81                     353 	.db #0x81	; 129
    000000FA FF                     354 	.db #0xff	; 255
    000000FB 80                     355 	.db #0x80	; 128
    000000FC FF                     356 	.db #0xff	; 255
    000000FD 80                     357 	.db #0x80	; 128
    000000FE BF                     358 	.db #0xbf	; 191
    000000FF C0                     359 	.db #0xc0	; 192
    00000100 FF                     360 	.db #0xff	; 255
    00000101 C0                     361 	.db #0xc0	; 192
    00000102 FF                     362 	.db #0xff	; 255
    00000103 C0                     363 	.db #0xc0	; 192
    00000104 07                     364 	.db #0x07	; 7
    00000105 F8                     365 	.db #0xf8	; 248
    00000106 00                     366 	.db #0x00	; 0
    00000107 FF                     367 	.db #0xff	; 255
    00000108 00                     368 	.db #0x00	; 0
    00000109 FF                     369 	.db #0xff	; 255
    0000010A 00                     370 	.db #0x00	; 0
    0000010B FF                     371 	.db #0xff	; 255
    0000010C 00                     372 	.db #0x00	; 0
    0000010D FF                     373 	.db #0xff	; 255
    0000010E 00                     374 	.db #0x00	; 0
    0000010F FF                     375 	.db #0xff	; 255
    00000110 40                     376 	.db #0x40	; 64
    00000111 FF                     377 	.db #0xff	; 255
    00000112 40                     378 	.db #0x40	; 64
    00000113 FF                     379 	.db #0xff	; 255
    00000114 E0                     380 	.db #0xe0	; 224
    00000115 1F                     381 	.db #0x1f	; 31
    00000116 00                     382 	.db #0x00	; 0
    00000117 FF                     383 	.db #0xff	; 255
    00000118 00                     384 	.db #0x00	; 0
    00000119 FF                     385 	.db #0xff	; 255
    0000011A 00                     386 	.db #0x00	; 0
    0000011B FF                     387 	.db #0xff	; 255
    0000011C 00                     388 	.db #0x00	; 0
    0000011D FF                     389 	.db #0xff	; 255
    0000011E 00                     390 	.db #0x00	; 0
    0000011F FF                     391 	.db #0xff	; 255
    00000120 02                     392 	.db #0x02	; 2
    00000121 FF                     393 	.db #0xff	; 255
    00000122 02                     394 	.db #0x02	; 2
    00000123 FF                     395 	.db #0xff	; 255
    00000124 7F                     396 	.db #0x7f	; 127
    00000125 80                     397 	.db #0x80	; 128
    00000126 FF                     398 	.db #0xff	; 255
    00000127 00                     399 	.db #0x00	; 0
    00000128 FE                     400 	.db #0xfe	; 254
    00000129 01                     401 	.db #0x01	; 1
    0000012A FF                     402 	.db #0xff	; 255
    0000012B 01                     403 	.db #0x01	; 1
    0000012C FD                     404 	.db #0xfd	; 253
    0000012D 03                     405 	.db #0x03	; 3
    0000012E FD                     406 	.db #0xfd	; 253
    0000012F 03                     407 	.db #0x03	; 3
    00000130 79                     408 	.db #0x79	; 121	'y'
    00000131 87                     409 	.db #0x87	; 135
    00000132 71                     410 	.db #0x71	; 113	'q'
    00000133 8F                     411 	.db #0x8f	; 143
    00000134 40                     412 	.db #0x40	; 64
    00000135 C0                     413 	.db #0xc0	; 192
    00000136 C0                     414 	.db #0xc0	; 192
    00000137 40                     415 	.db #0x40	; 64
    00000138 C0                     416 	.db #0xc0	; 192
    00000139 40                     417 	.db #0x40	; 64
    0000013A C0                     418 	.db #0xc0	; 192
    0000013B 40                     419 	.db #0x40	; 64
    0000013C E0                     420 	.db #0xe0	; 224
    0000013D 20                     421 	.db #0x20	; 32
    0000013E 60                     422 	.db #0x60	; 96
    0000013F A0                     423 	.db #0xa0	; 160
    00000140 60                     424 	.db #0x60	; 96
    00000141 A0                     425 	.db #0xa0	; 160
    00000142 A0                     426 	.db #0xa0	; 160
    00000143 E0                     427 	.db #0xe0	; 224
    00000144 F4                     428 	.db #0xf4	; 244
    00000145 8C                     429 	.db #0x8c	; 140
    00000146 F4                     430 	.db #0xf4	; 244
    00000147 8C                     431 	.db #0x8c	; 140
    00000148 B4                     432 	.db #0xb4	; 180
    00000149 CC                     433 	.db #0xcc	; 204
    0000014A B8                     434 	.db #0xb8	; 184
    0000014B C8                     435 	.db #0xc8	; 200
    0000014C B8                     436 	.db #0xb8	; 184
    0000014D C8                     437 	.db #0xc8	; 200
    0000014E 78                     438 	.db #0x78	; 120	'x'
    0000014F 48                     439 	.db #0x48	; 72	'H'
    00000150 78                     440 	.db #0x78	; 120	'x'
    00000151 48                     441 	.db #0x48	; 72	'H'
    00000152 78                     442 	.db #0x78	; 120	'x'
    00000153 48                     443 	.db #0x48	; 72	'H'
    00000154 DF                     444 	.db #0xdf	; 223
    00000155 E0                     445 	.db #0xe0	; 224
    00000156 7F                     446 	.db #0x7f	; 127
    00000157 60                     447 	.db #0x60	; 96
    00000158 7E                     448 	.db #0x7e	; 126
    00000159 61                     449 	.db #0x61	; 97	'a'
    0000015A 6E                     450 	.db #0x6e	; 110	'n'
    0000015B 71                     451 	.db #0x71	; 113	'q'
    0000015C 7E                     452 	.db #0x7e	; 126
    0000015D 71                     453 	.db #0x71	; 113	'q'
    0000015E 7C                     454 	.db #0x7c	; 124
    0000015F 73                     455 	.db #0x73	; 115	's'
    00000160 70                     456 	.db #0x70	; 112	'p'
    00000161 7F                     457 	.db #0x7f	; 127
    00000162 78                     458 	.db #0x78	; 120	'x'
    00000163 7F                     459 	.db #0x7f	; 127
    00000164 70                     460 	.db #0x70	; 112	'p'
    00000165 FF                     461 	.db #0xff	; 255
    00000166 4F                     462 	.db #0x4f	; 79	'O'
    00000167 CF                     463 	.db #0xcf	; 207
    00000168 41                     464 	.db #0x41	; 65	'A'
    00000169 C1                     465 	.db #0xc1	; 193
    0000016A 40                     466 	.db #0x40	; 64
    0000016B C0                     467 	.db #0xc0	; 192
    0000016C 40                     468 	.db #0x40	; 64
    0000016D C0                     469 	.db #0xc0	; 192
    0000016E 40                     470 	.db #0x40	; 64
    0000016F C0                     471 	.db #0xc0	; 192
    00000170 20                     472 	.db #0x20	; 32
    00000171 E0                     473 	.db #0xe0	; 224
    00000172 20                     474 	.db #0x20	; 32
    00000173 E0                     475 	.db #0xe0	; 224
    00000174 02                     476 	.db #0x02	; 2
    00000175 FF                     477 	.db #0xff	; 255
    00000176 FE                     478 	.db #0xfe	; 254
    00000177 FF                     479 	.db #0xff	; 255
    00000178 FE                     480 	.db #0xfe	; 254
    00000179 FF                     481 	.db #0xff	; 255
    0000017A 3F                     482 	.db #0x3f	; 63
    0000017B 3F                     483 	.db #0x3f	; 63
    0000017C 3F                     484 	.db #0x3f	; 63
    0000017D 3F                     485 	.db #0x3f	; 63
    0000017E 3F                     486 	.db #0x3f	; 63
    0000017F 3F                     487 	.db #0x3f	; 63
    00000180 3F                     488 	.db #0x3f	; 63
    00000181 3F                     489 	.db #0x3f	; 63
    00000182 1F                     490 	.db #0x1f	; 31
    00000183 1F                     491 	.db #0x1f	; 31
    00000184 01                     492 	.db #0x01	; 1
    00000185 FF                     493 	.db #0xff	; 255
    00000186 01                     494 	.db #0x01	; 1
    00000187 FF                     495 	.db #0xff	; 255
    00000188 01                     496 	.db #0x01	; 1
    00000189 FF                     497 	.db #0xff	; 255
    0000018A 01                     498 	.db #0x01	; 1
    0000018B FF                     499 	.db #0xff	; 255
    0000018C 01                     500 	.db #0x01	; 1
    0000018D FF                     501 	.db #0xff	; 255
    0000018E 82                     502 	.db #0x82	; 130
    0000018F FE                     503 	.db #0xfe	; 254
    00000190 82                     504 	.db #0x82	; 130
    00000191 FE                     505 	.db #0xfe	; 254
    00000192 C2                     506 	.db #0xc2	; 194
    00000193 FE                     507 	.db #0xfe	; 254
    00000194 50                     508 	.db #0x50	; 80	'P'
    00000195 70                     509 	.db #0x70	; 112	'p'
    00000196 50                     510 	.db #0x50	; 80	'P'
    00000197 70                     511 	.db #0x70	; 112	'p'
    00000198 50                     512 	.db #0x50	; 80	'P'
    00000199 70                     513 	.db #0x70	; 112	'p'
    0000019A 50                     514 	.db #0x50	; 80	'P'
    0000019B 70                     515 	.db #0x70	; 112	'p'
    0000019C 30                     516 	.db #0x30	; 48	'0'
    0000019D 30                     517 	.db #0x30	; 48	'0'
    0000019E 20                     518 	.db #0x20	; 32
    0000019F 20                     519 	.db #0x20	; 32
    000001A0 00                     520 	.db #0x00	; 0
    000001A1 00                     521 	.db #0x00	; 0
    000001A2 00                     522 	.db #0x00	; 0
    000001A3 00                     523 	.db #0x00	; 0
    000001A4 74                     524 	.db #0x74	; 116	't'
    000001A5 4C                     525 	.db #0x4c	; 76	'L'
    000001A6 5C                     526 	.db #0x5c	; 92
    000001A7 64                     527 	.db #0x64	; 100	'd'
    000001A8 3C                     528 	.db #0x3c	; 60
    000001A9 24                     529 	.db #0x24	; 36
    000001AA 3E                     530 	.db #0x3e	; 62
    000001AB 22                     531 	.db #0x22	; 34
    000001AC 19                     532 	.db #0x19	; 25
    000001AD 17                     533 	.db #0x17	; 23
    000001AE 0B                     534 	.db #0x0b	; 11
    000001AF 0F                     535 	.db #0x0f	; 15
    000001B0 06                     536 	.db #0x06	; 6
    000001B1 06                     537 	.db #0x06	; 6
    000001B2 00                     538 	.db #0x00	; 0
    000001B3 00                     539 	.db #0x00	; 0
    000001B4 78                     540 	.db #0x78	; 120	'x'
    000001B5 7F                     541 	.db #0x7f	; 127
    000001B6 78                     542 	.db #0x78	; 120	'x'
    000001B7 7F                     543 	.db #0x7f	; 127
    000001B8 7C                     544 	.db #0x7c	; 124
    000001B9 7F                     545 	.db #0x7f	; 127
    000001BA 7C                     546 	.db #0x7c	; 124
    000001BB 7F                     547 	.db #0x7f	; 127
    000001BC 7C                     548 	.db #0x7c	; 124
    000001BD 7F                     549 	.db #0x7f	; 127
    000001BE FB                     550 	.db #0xfb	; 251
    000001BF FC                     551 	.db #0xfc	; 252
    000001C0 FB                     552 	.db #0xfb	; 251
    000001C1 FC                     553 	.db #0xfc	; 252
    000001C2 0F                     554 	.db #0x0f	; 15
    000001C3 0F                     555 	.db #0x0f	; 15
    000001C4 20                     556 	.db #0x20	; 32
    000001C5 E0                     557 	.db #0xe0	; 224
    000001C6 20                     558 	.db #0x20	; 32
    000001C7 E0                     559 	.db #0xe0	; 224
    000001C8 20                     560 	.db #0x20	; 32
    000001C9 E0                     561 	.db #0xe0	; 224
    000001CA 10                     562 	.db #0x10	; 16
    000001CB F0                     563 	.db #0xf0	; 240
    000001CC 10                     564 	.db #0x10	; 16
    000001CD F0                     565 	.db #0xf0	; 240
    000001CE 90                     566 	.db #0x90	; 144
    000001CF 70                     567 	.db #0x70	; 112	'p'
    000001D0 D0                     568 	.db #0xd0	; 208
    000001D1 30                     569 	.db #0x30	; 48	'0'
    000001D2 E0                     570 	.db #0xe0	; 224
    000001D3 E0                     571 	.db #0xe0	; 224
    000001D4 1F                     572 	.db #0x1f	; 31
    000001D5 1F                     573 	.db #0x1f	; 31
    000001D6 1F                     574 	.db #0x1f	; 31
    000001D7 1F                     575 	.db #0x1f	; 31
    000001D8 1F                     576 	.db #0x1f	; 31
    000001D9 1F                     577 	.db #0x1f	; 31
    000001DA 1F                     578 	.db #0x1f	; 31
    000001DB 1F                     579 	.db #0x1f	; 31
    000001DC 3F                     580 	.db #0x3f	; 63
    000001DD 3F                     581 	.db #0x3f	; 63
    000001DE 3F                     582 	.db #0x3f	; 63
    000001DF 3F                     583 	.db #0x3f	; 63
    000001E0 3F                     584 	.db #0x3f	; 63
    000001E1 3F                     585 	.db #0x3f	; 63
    000001E2 00                     586 	.db #0x00	; 0
    000001E3 00                     587 	.db #0x00	; 0
    000001E4 C2                     588 	.db #0xc2	; 194
    000001E5 FE                     589 	.db #0xfe	; 254
    000001E6 42                     590 	.db #0x42	; 66	'B'
    000001E7 7E                     591 	.db #0x7e	; 126
    000001E8 42                     592 	.db #0x42	; 66	'B'
    000001E9 7E                     593 	.db #0x7e	; 126
    000001EA 42                     594 	.db #0x42	; 66	'B'
    000001EB 7E                     595 	.db #0x7e	; 126
    000001EC 81                     596 	.db #0x81	; 129
    000001ED FF                     597 	.db #0xff	; 255
    000001EE B9                     598 	.db #0xb9	; 185
    000001EF C7                     599 	.db #0xc7	; 199
    000001F0 FD                     600 	.db #0xfd	; 253
    000001F1 83                     601 	.db #0x83	; 131
    000001F2 FE                     602 	.db #0xfe	; 254
    000001F3 FE                     603 	.db #0xfe	; 254
    000001F4 40                     604 	.db #0x40	; 64
    000001F5 C0                     605 	.db #0xc0	; 192
    000001F6 C0                     606 	.db #0xc0	; 192
    000001F7 40                     607 	.db #0x40	; 64
    000001F8 C0                     608 	.db #0xc0	; 192
    000001F9 40                     609 	.db #0x40	; 64
    000001FA E0                     610 	.db #0xe0	; 224
    000001FB 20                     611 	.db #0x20	; 32
    000001FC 60                     612 	.db #0x60	; 96
    000001FD A0                     613 	.db #0xa0	; 160
    000001FE B0                     614 	.db #0xb0	; 176
    000001FF D0                     615 	.db #0xd0	; 208
    00000200 70                     616 	.db #0x70	; 112	'p'
    00000201 50                     617 	.db #0x50	; 80	'P'
    00000202 50                     618 	.db #0x50	; 80	'P'
    00000203 70                     619 	.db #0x70	; 112	'p'
    00000204 00                     620 	.db #0x00	; 0
    00000205 00                     621 	.db #0x00	; 0
    00000206 00                     622 	.db #0x00	; 0
    00000207 00                     623 	.db #0x00	; 0
    00000208 00                     624 	.db #0x00	; 0
    00000209 00                     625 	.db #0x00	; 0
    0000020A 01                     626 	.db #0x01	; 1
    0000020B 01                     627 	.db #0x01	; 1
    0000020C 01                     628 	.db #0x01	; 1
    0000020D 01                     629 	.db #0x01	; 1
    0000020E 01                     630 	.db #0x01	; 1
    0000020F 01                     631 	.db #0x01	; 1
    00000210 01                     632 	.db #0x01	; 1
    00000211 01                     633 	.db #0x01	; 1
    00000212 01                     634 	.db #0x01	; 1
    00000213 01                     635 	.db #0x01	; 1
    00000214 F4                     636 	.db #0xf4	; 244
    00000215 8C                     637 	.db #0x8c	; 140
    00000216 F4                     638 	.db #0xf4	; 244
    00000217 8C                     639 	.db #0x8c	; 140
    00000218 F4                     640 	.db #0xf4	; 244
    00000219 8C                     641 	.db #0x8c	; 140
    0000021A 78                     642 	.db #0x78	; 120	'x'
    0000021B 88                     643 	.db #0x88	; 136
    0000021C E8                     644 	.db #0xe8	; 232
    0000021D 18                     645 	.db #0x18	; 24
    0000021E F0                     646 	.db #0xf0	; 240
    0000021F 10                     647 	.db #0x10	; 16
    00000220 F0                     648 	.db #0xf0	; 240
    00000221 10                     649 	.db #0x10	; 16
    00000222 F0                     650 	.db #0xf0	; 240
    00000223 10                     651 	.db #0x10	; 16
    00000224 38                     652 	.db #0x38	; 56	'8'
    00000225 28                     653 	.db #0x28	; 40
    00000226 38                     654 	.db #0x38	; 56	'8'
    00000227 28                     655 	.db #0x28	; 40
    00000228 28                     656 	.db #0x28	; 40
    00000229 38                     657 	.db #0x38	; 56	'8'
    0000022A 18                     658 	.db #0x18	; 24
    0000022B 18                     659 	.db #0x18	; 24
    0000022C 18                     660 	.db #0x18	; 24
    0000022D 18                     661 	.db #0x18	; 24
    0000022E 08                     662 	.db #0x08	; 8
    0000022F 08                     663 	.db #0x08	; 8
    00000230 00                     664 	.db #0x00	; 0
    00000231 00                     665 	.db #0x00	; 0
    00000232 00                     666 	.db #0x00	; 0
    00000233 00                     667 	.db #0x00	; 0
    00000234 01                     668 	.db #0x01	; 1
    00000235 01                     669 	.db #0x01	; 1
    00000236 00                     670 	.db #0x00	; 0
    00000237 00                     671 	.db #0x00	; 0
    00000238 00                     672 	.db #0x00	; 0
    00000239 00                     673 	.db #0x00	; 0
    0000023A 00                     674 	.db #0x00	; 0
    0000023B 00                     675 	.db #0x00	; 0
    0000023C 00                     676 	.db #0x00	; 0
    0000023D 00                     677 	.db #0x00	; 0
    0000023E 00                     678 	.db #0x00	; 0
    0000023F 00                     679 	.db #0x00	; 0
    00000240 00                     680 	.db #0x00	; 0
    00000241 00                     681 	.db #0x00	; 0
    00000242 00                     682 	.db #0x00	; 0
    00000243 00                     683 	.db #0x00	; 0
    00000244 70                     684 	.db #0x70	; 112	'p'
    00000245 90                     685 	.db #0x90	; 144
    00000246 F0                     686 	.db #0xf0	; 240
    00000247 90                     687 	.db #0x90	; 144
    00000248 E8                     688 	.db #0xe8	; 232
    00000249 98                     689 	.db #0x98	; 152
    0000024A 78                     690 	.db #0x78	; 120	'x'
    0000024B 48                     691 	.db #0x48	; 72	'H'
    0000024C 64                     692 	.db #0x64	; 100	'd'
    0000024D 5C                     693 	.db #0x5c	; 92
    0000024E 2C                     694 	.db #0x2c	; 44
    0000024F 3C                     695 	.db #0x3c	; 60
    00000250 18                     696 	.db #0x18	; 24
    00000251 18                     697 	.db #0x18	; 24
    00000252 00                     698 	.db #0x00	; 0
    00000253 00                     699 	.db #0x00	; 0
    00000254 40                     700 	.db #0x40	; 64
    00000255 C0                     701 	.db #0xc0	; 192
    00000256 C0                     702 	.db #0xc0	; 192
    00000257 40                     703 	.db #0x40	; 64
    00000258 E0                     704 	.db #0xe0	; 224
    00000259 20                     705 	.db #0x20	; 32
    0000025A E0                     706 	.db #0xe0	; 224
    0000025B 20                     707 	.db #0x20	; 32
    0000025C F0                     708 	.db #0xf0	; 240
    0000025D 90                     709 	.db #0x90	; 144
    0000025E B0                     710 	.db #0xb0	; 176
    0000025F D0                     711 	.db #0xd0	; 208
    00000260 78                     712 	.db #0x78	; 120	'x'
    00000261 48                     713 	.db #0x48	; 72	'H'
    00000262 34                     714 	.db #0x34	; 52	'4'
    00000263 2C                     715 	.db #0x2c	; 44
    00000264 01                     716 	.db #0x01	; 1
    00000265 01                     717 	.db #0x01	; 1
    00000266 01                     718 	.db #0x01	; 1
    00000267 01                     719 	.db #0x01	; 1
    00000268 01                     720 	.db #0x01	; 1
    00000269 01                     721 	.db #0x01	; 1
    0000026A 02                     722 	.db #0x02	; 2
    0000026B 03                     723 	.db #0x03	; 3
    0000026C 03                     724 	.db #0x03	; 3
    0000026D 02                     725 	.db #0x02	; 2
    0000026E 03                     726 	.db #0x03	; 3
    0000026F 02                     727 	.db #0x02	; 2
    00000270 05                     728 	.db #0x05	; 5
    00000271 06                     729 	.db #0x06	; 6
    00000272 07                     730 	.db #0x07	; 7
    00000273 04                     731 	.db #0x04	; 4
    00000274 74                     732 	.db #0x74	; 116	't'
    00000275 8C                     733 	.db #0x8c	; 140
    00000276 F4                     734 	.db #0xf4	; 244
    00000277 0C                     735 	.db #0x0c	; 12
    00000278 E8                     736 	.db #0xe8	; 232
    00000279 18                     737 	.db #0x18	; 24
    0000027A F8                     738 	.db #0xf8	; 248
    0000027B 18                     739 	.db #0x18	; 24
    0000027C D0                     740 	.db #0xd0	; 208
    0000027D 30                     741 	.db #0x30	; 48	'0'
    0000027E E0                     742 	.db #0xe0	; 224
    0000027F 20                     743 	.db #0x20	; 32
    00000280 C0                     744 	.db #0xc0	; 192
    00000281 40                     745 	.db #0x40	; 64
    00000282 40                     746 	.db #0x40	; 64
    00000283 C0                     747 	.db #0xc0	; 192
    00000284 1C                     748 	.db #0x1c	; 28
    00000285 14                     749 	.db #0x14	; 20
    00000286 0E                     750 	.db #0x0e	; 14
    00000287 0A                     751 	.db #0x0a	; 10
    00000288 07                     752 	.db #0x07	; 7
    00000289 05                     753 	.db #0x05	; 5
    0000028A 03                     754 	.db #0x03	; 3
    0000028B 03                     755 	.db #0x03	; 3
    0000028C 00                     756 	.db #0x00	; 0
    0000028D 00                     757 	.db #0x00	; 0
    0000028E 00                     758 	.db #0x00	; 0
    0000028F 00                     759 	.db #0x00	; 0
    00000290 00                     760 	.db #0x00	; 0
    00000291 00                     761 	.db #0x00	; 0
    00000292 00                     762 	.db #0x00	; 0
    00000293 00                     763 	.db #0x00	; 0
    00000294 07                     764 	.db #0x07	; 7
    00000295 04                     765 	.db #0x04	; 4
    00000296 07                     766 	.db #0x07	; 7
    00000297 04                     767 	.db #0x04	; 4
    00000298 07                     768 	.db #0x07	; 7
    00000299 04                     769 	.db #0x04	; 4
    0000029A 05                     770 	.db #0x05	; 5
    0000029B 06                     771 	.db #0x06	; 6
    0000029C 03                     772 	.db #0x03	; 3
    0000029D 02                     773 	.db #0x02	; 2
    0000029E 02                     774 	.db #0x02	; 2
    0000029F 03                     775 	.db #0x03	; 3
    000002A0 01                     776 	.db #0x01	; 1
    000002A1 01                     777 	.db #0x01	; 1
    000002A2 00                     778 	.db #0x00	; 0
    000002A3 00                     779 	.db #0x00	; 0
    000002A4 80                     780 	.db #0x80	; 128
    000002A5 80                     781 	.db #0x80	; 128
    000002A6 80                     782 	.db #0x80	; 128
    000002A7 80                     783 	.db #0x80	; 128
    000002A8 80                     784 	.db #0x80	; 128
    000002A9 80                     785 	.db #0x80	; 128
    000002AA 40                     786 	.db #0x40	; 64
    000002AB C0                     787 	.db #0xc0	; 192
    000002AC 40                     788 	.db #0x40	; 64
    000002AD C0                     789 	.db #0xc0	; 192
    000002AE 40                     790 	.db #0x40	; 64
    000002AF C0                     791 	.db #0xc0	; 192
    000002B0 C0                     792 	.db #0xc0	; 192
    000002B1 C0                     793 	.db #0xc0	; 192
    000002B2 00                     794 	.db #0x00	; 0
    000002B3 00                     795 	.db #0x00	; 0
    000002B4 01                     796 	.db #0x01	; 1
    000002B5 01                     797 	.db #0x01	; 1
    000002B6 01                     798 	.db #0x01	; 1
    000002B7 01                     799 	.db #0x01	; 1
    000002B8 01                     800 	.db #0x01	; 1
    000002B9 01                     801 	.db #0x01	; 1
    000002BA 02                     802 	.db #0x02	; 2
    000002BB 03                     803 	.db #0x03	; 3
    000002BC 03                     804 	.db #0x03	; 3
    000002BD 02                     805 	.db #0x02	; 2
    000002BE 07                     806 	.db #0x07	; 7
    000002BF 04                     807 	.db #0x04	; 4
    000002C0 07                     808 	.db #0x07	; 7
    000002C1 04                     809 	.db #0x04	; 4
    000002C2 0F                     810 	.db #0x0f	; 15
    000002C3 08                     811 	.db #0x08	; 8
    000002C4 74                     812 	.db #0x74	; 116	't'
    000002C5 8C                     813 	.db #0x8c	; 140
    000002C6 F4                     814 	.db #0xf4	; 244
    000002C7 0C                     815 	.db #0x0c	; 12
    000002C8 E8                     816 	.db #0xe8	; 232
    000002C9 18                     817 	.db #0x18	; 24
    000002CA F8                     818 	.db #0xf8	; 248
    000002CB 18                     819 	.db #0x18	; 24
    000002CC D0                     820 	.db #0xd0	; 208
    000002CD 30                     821 	.db #0x30	; 48	'0'
    000002CE E0                     822 	.db #0xe0	; 224
    000002CF 20                     823 	.db #0x20	; 32
    000002D0 C0                     824 	.db #0xc0	; 192
    000002D1 40                     825 	.db #0x40	; 64
    000002D2 80                     826 	.db #0x80	; 128
    000002D3 80                     827 	.db #0x80	; 128
    000002D4 0F                     828 	.db #0x0f	; 15
    000002D5 09                     829 	.db #0x09	; 9
    000002D6 15                     830 	.db #0x15	; 21
    000002D7 1B                     831 	.db #0x1b	; 27
    000002D8 1E                     832 	.db #0x1e	; 30
    000002D9 12                     833 	.db #0x12	; 18
    000002DA 1E                     834 	.db #0x1e	; 30
    000002DB 12                     835 	.db #0x12	; 18
    000002DC 1A                     836 	.db #0x1a	; 26
    000002DD 16                     837 	.db #0x16	; 22
    000002DE 12                     838 	.db #0x12	; 18
    000002DF 1E                     839 	.db #0x1e	; 30
    000002E0 1E                     840 	.db #0x1e	; 30
    000002E1 1E                     841 	.db #0x1e	; 30
    000002E2 00                     842 	.db #0x00	; 0
    000002E3 00                     843 	.db #0x00	; 0
    000002E4 01                     844 	.db #0x01	; 1
    000002E5 01                     845 	.db #0x01	; 1
    000002E6 01                     846 	.db #0x01	; 1
    000002E7 01                     847 	.db #0x01	; 1
    000002E8 01                     848 	.db #0x01	; 1
    000002E9 01                     849 	.db #0x01	; 1
    000002EA 02                     850 	.db #0x02	; 2
    000002EB 03                     851 	.db #0x03	; 3
    000002EC 03                     852 	.db #0x03	; 3
    000002ED 02                     853 	.db #0x02	; 2
    000002EE 07                     854 	.db #0x07	; 7
    000002EF 04                     855 	.db #0x04	; 4
    000002F0 0B                     856 	.db #0x0b	; 11
    000002F1 0C                     857 	.db #0x0c	; 12
    000002F2 0F                     858 	.db #0x0f	; 15
    000002F3 08                     859 	.db #0x08	; 8
    000002F4 1F                     860 	.db #0x1f	; 31
    000002F5 11                     861 	.db #0x11	; 17
    000002F6 1E                     862 	.db #0x1e	; 30
    000002F7 12                     863 	.db #0x12	; 18
    000002F8 2A                     864 	.db #0x2a	; 42
    000002F9 36                     865 	.db #0x36	; 54	'6'
    000002FA 3C                     866 	.db #0x3c	; 60
    000002FB 24                     867 	.db #0x24	; 36
    000002FC 24                     868 	.db #0x24	; 36
    000002FD 3C                     869 	.db #0x3c	; 60
    000002FE 28                     870 	.db #0x28	; 40
    000002FF 38                     871 	.db #0x38	; 56	'8'
    00000300 38                     872 	.db #0x38	; 56	'8'
    00000301 38                     873 	.db #0x38	; 56	'8'
    00000302 00                     874 	.db #0x00	; 0
    00000303 00                     875 	.db #0x00	; 0
    00000304                        876 _sprite_metasprite0:
    00000304 F0                     877 	.db #0xf0	; -16
    00000305 E8                     878 	.db #0xe8	; -24
    00000306 00                     879 	.db #0x00	; 0
    00000307 00                     880 	.db #0x00	; 0
    00000308 00                     881 	.db #0x00	;  0
    00000309 08                     882 	.db #0x08	;  8
    0000030A 01                     883 	.db #0x01	; 1
    0000030B 00                     884 	.db #0x00	; 0
    0000030C 00                     885 	.db #0x00	;  0
    0000030D 08                     886 	.db #0x08	;  8
    0000030E 02                     887 	.db #0x02	; 2
    0000030F 00                     888 	.db #0x00	; 0
    00000310 00                     889 	.db #0x00	;  0
    00000311 08                     890 	.db #0x08	;  8
    00000312 03                     891 	.db #0x03	; 3
    00000313 00                     892 	.db #0x00	; 0
    00000314 00                     893 	.db #0x00	;  0
    00000315 08                     894 	.db #0x08	;  8
    00000316 04                     895 	.db #0x04	; 4
    00000317 00                     896 	.db #0x00	; 0
    00000318 00                     897 	.db #0x00	;  0
    00000319 08                     898 	.db #0x08	;  8
    0000031A 05                     899 	.db #0x05	; 5
    0000031B 00                     900 	.db #0x00	; 0
    0000031C 08                     901 	.db #0x08	;  8
    0000031D D8                     902 	.db #0xd8	; -40
    0000031E 06                     903 	.db #0x06	; 6
    0000031F 00                     904 	.db #0x00	; 0
    00000320 00                     905 	.db #0x00	;  0
    00000321 08                     906 	.db #0x08	;  8
    00000322 07                     907 	.db #0x07	; 7
    00000323 00                     908 	.db #0x00	; 0
    00000324 00                     909 	.db #0x00	;  0
    00000325 08                     910 	.db #0x08	;  8
    00000326 08                     911 	.db #0x08	; 8
    00000327 00                     912 	.db #0x00	; 0
    00000328 00                     913 	.db #0x00	;  0
    00000329 08                     914 	.db #0x08	;  8
    0000032A 09                     915 	.db #0x09	; 9
    0000032B 00                     916 	.db #0x00	; 0
    0000032C 00                     917 	.db #0x00	;  0
    0000032D 08                     918 	.db #0x08	;  8
    0000032E 0A                     919 	.db #0x0a	; 10
    0000032F 00                     920 	.db #0x00	; 0
    00000330 00                     921 	.db #0x00	;  0
    00000331 08                     922 	.db #0x08	;  8
    00000332 0B                     923 	.db #0x0b	; 11
    00000333 00                     924 	.db #0x00	; 0
    00000334 00                     925 	.db #0x00	;  0
    00000335 08                     926 	.db #0x08	;  8
    00000336 0C                     927 	.db #0x0c	; 12
    00000337 00                     928 	.db #0x00	; 0
    00000338 08                     929 	.db #0x08	;  8
    00000339 D0                     930 	.db #0xd0	; -48
    0000033A 0D                     931 	.db #0x0d	; 13
    0000033B 00                     932 	.db #0x00	; 0
    0000033C 00                     933 	.db #0x00	;  0
    0000033D 08                     934 	.db #0x08	;  8
    0000033E 0E                     935 	.db #0x0e	; 14
    0000033F 00                     936 	.db #0x00	; 0
    00000340 00                     937 	.db #0x00	;  0
    00000341 08                     938 	.db #0x08	;  8
    00000342 0F                     939 	.db #0x0f	; 15
    00000343 00                     940 	.db #0x00	; 0
    00000344 00                     941 	.db #0x00	;  0
    00000345 08                     942 	.db #0x08	;  8
    00000346 10                     943 	.db #0x10	; 16
    00000347 00                     944 	.db #0x00	; 0
    00000348 00                     945 	.db #0x00	;  0
    00000349 08                     946 	.db #0x08	;  8
    0000034A 11                     947 	.db #0x11	; 17
    0000034B 00                     948 	.db #0x00	; 0
    0000034C 00                     949 	.db #0x00	;  0
    0000034D 08                     950 	.db #0x08	;  8
    0000034E 12                     951 	.db #0x12	; 18
    0000034F 00                     952 	.db #0x00	; 0
    00000350 00                     953 	.db #0x00	;  0
    00000351 08                     954 	.db #0x08	;  8
    00000352 13                     955 	.db #0x13	; 19
    00000353 00                     956 	.db #0x00	; 0
    00000354 08                     957 	.db #0x08	;  8
    00000355 D0                     958 	.db #0xd0	; -48
    00000356 14                     959 	.db #0x14	; 20
    00000357 00                     960 	.db #0x00	; 0
    00000358 00                     961 	.db #0x00	;  0
    00000359 10                     962 	.db #0x10	;  16
    0000035A 15                     963 	.db #0x15	; 21
    0000035B 00                     964 	.db #0x00	; 0
    0000035C 00                     965 	.db #0x00	;  0
    0000035D 08                     966 	.db #0x08	;  8
    0000035E 16                     967 	.db #0x16	; 22
    0000035F 00                     968 	.db #0x00	; 0
    00000360 00                     969 	.db #0x00	;  0
    00000361 08                     970 	.db #0x08	;  8
    00000362 17                     971 	.db #0x17	; 23
    00000363 00                     972 	.db #0x00	; 0
    00000364 00                     973 	.db #0x00	;  0
    00000365 08                     974 	.db #0x08	;  8
    00000366 18                     975 	.db #0x18	; 24
    00000367 00                     976 	.db #0x00	; 0
    00000368 00                     977 	.db #0x00	;  0
    00000369 08                     978 	.db #0x08	;  8
    0000036A 19                     979 	.db #0x19	; 25
    0000036B 00                     980 	.db #0x00	; 0
    0000036C 08                     981 	.db #0x08	;  8
    0000036D D0                     982 	.db #0xd0	; -48
    0000036E 1A                     983 	.db #0x1a	; 26
    0000036F 00                     984 	.db #0x00	; 0
    00000370 00                     985 	.db #0x00	;  0
    00000371 10                     986 	.db #0x10	;  16
    00000372 1B                     987 	.db #0x1b	; 27
    00000373 00                     988 	.db #0x00	; 0
    00000374 00                     989 	.db #0x00	;  0
    00000375 08                     990 	.db #0x08	;  8
    00000376 1C                     991 	.db #0x1c	; 28
    00000377 00                     992 	.db #0x00	; 0
    00000378 00                     993 	.db #0x00	;  0
    00000379 08                     994 	.db #0x08	;  8
    0000037A 1D                     995 	.db #0x1d	; 29
    0000037B 00                     996 	.db #0x00	; 0
    0000037C 00                     997 	.db #0x00	;  0
    0000037D 08                     998 	.db #0x08	;  8
    0000037E 1E                     999 	.db #0x1e	; 30
    0000037F 00                    1000 	.db #0x00	; 0
    00000380 80                    1001 	.db #0x80	; -128
    00000381 00                    1002 	.db #0x00	;  0
    00000382 00                    1003 	.db #0x00	; 0
    00000383 00                    1004 	.db #0x00	; 0
    00000384                       1005 _sprite_metasprite1:
    00000384 F0                    1006 	.db #0xf0	; -16
    00000385 E8                    1007 	.db #0xe8	; -24
    00000386 00                    1008 	.db #0x00	; 0
    00000387 00                    1009 	.db #0x00	; 0
    00000388 00                    1010 	.db #0x00	;  0
    00000389 08                    1011 	.db #0x08	;  8
    0000038A 01                    1012 	.db #0x01	; 1
    0000038B 00                    1013 	.db #0x00	; 0
    0000038C 00                    1014 	.db #0x00	;  0
    0000038D 08                    1015 	.db #0x08	;  8
    0000038E 02                    1016 	.db #0x02	; 2
    0000038F 00                    1017 	.db #0x00	; 0
    00000390 00                    1018 	.db #0x00	;  0
    00000391 08                    1019 	.db #0x08	;  8
    00000392 03                    1020 	.db #0x03	; 3
    00000393 00                    1021 	.db #0x00	; 0
    00000394 00                    1022 	.db #0x00	;  0
    00000395 08                    1023 	.db #0x08	;  8
    00000396 04                    1024 	.db #0x04	; 4
    00000397 00                    1025 	.db #0x00	; 0
    00000398 00                    1026 	.db #0x00	;  0
    00000399 08                    1027 	.db #0x08	;  8
    0000039A 05                    1028 	.db #0x05	; 5
    0000039B 00                    1029 	.db #0x00	; 0
    0000039C 08                    1030 	.db #0x08	;  8
    0000039D D8                    1031 	.db #0xd8	; -40
    0000039E 06                    1032 	.db #0x06	; 6
    0000039F 00                    1033 	.db #0x00	; 0
    000003A0 00                    1034 	.db #0x00	;  0
    000003A1 08                    1035 	.db #0x08	;  8
    000003A2 07                    1036 	.db #0x07	; 7
    000003A3 00                    1037 	.db #0x00	; 0
    000003A4 00                    1038 	.db #0x00	;  0
    000003A5 08                    1039 	.db #0x08	;  8
    000003A6 08                    1040 	.db #0x08	; 8
    000003A7 00                    1041 	.db #0x00	; 0
    000003A8 00                    1042 	.db #0x00	;  0
    000003A9 08                    1043 	.db #0x08	;  8
    000003AA 09                    1044 	.db #0x09	; 9
    000003AB 00                    1045 	.db #0x00	; 0
    000003AC 00                    1046 	.db #0x00	;  0
    000003AD 08                    1047 	.db #0x08	;  8
    000003AE 0A                    1048 	.db #0x0a	; 10
    000003AF 00                    1049 	.db #0x00	; 0
    000003B0 00                    1050 	.db #0x00	;  0
    000003B1 08                    1051 	.db #0x08	;  8
    000003B2 0B                    1052 	.db #0x0b	; 11
    000003B3 00                    1053 	.db #0x00	; 0
    000003B4 00                    1054 	.db #0x00	;  0
    000003B5 08                    1055 	.db #0x08	;  8
    000003B6 0C                    1056 	.db #0x0c	; 12
    000003B7 00                    1057 	.db #0x00	; 0
    000003B8 08                    1058 	.db #0x08	;  8
    000003B9 D0                    1059 	.db #0xd0	; -48
    000003BA 0D                    1060 	.db #0x0d	; 13
    000003BB 00                    1061 	.db #0x00	; 0
    000003BC 00                    1062 	.db #0x00	;  0
    000003BD 08                    1063 	.db #0x08	;  8
    000003BE 0E                    1064 	.db #0x0e	; 14
    000003BF 00                    1065 	.db #0x00	; 0
    000003C0 00                    1066 	.db #0x00	;  0
    000003C1 08                    1067 	.db #0x08	;  8
    000003C2 0F                    1068 	.db #0x0f	; 15
    000003C3 00                    1069 	.db #0x00	; 0
    000003C4 00                    1070 	.db #0x00	;  0
    000003C5 08                    1071 	.db #0x08	;  8
    000003C6 10                    1072 	.db #0x10	; 16
    000003C7 00                    1073 	.db #0x00	; 0
    000003C8 00                    1074 	.db #0x00	;  0
    000003C9 08                    1075 	.db #0x08	;  8
    000003CA 11                    1076 	.db #0x11	; 17
    000003CB 00                    1077 	.db #0x00	; 0
    000003CC 00                    1078 	.db #0x00	;  0
    000003CD 08                    1079 	.db #0x08	;  8
    000003CE 12                    1080 	.db #0x12	; 18
    000003CF 00                    1081 	.db #0x00	; 0
    000003D0 00                    1082 	.db #0x00	;  0
    000003D1 08                    1083 	.db #0x08	;  8
    000003D2 1F                    1084 	.db #0x1f	; 31
    000003D3 00                    1085 	.db #0x00	; 0
    000003D4 08                    1086 	.db #0x08	;  8
    000003D5 C8                    1087 	.db #0xc8	; -56
    000003D6 20                    1088 	.db #0x20	; 32
    000003D7 00                    1089 	.db #0x00	; 0
    000003D8 00                    1090 	.db #0x00	;  0
    000003D9 08                    1091 	.db #0x08	;  8
    000003DA 21                    1092 	.db #0x21	; 33
    000003DB 00                    1093 	.db #0x00	; 0
    000003DC 00                    1094 	.db #0x00	;  0
    000003DD 10                    1095 	.db #0x10	;  16
    000003DE 15                    1096 	.db #0x15	; 21
    000003DF 00                    1097 	.db #0x00	; 0
    000003E0 00                    1098 	.db #0x00	;  0
    000003E1 08                    1099 	.db #0x08	;  8
    000003E2 16                    1100 	.db #0x16	; 22
    000003E3 00                    1101 	.db #0x00	; 0
    000003E4 00                    1102 	.db #0x00	;  0
    000003E5 08                    1103 	.db #0x08	;  8
    000003E6 17                    1104 	.db #0x17	; 23
    000003E7 00                    1105 	.db #0x00	; 0
    000003E8 00                    1106 	.db #0x00	;  0
    000003E9 08                    1107 	.db #0x08	;  8
    000003EA 18                    1108 	.db #0x18	; 24
    000003EB 00                    1109 	.db #0x00	; 0
    000003EC 00                    1110 	.db #0x00	;  0
    000003ED 08                    1111 	.db #0x08	;  8
    000003EE 22                    1112 	.db #0x22	; 34
    000003EF 00                    1113 	.db #0x00	; 0
    000003F0 08                    1114 	.db #0x08	;  8
    000003F1 C8                    1115 	.db #0xc8	; -56
    000003F2 23                    1116 	.db #0x23	; 35
    000003F3 00                    1117 	.db #0x00	; 0
    000003F4 00                    1118 	.db #0x00	;  0
    000003F5 08                    1119 	.db #0x08	;  8
    000003F6 24                    1120 	.db #0x24	; 36
    000003F7 00                    1121 	.db #0x00	; 0
    000003F8 00                    1122 	.db #0x00	;  0
    000003F9 10                    1123 	.db #0x10	;  16
    000003FA 1B                    1124 	.db #0x1b	; 27
    000003FB 00                    1125 	.db #0x00	; 0
    000003FC 00                    1126 	.db #0x00	;  0
    000003FD 08                    1127 	.db #0x08	;  8
    000003FE 1C                    1128 	.db #0x1c	; 28
    000003FF 00                    1129 	.db #0x00	; 0
    00000400 00                    1130 	.db #0x00	;  0
    00000401 08                    1131 	.db #0x08	;  8
    00000402 1D                    1132 	.db #0x1d	; 29
    00000403 00                    1133 	.db #0x00	; 0
    00000404 00                    1134 	.db #0x00	;  0
    00000405 08                    1135 	.db #0x08	;  8
    00000406 1E                    1136 	.db #0x1e	; 30
    00000407 00                    1137 	.db #0x00	; 0
    00000408 80                    1138 	.db #0x80	; -128
    00000409 00                    1139 	.db #0x00	;  0
    0000040A 00                    1140 	.db #0x00	; 0
    0000040B 00                    1141 	.db #0x00	; 0
    0000040C                       1142 _sprite_metasprite2:
    0000040C F0                    1143 	.db #0xf0	; -16
    0000040D E8                    1144 	.db #0xe8	; -24
    0000040E 00                    1145 	.db #0x00	; 0
    0000040F 00                    1146 	.db #0x00	; 0
    00000410 00                    1147 	.db #0x00	;  0
    00000411 08                    1148 	.db #0x08	;  8
    00000412 01                    1149 	.db #0x01	; 1
    00000413 00                    1150 	.db #0x00	; 0
    00000414 00                    1151 	.db #0x00	;  0
    00000415 08                    1152 	.db #0x08	;  8
    00000416 02                    1153 	.db #0x02	; 2
    00000417 00                    1154 	.db #0x00	; 0
    00000418 00                    1155 	.db #0x00	;  0
    00000419 08                    1156 	.db #0x08	;  8
    0000041A 03                    1157 	.db #0x03	; 3
    0000041B 00                    1158 	.db #0x00	; 0
    0000041C 00                    1159 	.db #0x00	;  0
    0000041D 08                    1160 	.db #0x08	;  8
    0000041E 04                    1161 	.db #0x04	; 4
    0000041F 00                    1162 	.db #0x00	; 0
    00000420 00                    1163 	.db #0x00	;  0
    00000421 08                    1164 	.db #0x08	;  8
    00000422 05                    1165 	.db #0x05	; 5
    00000423 00                    1166 	.db #0x00	; 0
    00000424 08                    1167 	.db #0x08	;  8
    00000425 D8                    1168 	.db #0xd8	; -40
    00000426 06                    1169 	.db #0x06	; 6
    00000427 00                    1170 	.db #0x00	; 0
    00000428 00                    1171 	.db #0x00	;  0
    00000429 08                    1172 	.db #0x08	;  8
    0000042A 07                    1173 	.db #0x07	; 7
    0000042B 00                    1174 	.db #0x00	; 0
    0000042C 00                    1175 	.db #0x00	;  0
    0000042D 08                    1176 	.db #0x08	;  8
    0000042E 08                    1177 	.db #0x08	; 8
    0000042F 00                    1178 	.db #0x00	; 0
    00000430 00                    1179 	.db #0x00	;  0
    00000431 08                    1180 	.db #0x08	;  8
    00000432 09                    1181 	.db #0x09	; 9
    00000433 00                    1182 	.db #0x00	; 0
    00000434 00                    1183 	.db #0x00	;  0
    00000435 08                    1184 	.db #0x08	;  8
    00000436 0A                    1185 	.db #0x0a	; 10
    00000437 00                    1186 	.db #0x00	; 0
    00000438 00                    1187 	.db #0x00	;  0
    00000439 08                    1188 	.db #0x08	;  8
    0000043A 0B                    1189 	.db #0x0b	; 11
    0000043B 00                    1190 	.db #0x00	; 0
    0000043C 00                    1191 	.db #0x00	;  0
    0000043D 08                    1192 	.db #0x08	;  8
    0000043E 0C                    1193 	.db #0x0c	; 12
    0000043F 00                    1194 	.db #0x00	; 0
    00000440 08                    1195 	.db #0x08	;  8
    00000441 D0                    1196 	.db #0xd0	; -48
    00000442 0D                    1197 	.db #0x0d	; 13
    00000443 00                    1198 	.db #0x00	; 0
    00000444 00                    1199 	.db #0x00	;  0
    00000445 08                    1200 	.db #0x08	;  8
    00000446 0E                    1201 	.db #0x0e	; 14
    00000447 00                    1202 	.db #0x00	; 0
    00000448 00                    1203 	.db #0x00	;  0
    00000449 08                    1204 	.db #0x08	;  8
    0000044A 0F                    1205 	.db #0x0f	; 15
    0000044B 00                    1206 	.db #0x00	; 0
    0000044C 00                    1207 	.db #0x00	;  0
    0000044D 08                    1208 	.db #0x08	;  8
    0000044E 10                    1209 	.db #0x10	; 16
    0000044F 00                    1210 	.db #0x00	; 0
    00000450 00                    1211 	.db #0x00	;  0
    00000451 08                    1212 	.db #0x08	;  8
    00000452 11                    1213 	.db #0x11	; 17
    00000453 00                    1214 	.db #0x00	; 0
    00000454 00                    1215 	.db #0x00	;  0
    00000455 08                    1216 	.db #0x08	;  8
    00000456 12                    1217 	.db #0x12	; 18
    00000457 00                    1218 	.db #0x00	; 0
    00000458 00                    1219 	.db #0x00	;  0
    00000459 08                    1220 	.db #0x08	;  8
    0000045A 25                    1221 	.db #0x25	; 37
    0000045B 00                    1222 	.db #0x00	; 0
    0000045C 08                    1223 	.db #0x08	;  8
    0000045D C8                    1224 	.db #0xc8	; -56
    0000045E 26                    1225 	.db #0x26	; 38
    0000045F 00                    1226 	.db #0x00	; 0
    00000460 00                    1227 	.db #0x00	;  0
    00000461 08                    1228 	.db #0x08	;  8
    00000462 27                    1229 	.db #0x27	; 39
    00000463 00                    1230 	.db #0x00	; 0
    00000464 00                    1231 	.db #0x00	;  0
    00000465 10                    1232 	.db #0x10	;  16
    00000466 15                    1233 	.db #0x15	; 21
    00000467 00                    1234 	.db #0x00	; 0
    00000468 00                    1235 	.db #0x00	;  0
    00000469 08                    1236 	.db #0x08	;  8
    0000046A 16                    1237 	.db #0x16	; 22
    0000046B 00                    1238 	.db #0x00	; 0
    0000046C 00                    1239 	.db #0x00	;  0
    0000046D 08                    1240 	.db #0x08	;  8
    0000046E 17                    1241 	.db #0x17	; 23
    0000046F 00                    1242 	.db #0x00	; 0
    00000470 00                    1243 	.db #0x00	;  0
    00000471 08                    1244 	.db #0x08	;  8
    00000472 18                    1245 	.db #0x18	; 24
    00000473 00                    1246 	.db #0x00	; 0
    00000474 00                    1247 	.db #0x00	;  0
    00000475 08                    1248 	.db #0x08	;  8
    00000476 28                    1249 	.db #0x28	; 40
    00000477 00                    1250 	.db #0x00	; 0
    00000478 08                    1251 	.db #0x08	;  8
    00000479 C8                    1252 	.db #0xc8	; -56
    0000047A 29                    1253 	.db #0x29	; 41
    0000047B 00                    1254 	.db #0x00	; 0
    0000047C 00                    1255 	.db #0x00	;  0
    0000047D 08                    1256 	.db #0x08	;  8
    0000047E 2A                    1257 	.db #0x2a	; 42
    0000047F 00                    1258 	.db #0x00	; 0
    00000480 00                    1259 	.db #0x00	;  0
    00000481 10                    1260 	.db #0x10	;  16
    00000482 1B                    1261 	.db #0x1b	; 27
    00000483 00                    1262 	.db #0x00	; 0
    00000484 00                    1263 	.db #0x00	;  0
    00000485 08                    1264 	.db #0x08	;  8
    00000486 1C                    1265 	.db #0x1c	; 28
    00000487 00                    1266 	.db #0x00	; 0
    00000488 00                    1267 	.db #0x00	;  0
    00000489 08                    1268 	.db #0x08	;  8
    0000048A 1D                    1269 	.db #0x1d	; 29
    0000048B 00                    1270 	.db #0x00	; 0
    0000048C 00                    1271 	.db #0x00	;  0
    0000048D 08                    1272 	.db #0x08	;  8
    0000048E 1E                    1273 	.db #0x1e	; 30
    0000048F 00                    1274 	.db #0x00	; 0
    00000490 80                    1275 	.db #0x80	; -128
    00000491 00                    1276 	.db #0x00	;  0
    00000492 00                    1277 	.db #0x00	; 0
    00000493 00                    1278 	.db #0x00	; 0
    00000494                       1279 _sprite_metasprite3:
    00000494 F0                    1280 	.db #0xf0	; -16
    00000495 E8                    1281 	.db #0xe8	; -24
    00000496 00                    1282 	.db #0x00	; 0
    00000497 00                    1283 	.db #0x00	; 0
    00000498 00                    1284 	.db #0x00	;  0
    00000499 08                    1285 	.db #0x08	;  8
    0000049A 01                    1286 	.db #0x01	; 1
    0000049B 00                    1287 	.db #0x00	; 0
    0000049C 00                    1288 	.db #0x00	;  0
    0000049D 08                    1289 	.db #0x08	;  8
    0000049E 02                    1290 	.db #0x02	; 2
    0000049F 00                    1291 	.db #0x00	; 0
    000004A0 00                    1292 	.db #0x00	;  0
    000004A1 08                    1293 	.db #0x08	;  8
    000004A2 03                    1294 	.db #0x03	; 3
    000004A3 00                    1295 	.db #0x00	; 0
    000004A4 00                    1296 	.db #0x00	;  0
    000004A5 08                    1297 	.db #0x08	;  8
    000004A6 04                    1298 	.db #0x04	; 4
    000004A7 00                    1299 	.db #0x00	; 0
    000004A8 00                    1300 	.db #0x00	;  0
    000004A9 08                    1301 	.db #0x08	;  8
    000004AA 05                    1302 	.db #0x05	; 5
    000004AB 00                    1303 	.db #0x00	; 0
    000004AC 08                    1304 	.db #0x08	;  8
    000004AD D8                    1305 	.db #0xd8	; -40
    000004AE 06                    1306 	.db #0x06	; 6
    000004AF 00                    1307 	.db #0x00	; 0
    000004B0 00                    1308 	.db #0x00	;  0
    000004B1 08                    1309 	.db #0x08	;  8
    000004B2 07                    1310 	.db #0x07	; 7
    000004B3 00                    1311 	.db #0x00	; 0
    000004B4 00                    1312 	.db #0x00	;  0
    000004B5 08                    1313 	.db #0x08	;  8
    000004B6 08                    1314 	.db #0x08	; 8
    000004B7 00                    1315 	.db #0x00	; 0
    000004B8 00                    1316 	.db #0x00	;  0
    000004B9 08                    1317 	.db #0x08	;  8
    000004BA 09                    1318 	.db #0x09	; 9
    000004BB 00                    1319 	.db #0x00	; 0
    000004BC 00                    1320 	.db #0x00	;  0
    000004BD 08                    1321 	.db #0x08	;  8
    000004BE 0A                    1322 	.db #0x0a	; 10
    000004BF 00                    1323 	.db #0x00	; 0
    000004C0 00                    1324 	.db #0x00	;  0
    000004C1 08                    1325 	.db #0x08	;  8
    000004C2 0B                    1326 	.db #0x0b	; 11
    000004C3 00                    1327 	.db #0x00	; 0
    000004C4 00                    1328 	.db #0x00	;  0
    000004C5 08                    1329 	.db #0x08	;  8
    000004C6 0C                    1330 	.db #0x0c	; 12
    000004C7 00                    1331 	.db #0x00	; 0
    000004C8 08                    1332 	.db #0x08	;  8
    000004C9 D0                    1333 	.db #0xd0	; -48
    000004CA 0D                    1334 	.db #0x0d	; 13
    000004CB 00                    1335 	.db #0x00	; 0
    000004CC 00                    1336 	.db #0x00	;  0
    000004CD 08                    1337 	.db #0x08	;  8
    000004CE 0E                    1338 	.db #0x0e	; 14
    000004CF 00                    1339 	.db #0x00	; 0
    000004D0 00                    1340 	.db #0x00	;  0
    000004D1 08                    1341 	.db #0x08	;  8
    000004D2 0F                    1342 	.db #0x0f	; 15
    000004D3 00                    1343 	.db #0x00	; 0
    000004D4 00                    1344 	.db #0x00	;  0
    000004D5 08                    1345 	.db #0x08	;  8
    000004D6 10                    1346 	.db #0x10	; 16
    000004D7 00                    1347 	.db #0x00	; 0
    000004D8 00                    1348 	.db #0x00	;  0
    000004D9 08                    1349 	.db #0x08	;  8
    000004DA 11                    1350 	.db #0x11	; 17
    000004DB 00                    1351 	.db #0x00	; 0
    000004DC 00                    1352 	.db #0x00	;  0
    000004DD 08                    1353 	.db #0x08	;  8
    000004DE 12                    1354 	.db #0x12	; 18
    000004DF 00                    1355 	.db #0x00	; 0
    000004E0 00                    1356 	.db #0x00	;  0
    000004E1 08                    1357 	.db #0x08	;  8
    000004E2 1F                    1358 	.db #0x1f	; 31
    000004E3 00                    1359 	.db #0x00	; 0
    000004E4 08                    1360 	.db #0x08	;  8
    000004E5 C8                    1361 	.db #0xc8	; -56
    000004E6 2B                    1362 	.db #0x2b	; 43
    000004E7 00                    1363 	.db #0x00	; 0
    000004E8 00                    1364 	.db #0x00	;  0
    000004E9 08                    1365 	.db #0x08	;  8
    000004EA 2C                    1366 	.db #0x2c	; 44
    000004EB 00                    1367 	.db #0x00	; 0
    000004EC 00                    1368 	.db #0x00	;  0
    000004ED 10                    1369 	.db #0x10	;  16
    000004EE 15                    1370 	.db #0x15	; 21
    000004EF 00                    1371 	.db #0x00	; 0
    000004F0 00                    1372 	.db #0x00	;  0
    000004F1 08                    1373 	.db #0x08	;  8
    000004F2 16                    1374 	.db #0x16	; 22
    000004F3 00                    1375 	.db #0x00	; 0
    000004F4 00                    1376 	.db #0x00	;  0
    000004F5 08                    1377 	.db #0x08	;  8
    000004F6 17                    1378 	.db #0x17	; 23
    000004F7 00                    1379 	.db #0x00	; 0
    000004F8 00                    1380 	.db #0x00	;  0
    000004F9 08                    1381 	.db #0x08	;  8
    000004FA 18                    1382 	.db #0x18	; 24
    000004FB 00                    1383 	.db #0x00	; 0
    000004FC 00                    1384 	.db #0x00	;  0
    000004FD 08                    1385 	.db #0x08	;  8
    000004FE 22                    1386 	.db #0x22	; 34
    000004FF 00                    1387 	.db #0x00	; 0
    00000500 08                    1388 	.db #0x08	;  8
    00000501 C8                    1389 	.db #0xc8	; -56
    00000502 2D                    1390 	.db #0x2d	; 45
    00000503 00                    1391 	.db #0x00	; 0
    00000504 00                    1392 	.db #0x00	;  0
    00000505 18                    1393 	.db #0x18	;  24
    00000506 1B                    1394 	.db #0x1b	; 27
    00000507 00                    1395 	.db #0x00	; 0
    00000508 00                    1396 	.db #0x00	;  0
    00000509 08                    1397 	.db #0x08	;  8
    0000050A 1C                    1398 	.db #0x1c	; 28
    0000050B 00                    1399 	.db #0x00	; 0
    0000050C 00                    1400 	.db #0x00	;  0
    0000050D 08                    1401 	.db #0x08	;  8
    0000050E 1D                    1402 	.db #0x1d	; 29
    0000050F 00                    1403 	.db #0x00	; 0
    00000510 00                    1404 	.db #0x00	;  0
    00000511 08                    1405 	.db #0x08	;  8
    00000512 1E                    1406 	.db #0x1e	; 30
    00000513 00                    1407 	.db #0x00	; 0
    00000514 80                    1408 	.db #0x80	; -128
    00000515 00                    1409 	.db #0x00	;  0
    00000516 00                    1410 	.db #0x00	; 0
    00000517 00                    1411 	.db #0x00	; 0
    00000518                       1412 _sprite_metasprite4:
    00000518 F0                    1413 	.db #0xf0	; -16
    00000519 E8                    1414 	.db #0xe8	; -24
    0000051A 00                    1415 	.db #0x00	; 0
    0000051B 00                    1416 	.db #0x00	; 0
    0000051C 00                    1417 	.db #0x00	;  0
    0000051D 08                    1418 	.db #0x08	;  8
    0000051E 01                    1419 	.db #0x01	; 1
    0000051F 00                    1420 	.db #0x00	; 0
    00000520 00                    1421 	.db #0x00	;  0
    00000521 08                    1422 	.db #0x08	;  8
    00000522 02                    1423 	.db #0x02	; 2
    00000523 00                    1424 	.db #0x00	; 0
    00000524 00                    1425 	.db #0x00	;  0
    00000525 08                    1426 	.db #0x08	;  8
    00000526 03                    1427 	.db #0x03	; 3
    00000527 00                    1428 	.db #0x00	; 0
    00000528 00                    1429 	.db #0x00	;  0
    00000529 08                    1430 	.db #0x08	;  8
    0000052A 04                    1431 	.db #0x04	; 4
    0000052B 00                    1432 	.db #0x00	; 0
    0000052C 00                    1433 	.db #0x00	;  0
    0000052D 08                    1434 	.db #0x08	;  8
    0000052E 05                    1435 	.db #0x05	; 5
    0000052F 00                    1436 	.db #0x00	; 0
    00000530 08                    1437 	.db #0x08	;  8
    00000531 D8                    1438 	.db #0xd8	; -40
    00000532 06                    1439 	.db #0x06	; 6
    00000533 00                    1440 	.db #0x00	; 0
    00000534 00                    1441 	.db #0x00	;  0
    00000535 08                    1442 	.db #0x08	;  8
    00000536 07                    1443 	.db #0x07	; 7
    00000537 00                    1444 	.db #0x00	; 0
    00000538 00                    1445 	.db #0x00	;  0
    00000539 08                    1446 	.db #0x08	;  8
    0000053A 08                    1447 	.db #0x08	; 8
    0000053B 00                    1448 	.db #0x00	; 0
    0000053C 00                    1449 	.db #0x00	;  0
    0000053D 08                    1450 	.db #0x08	;  8
    0000053E 09                    1451 	.db #0x09	; 9
    0000053F 00                    1452 	.db #0x00	; 0
    00000540 00                    1453 	.db #0x00	;  0
    00000541 08                    1454 	.db #0x08	;  8
    00000542 0A                    1455 	.db #0x0a	; 10
    00000543 00                    1456 	.db #0x00	; 0
    00000544 00                    1457 	.db #0x00	;  0
    00000545 08                    1458 	.db #0x08	;  8
    00000546 0B                    1459 	.db #0x0b	; 11
    00000547 00                    1460 	.db #0x00	; 0
    00000548 00                    1461 	.db #0x00	;  0
    00000549 08                    1462 	.db #0x08	;  8
    0000054A 0C                    1463 	.db #0x0c	; 12
    0000054B 00                    1464 	.db #0x00	; 0
    0000054C 08                    1465 	.db #0x08	;  8
    0000054D D0                    1466 	.db #0xd0	; -48
    0000054E 0D                    1467 	.db #0x0d	; 13
    0000054F 00                    1468 	.db #0x00	; 0
    00000550 00                    1469 	.db #0x00	;  0
    00000551 08                    1470 	.db #0x08	;  8
    00000552 0E                    1471 	.db #0x0e	; 14
    00000553 00                    1472 	.db #0x00	; 0
    00000554 00                    1473 	.db #0x00	;  0
    00000555 08                    1474 	.db #0x08	;  8
    00000556 0F                    1475 	.db #0x0f	; 15
    00000557 00                    1476 	.db #0x00	; 0
    00000558 00                    1477 	.db #0x00	;  0
    00000559 08                    1478 	.db #0x08	;  8
    0000055A 10                    1479 	.db #0x10	; 16
    0000055B 00                    1480 	.db #0x00	; 0
    0000055C 00                    1481 	.db #0x00	;  0
    0000055D 08                    1482 	.db #0x08	;  8
    0000055E 11                    1483 	.db #0x11	; 17
    0000055F 00                    1484 	.db #0x00	; 0
    00000560 00                    1485 	.db #0x00	;  0
    00000561 08                    1486 	.db #0x08	;  8
    00000562 12                    1487 	.db #0x12	; 18
    00000563 00                    1488 	.db #0x00	; 0
    00000564 00                    1489 	.db #0x00	;  0
    00000565 08                    1490 	.db #0x08	;  8
    00000566 13                    1491 	.db #0x13	; 19
    00000567 00                    1492 	.db #0x00	; 0
    00000568 08                    1493 	.db #0x08	;  8
    00000569 C8                    1494 	.db #0xc8	; -56
    0000056A 2E                    1495 	.db #0x2e	; 46
    0000056B 00                    1496 	.db #0x00	; 0
    0000056C 00                    1497 	.db #0x00	;  0
    0000056D 08                    1498 	.db #0x08	;  8
    0000056E 2C                    1499 	.db #0x2c	; 44
    0000056F 00                    1500 	.db #0x00	; 0
    00000570 00                    1501 	.db #0x00	;  0
    00000571 10                    1502 	.db #0x10	;  16
    00000572 15                    1503 	.db #0x15	; 21
    00000573 00                    1504 	.db #0x00	; 0
    00000574 00                    1505 	.db #0x00	;  0
    00000575 08                    1506 	.db #0x08	;  8
    00000576 16                    1507 	.db #0x16	; 22
    00000577 00                    1508 	.db #0x00	; 0
    00000578 00                    1509 	.db #0x00	;  0
    00000579 08                    1510 	.db #0x08	;  8
    0000057A 17                    1511 	.db #0x17	; 23
    0000057B 00                    1512 	.db #0x00	; 0
    0000057C 00                    1513 	.db #0x00	;  0
    0000057D 08                    1514 	.db #0x08	;  8
    0000057E 18                    1515 	.db #0x18	; 24
    0000057F 00                    1516 	.db #0x00	; 0
    00000580 00                    1517 	.db #0x00	;  0
    00000581 08                    1518 	.db #0x08	;  8
    00000582 19                    1519 	.db #0x19	; 25
    00000583 00                    1520 	.db #0x00	; 0
    00000584 08                    1521 	.db #0x08	;  8
    00000585 C8                    1522 	.db #0xc8	; -56
    00000586 2F                    1523 	.db #0x2f	; 47
    00000587 00                    1524 	.db #0x00	; 0
    00000588 00                    1525 	.db #0x00	;  0
    00000589 18                    1526 	.db #0x18	;  24
    0000058A 1B                    1527 	.db #0x1b	; 27
    0000058B 00                    1528 	.db #0x00	; 0
    0000058C 00                    1529 	.db #0x00	;  0
    0000058D 08                    1530 	.db #0x08	;  8
    0000058E 1C                    1531 	.db #0x1c	; 28
    0000058F 00                    1532 	.db #0x00	; 0
    00000590 00                    1533 	.db #0x00	;  0
    00000591 08                    1534 	.db #0x08	;  8
    00000592 1D                    1535 	.db #0x1d	; 29
    00000593 00                    1536 	.db #0x00	; 0
    00000594 00                    1537 	.db #0x00	;  0
    00000595 08                    1538 	.db #0x08	;  8
    00000596 1E                    1539 	.db #0x1e	; 30
    00000597 00                    1540 	.db #0x00	; 0
    00000598 80                    1541 	.db #0x80	; -128
    00000599 00                    1542 	.db #0x00	;  0
    0000059A 00                    1543 	.db #0x00	; 0
    0000059B 00                    1544 	.db #0x00	; 0
    0000059C                       1545 _sprite_metasprites:
    0000059Cr04r03                 1546 	.dw _sprite_metasprite0
    0000059Er84r03                 1547 	.dw _sprite_metasprite1
    000005A0r0Cr04                 1548 	.dw _sprite_metasprite2
    000005A2r94r04                 1549 	.dw _sprite_metasprite3
    000005A4r18r05                 1550 	.dw _sprite_metasprite4
                                   1551 	.area _XINIT
                                   1552 	.area _CABS    (ABS)
