                                      1 ;--------------------------------------------------------
                                      2 ; File Created by SDCC : free open source ISO C Compiler 
                                      3 ; Version 4.4.1 #14650 (Linux)
                                      4 ;--------------------------------------------------------
                                      5 	.module srcfile_3
                                      6 	.optsdcc -mmos6502
                                      7 	
                                      8 ;; Ordering of segments for the linker.
                                      9 	.area _ZP      (PAG)
                                     10 	.area _OSEG    (PAG, OVR)
                                     11 	.area _HOME
                                     12 	.area _GSINIT
                                     13 	.area _GSFINAL
                                     14 	.area _CODE
                                     15 	.area _XINIT
                                     16 	.area _DATA
                                     17 	.area _DATA
                                     18 	.area _BSS
                                     19 ;--------------------------------------------------------
                                     20 ; Public variables in this module
                                     21 ;--------------------------------------------------------
                                     22 	.globl _some_const_var_3
                                     23 	.globl b_func_3
                                     24 	.globl _func_3
                                     25 	.globl b___func_func_3
                                     26 	.globl ___func_func_3
                                     27 	.globl b___func_some_const_var_3
                                     28 	.globl ___func_some_const_var_3
                                     29 	.globl _printf
                                     30 	.globl _OAMDMA
                                     31 	.globl _PPUDATA
                                     32 	.globl _PPUADDR
                                     33 	.globl _PPUSCROLL
                                     34 	.globl _OAMDATA
                                     35 	.globl _OAMADDR
                                     36 	.globl _PPUSTATUS
                                     37 	.globl _PPUMASK
                                     38 	.globl _PPUCTRL
                                     39 ;--------------------------------------------------------
                                     40 ; ZP ram data
                                     41 ;--------------------------------------------------------
                                     42 	.area _ZP      (PAG)
                                     43 ;--------------------------------------------------------
                                     44 ; overlayable items in ram
                                     45 ;--------------------------------------------------------
                                     46 ;--------------------------------------------------------
                                     47 ; uninitialized external ram data
                                     48 ;--------------------------------------------------------
                                     49 	.area _BSS
                         00002000    50 _PPUCTRL	=	0x2000
                         00002001    51 _PPUMASK	=	0x2001
                         00002002    52 _PPUSTATUS	=	0x2002
                         00002003    53 _OAMADDR	=	0x2003
                         00002004    54 _OAMDATA	=	0x2004
                         00002005    55 _PPUSCROLL	=	0x2005
                         00002006    56 _PPUADDR	=	0x2006
                         00002007    57 _PPUDATA	=	0x2007
                         00004014    58 _OAMDMA	=	0x4014
                                     59 ;--------------------------------------------------------
                                     60 ; absolute external ram data
                                     61 ;--------------------------------------------------------
                                     62 	.area _DABS    (ABS)
                                     63 ;--------------------------------------------------------
                                     64 ; initialized external ram data
                                     65 ;--------------------------------------------------------
                                     66 	.area _DATA
                                     67 ;--------------------------------------------------------
                                     68 ; global & static initialisations
                                     69 ;--------------------------------------------------------
                                     70 	.area _HOME
                                     71 	.area _GSINIT
                                     72 	.area _GSFINAL
                                     73 	.area _GSINIT
                                     74 ;--------------------------------------------------------
                                     75 ; Home
                                     76 ;--------------------------------------------------------
                                     77 	.area _HOME
                                     78 	.area _HOME
                                     79 ;--------------------------------------------------------
                                     80 ; code
                                     81 ;--------------------------------------------------------
                                     82 	.area _CODE_255
                                     83 ;------------------------------------------------------------
                                     84 ;Allocation info for local variables in function '__func_some_const_var_3'
                                     85 ;------------------------------------------------------------
                                     86 ;	src/srcfile_3.c: 8: BANKREF(some_const_var_3)
                                     87 ;	-----------------------------------------
                                     88 ;	 function __func_some_const_var_3
                                     89 ;	-----------------------------------------
                                     90 ;	Register assignment is optimal.
                                     91 ;	Stack space usage: 0 bytes.
                         000000FF    92 	b___func_some_const_var_3	= 255
    00000000                         93 ___func_some_const_var_3:
                                     94 ;	naked function: no prologue.
                                     95 		.local b___func_some_const_var_3 
                         000000FF    96 	 ___bank_some_const_var_3 = b___func_some_const_var_3 
                                     97 	 .globl ___bank_some_const_var_3 
                                     98 ;	naked function: no epilogue.
                                     99 ;------------------------------------------------------------
                                    100 ;Allocation info for local variables in function '__func_func_3'
                                    101 ;------------------------------------------------------------
                                    102 ;	src/srcfile_3.c: 12: BANKREF(func_3)
                                    103 ;	-----------------------------------------
                                    104 ;	 function __func_func_3
                                    105 ;	-----------------------------------------
                                    106 ;	Register assignment is optimal.
                                    107 ;	Stack space usage: 0 bytes.
                         000000FF   108 	b___func_func_3	= 255
    00000000                        109 ___func_func_3:
                                    110 ;	naked function: no prologue.
                                    111 		.local b___func_func_3 
                         000000FF   112 	 ___bank_func_3 = b___func_func_3 
                                    113 	 .globl ___bank_func_3 
                                    114 ;	naked function: no epilogue.
                                    115 ;------------------------------------------------------------
                                    116 ;Allocation info for local variables in function 'func_3'
                                    117 ;------------------------------------------------------------
                                    118 ;	src/srcfile_3.c: 13: void func_3(void) BANKED
                                    119 ;	-----------------------------------------
                                    120 ;	 function func_3
                                    121 ;	-----------------------------------------
                                    122 ;	Register assignment is optimal.
                                    123 ;	Stack space usage: 0 bytes.
                         000000FF   124 	b_func_3	= 255
    00000000                        125 _func_3:
                                    126 ;	src/srcfile_3.c: 15: printf("Func3 in ROM bank %u\n", CURRENT_BANK);
    00000000 A2 00            [ 2]  127 	ldx	#0x00
    00000002 ADr00r00         [ 4]  128 	lda	__current_bank
    00000005 85*00            [ 3]  129 	sta	*(REGTEMP+0)
    00000007 8A               [ 2]  130 	txa
    00000008 48               [ 3]  131 	pha
    00000009 A5*00            [ 3]  132 	lda	*(REGTEMP+0)
    0000000B 48               [ 3]  133 	pha
    0000000C A9s00            [ 2]  134 	lda	#>___str_0
    0000000E 48               [ 3]  135 	pha
    0000000F A9r1B            [ 2]  136 	lda	#___str_0
    00000011 48               [ 3]  137 	pha
    00000012 20r00r00         [ 6]  138 	jsr	_printf
    00000015 68               [ 4]  139 	pla
    00000016 68               [ 4]  140 	pla
    00000017 68               [ 4]  141 	pla
    00000018 68               [ 4]  142 	pla
                                    143 ;	src/srcfile_3.c: 16: }
    00000019 60               [ 6]  144 	rts
                                    145 	.area _CODE_255
    0000001A                        146 _some_const_var_3:
    0000001A 03                     147 	.db #0x03	; 3
    0000001B                        148 ___str_0:
    0000001B 46 75 6E 63 33 20 69   149 	.ascii "Func3 in ROM bank %u"
             6E 20 52 4F 4D 20 62
             61 6E 6B 20 25 75
    0000002F 0A                     150 	.db 0x0a
    00000030 00                     151 	.db 0x00
    00000031                        152 _local_const_3:
    00000031 01                     153 	.db #0x01	; 1
    00000032 01                     154 	.db #0x01	; 1
    00000033 01                     155 	.db #0x01	; 1
    00000034 01                     156 	.db #0x01	; 1
    00000035 01                     157 	.db #0x01	; 1
    00000036 01                     158 	.db #0x01	; 1
    00000037 01                     159 	.db #0x01	; 1
    00000038 01                     160 	.db #0x01	; 1
    00000039 01                     161 	.db #0x01	; 1
    0000003A 01                     162 	.db #0x01	; 1
    0000003B 01                     163 	.db #0x01	; 1
    0000003C 01                     164 	.db #0x01	; 1
    0000003D 01                     165 	.db #0x01	; 1
    0000003E 01                     166 	.db #0x01	; 1
    0000003F 01                     167 	.db #0x01	; 1
    00000040 01                     168 	.db #0x01	; 1
    00000041 01                     169 	.db #0x01	; 1
    00000042 01                     170 	.db #0x01	; 1
    00000043 01                     171 	.db #0x01	; 1
    00000044 01                     172 	.db #0x01	; 1
    00000045 01                     173 	.db #0x01	; 1
    00000046 01                     174 	.db #0x01	; 1
    00000047 01                     175 	.db #0x01	; 1
    00000048 01                     176 	.db #0x01	; 1
    00000049 01                     177 	.db #0x01	; 1
    0000004A 01                     178 	.db #0x01	; 1
    0000004B 01                     179 	.db #0x01	; 1
    0000004C 01                     180 	.db #0x01	; 1
    0000004D 01                     181 	.db #0x01	; 1
    0000004E 01                     182 	.db #0x01	; 1
    0000004F 01                     183 	.db #0x01	; 1
    00000050 01                     184 	.db #0x01	; 1
    00000051 01                     185 	.db #0x01	; 1
    00000052 01                     186 	.db #0x01	; 1
    00000053 01                     187 	.db #0x01	; 1
    00000054 01                     188 	.db #0x01	; 1
    00000055 01                     189 	.db #0x01	; 1
    00000056 01                     190 	.db #0x01	; 1
    00000057 01                     191 	.db #0x01	; 1
    00000058 01                     192 	.db #0x01	; 1
    00000059 01                     193 	.db #0x01	; 1
    0000005A 01                     194 	.db #0x01	; 1
    0000005B 01                     195 	.db #0x01	; 1
    0000005C 01                     196 	.db #0x01	; 1
    0000005D 01                     197 	.db #0x01	; 1
    0000005E 01                     198 	.db #0x01	; 1
    0000005F 01                     199 	.db #0x01	; 1
    00000060 01                     200 	.db #0x01	; 1
    00000061 01                     201 	.db #0x01	; 1
    00000062 01                     202 	.db #0x01	; 1
    00000063 01                     203 	.db #0x01	; 1
    00000064 01                     204 	.db #0x01	; 1
    00000065 01                     205 	.db #0x01	; 1
    00000066 01                     206 	.db #0x01	; 1
    00000067 01                     207 	.db #0x01	; 1
    00000068 01                     208 	.db #0x01	; 1
    00000069 01                     209 	.db #0x01	; 1
    0000006A 01                     210 	.db #0x01	; 1
    0000006B 01                     211 	.db #0x01	; 1
    0000006C 01                     212 	.db #0x01	; 1
    0000006D 01                     213 	.db #0x01	; 1
    0000006E 01                     214 	.db #0x01	; 1
    0000006F 01                     215 	.db #0x01	; 1
    00000070 01                     216 	.db #0x01	; 1
    00000071 01                     217 	.db #0x01	; 1
    00000072 01                     218 	.db #0x01	; 1
    00000073 01                     219 	.db #0x01	; 1
    00000074 01                     220 	.db #0x01	; 1
    00000075 01                     221 	.db #0x01	; 1
    00000076 01                     222 	.db #0x01	; 1
    00000077 01                     223 	.db #0x01	; 1
    00000078 01                     224 	.db #0x01	; 1
    00000079 01                     225 	.db #0x01	; 1
    0000007A 01                     226 	.db #0x01	; 1
    0000007B 01                     227 	.db #0x01	; 1
    0000007C 01                     228 	.db #0x01	; 1
    0000007D 01                     229 	.db #0x01	; 1
    0000007E 01                     230 	.db #0x01	; 1
    0000007F 01                     231 	.db #0x01	; 1
    00000080 01                     232 	.db #0x01	; 1
    00000081 01                     233 	.db #0x01	; 1
    00000082 01                     234 	.db #0x01	; 1
    00000083 01                     235 	.db #0x01	; 1
    00000084 01                     236 	.db #0x01	; 1
    00000085 01                     237 	.db #0x01	; 1
    00000086 01                     238 	.db #0x01	; 1
    00000087 01                     239 	.db #0x01	; 1
    00000088 01                     240 	.db #0x01	; 1
    00000089 01                     241 	.db #0x01	; 1
    0000008A 01                     242 	.db #0x01	; 1
    0000008B 01                     243 	.db #0x01	; 1
    0000008C 01                     244 	.db #0x01	; 1
    0000008D 01                     245 	.db #0x01	; 1
    0000008E 01                     246 	.db #0x01	; 1
    0000008F 01                     247 	.db #0x01	; 1
    00000090 01                     248 	.db #0x01	; 1
    00000091 01                     249 	.db #0x01	; 1
    00000092 01                     250 	.db #0x01	; 1
    00000093 01                     251 	.db #0x01	; 1
    00000094 01                     252 	.db #0x01	; 1
    00000095 01                     253 	.db #0x01	; 1
    00000096 01                     254 	.db #0x01	; 1
    00000097 01                     255 	.db #0x01	; 1
    00000098 01                     256 	.db #0x01	; 1
    00000099 01                     257 	.db #0x01	; 1
    0000009A 01                     258 	.db #0x01	; 1
    0000009B 01                     259 	.db #0x01	; 1
    0000009C 01                     260 	.db #0x01	; 1
    0000009D 01                     261 	.db #0x01	; 1
    0000009E 01                     262 	.db #0x01	; 1
    0000009F 01                     263 	.db #0x01	; 1
    000000A0 01                     264 	.db #0x01	; 1
    000000A1 01                     265 	.db #0x01	; 1
    000000A2 01                     266 	.db #0x01	; 1
    000000A3 01                     267 	.db #0x01	; 1
    000000A4 01                     268 	.db #0x01	; 1
    000000A5 01                     269 	.db #0x01	; 1
    000000A6 01                     270 	.db #0x01	; 1
    000000A7 01                     271 	.db #0x01	; 1
    000000A8 01                     272 	.db #0x01	; 1
    000000A9 01                     273 	.db #0x01	; 1
    000000AA 01                     274 	.db #0x01	; 1
    000000AB 01                     275 	.db #0x01	; 1
    000000AC 01                     276 	.db #0x01	; 1
    000000AD 01                     277 	.db #0x01	; 1
    000000AE 01                     278 	.db #0x01	; 1
    000000AF 01                     279 	.db #0x01	; 1
    000000B0 01                     280 	.db #0x01	; 1
    000000B1 01                     281 	.db #0x01	; 1
    000000B2 01                     282 	.db #0x01	; 1
    000000B3 01                     283 	.db #0x01	; 1
    000000B4 01                     284 	.db #0x01	; 1
    000000B5 01                     285 	.db #0x01	; 1
    000000B6 01                     286 	.db #0x01	; 1
    000000B7 01                     287 	.db #0x01	; 1
    000000B8 01                     288 	.db #0x01	; 1
    000000B9 01                     289 	.db #0x01	; 1
    000000BA 01                     290 	.db #0x01	; 1
    000000BB 01                     291 	.db #0x01	; 1
    000000BC 01                     292 	.db #0x01	; 1
    000000BD 01                     293 	.db #0x01	; 1
    000000BE 01                     294 	.db #0x01	; 1
    000000BF 01                     295 	.db #0x01	; 1
    000000C0 01                     296 	.db #0x01	; 1
    000000C1 01                     297 	.db #0x01	; 1
    000000C2 01                     298 	.db #0x01	; 1
    000000C3 01                     299 	.db #0x01	; 1
    000000C4 01                     300 	.db #0x01	; 1
    000000C5 01                     301 	.db #0x01	; 1
    000000C6 01                     302 	.db #0x01	; 1
    000000C7 01                     303 	.db #0x01	; 1
    000000C8 01                     304 	.db #0x01	; 1
    000000C9 01                     305 	.db #0x01	; 1
    000000CA 01                     306 	.db #0x01	; 1
    000000CB 01                     307 	.db #0x01	; 1
    000000CC 01                     308 	.db #0x01	; 1
    000000CD 01                     309 	.db #0x01	; 1
    000000CE 01                     310 	.db #0x01	; 1
    000000CF 01                     311 	.db #0x01	; 1
    000000D0 01                     312 	.db #0x01	; 1
    000000D1 01                     313 	.db #0x01	; 1
    000000D2 01                     314 	.db #0x01	; 1
    000000D3 01                     315 	.db #0x01	; 1
    000000D4 01                     316 	.db #0x01	; 1
    000000D5 01                     317 	.db #0x01	; 1
    000000D6 01                     318 	.db #0x01	; 1
    000000D7 01                     319 	.db #0x01	; 1
    000000D8 01                     320 	.db #0x01	; 1
    000000D9 01                     321 	.db #0x01	; 1
    000000DA 01                     322 	.db #0x01	; 1
    000000DB 01                     323 	.db #0x01	; 1
    000000DC 01                     324 	.db #0x01	; 1
    000000DD 01                     325 	.db #0x01	; 1
    000000DE 01                     326 	.db #0x01	; 1
    000000DF 01                     327 	.db #0x01	; 1
    000000E0 01                     328 	.db #0x01	; 1
    000000E1 01                     329 	.db #0x01	; 1
    000000E2 01                     330 	.db #0x01	; 1
    000000E3 01                     331 	.db #0x01	; 1
    000000E4 01                     332 	.db #0x01	; 1
    000000E5 01                     333 	.db #0x01	; 1
    000000E6 01                     334 	.db #0x01	; 1
    000000E7 01                     335 	.db #0x01	; 1
    000000E8 01                     336 	.db #0x01	; 1
    000000E9 01                     337 	.db #0x01	; 1
    000000EA 01                     338 	.db #0x01	; 1
    000000EB 01                     339 	.db #0x01	; 1
    000000EC 01                     340 	.db #0x01	; 1
    000000ED 01                     341 	.db #0x01	; 1
    000000EE 01                     342 	.db #0x01	; 1
    000000EF 01                     343 	.db #0x01	; 1
    000000F0 01                     344 	.db #0x01	; 1
    000000F1 01                     345 	.db #0x01	; 1
    000000F2 01                     346 	.db #0x01	; 1
    000000F3 01                     347 	.db #0x01	; 1
    000000F4 01                     348 	.db #0x01	; 1
    000000F5 01                     349 	.db #0x01	; 1
    000000F6 01                     350 	.db #0x01	; 1
    000000F7 01                     351 	.db #0x01	; 1
    000000F8 01                     352 	.db #0x01	; 1
    000000F9 01                     353 	.db #0x01	; 1
    000000FA 01                     354 	.db #0x01	; 1
    000000FB 01                     355 	.db #0x01	; 1
    000000FC 01                     356 	.db #0x01	; 1
    000000FD 01                     357 	.db #0x01	; 1
    000000FE 01                     358 	.db #0x01	; 1
    000000FF 01                     359 	.db #0x01	; 1
    00000100 01                     360 	.db #0x01	; 1
    00000101 01                     361 	.db #0x01	; 1
    00000102 01                     362 	.db #0x01	; 1
    00000103 01                     363 	.db #0x01	; 1
    00000104 01                     364 	.db #0x01	; 1
    00000105 01                     365 	.db #0x01	; 1
    00000106 01                     366 	.db #0x01	; 1
    00000107 01                     367 	.db #0x01	; 1
    00000108 01                     368 	.db #0x01	; 1
    00000109 01                     369 	.db #0x01	; 1
    0000010A 01                     370 	.db #0x01	; 1
    0000010B 01                     371 	.db #0x01	; 1
    0000010C 01                     372 	.db #0x01	; 1
    0000010D 01                     373 	.db #0x01	; 1
    0000010E 01                     374 	.db #0x01	; 1
    0000010F 01                     375 	.db #0x01	; 1
    00000110 01                     376 	.db #0x01	; 1
    00000111 01                     377 	.db #0x01	; 1
    00000112 01                     378 	.db #0x01	; 1
    00000113 01                     379 	.db #0x01	; 1
    00000114 01                     380 	.db #0x01	; 1
    00000115 01                     381 	.db #0x01	; 1
    00000116 01                     382 	.db #0x01	; 1
    00000117 01                     383 	.db #0x01	; 1
    00000118 01                     384 	.db #0x01	; 1
    00000119 01                     385 	.db #0x01	; 1
    0000011A 01                     386 	.db #0x01	; 1
    0000011B 01                     387 	.db #0x01	; 1
    0000011C 01                     388 	.db #0x01	; 1
    0000011D 01                     389 	.db #0x01	; 1
    0000011E 01                     390 	.db #0x01	; 1
    0000011F 01                     391 	.db #0x01	; 1
    00000120 01                     392 	.db #0x01	; 1
    00000121 01                     393 	.db #0x01	; 1
    00000122 01                     394 	.db #0x01	; 1
    00000123 01                     395 	.db #0x01	; 1
    00000124 01                     396 	.db #0x01	; 1
    00000125 01                     397 	.db #0x01	; 1
    00000126 01                     398 	.db #0x01	; 1
    00000127 01                     399 	.db #0x01	; 1
    00000128 01                     400 	.db #0x01	; 1
    00000129 01                     401 	.db #0x01	; 1
    0000012A 01                     402 	.db #0x01	; 1
    0000012B 01                     403 	.db #0x01	; 1
    0000012C 01                     404 	.db #0x01	; 1
    0000012D 01                     405 	.db #0x01	; 1
    0000012E 01                     406 	.db #0x01	; 1
    0000012F 01                     407 	.db #0x01	; 1
    00000130 01                     408 	.db #0x01	; 1
                                    409 	.area _XINIT
                                    410 	.area _CABS    (ABS)
