                                      1 ;--------------------------------------------------------
                                      2 ; File Created by SDCC : free open source ISO C Compiler 
                                      3 ; Version 4.4.1 #14650 (Linux)
                                      4 ;--------------------------------------------------------
                                      5 	.module sprite
                                      6 	.optsdcc -mz80
                                      7 	
                                      8 ;--------------------------------------------------------
                                      9 ; Public variables in this module
                                     10 ;--------------------------------------------------------
                                     11 	.globl _sprite_metasprites
                                     12 	.globl _sprite_metasprite4
                                     13 	.globl _sprite_metasprite3
                                     14 	.globl _sprite_metasprite2
                                     15 	.globl _sprite_metasprite1
                                     16 	.globl _sprite_metasprite0
                                     17 	.globl _sprite_tiles
                                     18 	.globl _sprite_palettes
                                     19 	.globl b___func_sprite
                                     20 	.globl ___func_sprite
                                     21 ;--------------------------------------------------------
                                     22 ; special function registers
                                     23 ;--------------------------------------------------------
                         00000000    24 _GG_STATE	=	0x0000
                         00000001    25 _GG_EXT_7BIT	=	0x0001
                         00000002    26 _GG_EXT_CTL	=	0x0002
                         00000003    27 _GG_SIO_SEND	=	0x0003
                         00000004    28 _GG_SIO_RECV	=	0x0004
                         00000005    29 _GG_SIO_CTL	=	0x0005
                         00000006    30 _GG_SOUND_PAN	=	0x0006
                         0000003E    31 _MEMORY_CTL	=	0x003e
                         0000003F    32 _JOY_CTL	=	0x003f
                         0000007E    33 _VCOUNTER	=	0x007e
                         0000007F    34 _PSG	=	0x007f
                         0000007F    35 _HCOUNTER	=	0x007f
                         000000BE    36 _VDP_DATA	=	0x00be
                         000000BF    37 _VDP_CMD	=	0x00bf
                         000000BF    38 _VDP_STATUS	=	0x00bf
                         000000DC    39 _JOY_PORT1	=	0x00dc
                         000000DD    40 _JOY_PORT2	=	0x00dd
                         000000F0    41 _FMADDRESS	=	0x00f0
                         000000F1    42 _FMDATA	=	0x00f1
                         000000F2    43 _AUDIOCTRL	=	0x00f2
                                     44 ;--------------------------------------------------------
                                     45 ; ram data
                                     46 ;--------------------------------------------------------
                                     47 	.area _DATA
                         0000FFFC    48 _RAM_CONTROL	=	0xfffc
                         0000FFF8    49 _GLASSES_3D	=	0xfff8
                         0000FFFD    50 _MAP_FRAME0	=	0xfffd
                         0000FFFE    51 _MAP_FRAME1	=	0xfffe
                         0000FFFF    52 _MAP_FRAME2	=	0xffff
                                     53 ;--------------------------------------------------------
                                     54 ; ram data
                                     55 ;--------------------------------------------------------
                                     56 	.area _INITIALIZED
                                     57 ;--------------------------------------------------------
                                     58 ; absolute external ram data
                                     59 ;--------------------------------------------------------
                                     60 	.area _DABS (ABS)
                                     61 ;--------------------------------------------------------
                                     62 ; global & static initialisations
                                     63 ;--------------------------------------------------------
                                     64 	.area _HOME
                                     65 	.area _GSINIT
                                     66 	.area _GSFINAL
                                     67 	.area _GSINIT
                                     68 ;--------------------------------------------------------
                                     69 ; Home
                                     70 ;--------------------------------------------------------
                                     71 	.area _HOME
                                     72 	.area _HOME
                                     73 ;--------------------------------------------------------
                                     74 ; code
                                     75 ;--------------------------------------------------------
                                     76 	.area _CODE
                                     77 ;obj/gg/res/sprite.c:7: BANKREF(sprite)
                                     78 ;	---------------------------------
                                     79 ; Function __func_sprite
                                     80 ; ---------------------------------
                         00000000    81 	b___func_sprite	= 0
    00000000                         82 ___func_sprite::
                                     83 	.local b___func_sprite 
                         00000000    84 	___bank_sprite = b___func_sprite 
                                     85 	.globl ___bank_sprite 
                                     86 	.area _CODE
    00000000                         87 _sprite_palettes:
    00000000 FF 0F                   88 	.dw #0x0fff
    00000002 FE 0C                   89 	.dw #0x0cfe
    00000004 C8 06                   90 	.dw #0x06c8
    00000006 10 02                   91 	.dw #0x0210
    00000008                         92 _sprite_tiles:
    00000008 00                      93 	.db #0x00	; 0
    00000009 00                      94 	.db #0x00	; 0
    0000000A 00                      95 	.db #0x00	; 0
    0000000B 00                      96 	.db #0x00	; 0
    0000000C 00                      97 	.db #0x00	; 0
    0000000D 00                      98 	.db #0x00	; 0
    0000000E 03                      99 	.db #0x03	; 3
    0000000F 03                     100 	.db #0x03	; 3
    00000010 0D                     101 	.db #0x0d	; 13
    00000011 0E                     102 	.db #0x0e	; 14
    00000012 1F                     103 	.db #0x1f	; 31
    00000013 10                     104 	.db #0x10	; 16
    00000014 3F                     105 	.db #0x3f	; 63
    00000015 20                     106 	.db #0x20	; 32
    00000016 3F                     107 	.db #0x3f	; 63
    00000017 20                     108 	.db #0x20	; 32
    00000018 00                     109 	.db #0x00	; 0
    00000019 00                     110 	.db #0x00	; 0
    0000001A 03                     111 	.db #0x03	; 3
    0000001B 03                     112 	.db #0x03	; 3
    0000001C FD                     113 	.db #0xfd	; 253
    0000001D FE                     114 	.db #0xfe	; 254
    0000001E 3F                     115 	.db #0x3f	; 63
    0000001F C0                     116 	.db #0xc0	; 192
    00000020 FF                     117 	.db #0xff	; 255
    00000021 0C                     118 	.db #0x0c	; 12
    00000022 FF                     119 	.db #0xff	; 255
    00000023 13                     120 	.db #0x13	; 19
    00000024 F7                     121 	.db #0xf7	; 247
    00000025 08                     122 	.db #0x08	; 8
    00000026 C1                     123 	.db #0xc1	; 193
    00000027 3E                     124 	.db #0x3e	; 62
    00000028 7F                     125 	.db #0x7f	; 127
    00000029 7F                     126 	.db #0x7f	; 127
    0000002A 9F                     127 	.db #0x9f	; 159
    0000002B E0                     128 	.db #0xe0	; 224
    0000002C FF                     129 	.db #0xff	; 255
    0000002D 00                     130 	.db #0x00	; 0
    0000002E FF                     131 	.db #0xff	; 255
    0000002F 00                     132 	.db #0x00	; 0
    00000030 FF                     133 	.db #0xff	; 255
    00000031 00                     134 	.db #0x00	; 0
    00000032 FF                     135 	.db #0xff	; 255
    00000033 00                     136 	.db #0x00	; 0
    00000034 FF                     137 	.db #0xff	; 255
    00000035 80                     138 	.db #0x80	; 128
    00000036 FF                     139 	.db #0xff	; 255
    00000037 40                     140 	.db #0x40	; 64
    00000038 F0                     141 	.db #0xf0	; 240
    00000039 F0                     142 	.db #0xf0	; 240
    0000003A CF                     143 	.db #0xcf	; 207
    0000003B 3F                     144 	.db #0x3f	; 63
    0000003C FF                     145 	.db #0xff	; 255
    0000003D 00                     146 	.db #0x00	; 0
    0000003E FF                     147 	.db #0xff	; 255
    0000003F 00                     148 	.db #0x00	; 0
    00000040 FF                     149 	.db #0xff	; 255
    00000041 00                     150 	.db #0x00	; 0
    00000042 FF                     151 	.db #0xff	; 255
    00000043 00                     152 	.db #0x00	; 0
    00000044 FF                     153 	.db #0xff	; 255
    00000045 00                     154 	.db #0x00	; 0
    00000046 FF                     155 	.db #0xff	; 255
    00000047 00                     156 	.db #0x00	; 0
    00000048 00                     157 	.db #0x00	; 0
    00000049 00                     158 	.db #0x00	; 0
    0000004A C0                     159 	.db #0xc0	; 192
    0000004B C0                     160 	.db #0xc0	; 192
    0000004C 3C                     161 	.db #0x3c	; 60
    0000004D FC                     162 	.db #0xfc	; 252
    0000004E F3                     163 	.db #0xf3	; 243
    0000004F 0F                     164 	.db #0x0f	; 15
    00000050 FF                     165 	.db #0xff	; 255
    00000051 00                     166 	.db #0x00	; 0
    00000052 FF                     167 	.db #0xff	; 255
    00000053 00                     168 	.db #0x00	; 0
    00000054 FF                     169 	.db #0xff	; 255
    00000055 00                     170 	.db #0x00	; 0
    00000056 FF                     171 	.db #0xff	; 255
    00000057 00                     172 	.db #0x00	; 0
    00000058 00                     173 	.db #0x00	; 0
    00000059 00                     174 	.db #0x00	; 0
    0000005A 00                     175 	.db #0x00	; 0
    0000005B 00                     176 	.db #0x00	; 0
    0000005C 00                     177 	.db #0x00	; 0
    0000005D 00                     178 	.db #0x00	; 0
    0000005E C0                     179 	.db #0xc0	; 192
    0000005F C0                     180 	.db #0xc0	; 192
    00000060 B0                     181 	.db #0xb0	; 176
    00000061 70                     182 	.db #0x70	; 112	'p'
    00000062 F8                     183 	.db #0xf8	; 248
    00000063 08                     184 	.db #0x08	; 8
    00000064 FC                     185 	.db #0xfc	; 252
    00000065 04                     186 	.db #0x04	; 4
    00000066 FC                     187 	.db #0xfc	; 252
    00000067 04                     188 	.db #0x04	; 4
    00000068 3F                     189 	.db #0x3f	; 63
    00000069 20                     190 	.db #0x20	; 32
    0000006A 3F                     191 	.db #0x3f	; 63
    0000006B 20                     192 	.db #0x20	; 32
    0000006C 3F                     193 	.db #0x3f	; 63
    0000006D 20                     194 	.db #0x20	; 32
    0000006E 3F                     195 	.db #0x3f	; 63
    0000006F 20                     196 	.db #0x20	; 32
    00000070 3F                     197 	.db #0x3f	; 63
    00000071 20                     198 	.db #0x20	; 32
    00000072 3F                     199 	.db #0x3f	; 63
    00000073 23                     200 	.db #0x23	; 35
    00000074 3D                     201 	.db #0x3d	; 61
    00000075 23                     202 	.db #0x23	; 35
    00000076 5E                     203 	.db #0x5e	; 94
    00000077 61                     204 	.db #0x61	; 97	'a'
    00000078 C0                     205 	.db #0xc0	; 192
    00000079 3F                     206 	.db #0x3f	; 63
    0000007A C0                     207 	.db #0xc0	; 192
    0000007B 3F                     208 	.db #0x3f	; 63
    0000007C C0                     209 	.db #0xc0	; 192
    0000007D 3F                     210 	.db #0x3f	; 63
    0000007E CF                     211 	.db #0xcf	; 207
    0000007F 30                     212 	.db #0x30	; 48	'0'
    00000080 FF                     213 	.db #0xff	; 255
    00000081 08                     214 	.db #0x08	; 8
    00000082 BF                     215 	.db #0xbf	; 191
    00000083 C4                     216 	.db #0xc4	; 196
    00000084 E7                     217 	.db #0xe7	; 231
    00000085 DC                     218 	.db #0xdc	; 220
    00000086 07                     219 	.db #0x07	; 7
    00000087 FC                     220 	.db #0xfc	; 252
    00000088 FF                     221 	.db #0xff	; 255
    00000089 20                     222 	.db #0x20	; 32
    0000008A 7F                     223 	.db #0x7f	; 127
    0000008B A0                     224 	.db #0xa0	; 160
    0000008C 7F                     225 	.db #0x7f	; 127
    0000008D 90                     226 	.db #0x90	; 144
    0000008E FF                     227 	.db #0xff	; 255
    0000008F 10                     228 	.db #0x10	; 16
    00000090 FF                     229 	.db #0xff	; 255
    00000091 10                     230 	.db #0x10	; 16
    00000092 DF                     231 	.db #0xdf	; 223
    00000093 30                     232 	.db #0x30	; 48	'0'
    00000094 FF                     233 	.db #0xff	; 255
    00000095 60                     234 	.db #0x60	; 96
    00000096 BF                     235 	.db #0xbf	; 191
    00000097 C0                     236 	.db #0xc0	; 192
    00000098 FF                     237 	.db #0xff	; 255
    00000099 00                     238 	.db #0x00	; 0
    0000009A FF                     239 	.db #0xff	; 255
    0000009B 00                     240 	.db #0x00	; 0
    0000009C FF                     241 	.db #0xff	; 255
    0000009D 00                     242 	.db #0x00	; 0
    0000009E FF                     243 	.db #0xff	; 255
    0000009F 00                     244 	.db #0x00	; 0
    000000A0 FF                     245 	.db #0xff	; 255
    000000A1 00                     246 	.db #0x00	; 0
    000000A2 FF                     247 	.db #0xff	; 255
    000000A3 00                     248 	.db #0x00	; 0
    000000A4 FF                     249 	.db #0xff	; 255
    000000A5 00                     250 	.db #0x00	; 0
    000000A6 3F                     251 	.db #0x3f	; 63
    000000A7 C0                     252 	.db #0xc0	; 192
    000000A8 FF                     253 	.db #0xff	; 255
    000000A9 00                     254 	.db #0x00	; 0
    000000AA FF                     255 	.db #0xff	; 255
    000000AB 00                     256 	.db #0x00	; 0
    000000AC FF                     257 	.db #0xff	; 255
    000000AD 00                     258 	.db #0x00	; 0
    000000AE FF                     259 	.db #0xff	; 255
    000000AF 00                     260 	.db #0x00	; 0
    000000B0 FF                     261 	.db #0xff	; 255
    000000B1 00                     262 	.db #0x00	; 0
    000000B2 FF                     263 	.db #0xff	; 255
    000000B3 00                     264 	.db #0x00	; 0
    000000B4 FF                     265 	.db #0xff	; 255
    000000B5 00                     266 	.db #0x00	; 0
    000000B6 FC                     267 	.db #0xfc	; 252
    000000B7 03                     268 	.db #0x03	; 3
    000000B8 FE                     269 	.db #0xfe	; 254
    000000B9 02                     270 	.db #0x02	; 2
    000000BA FE                     271 	.db #0xfe	; 254
    000000BB 02                     272 	.db #0x02	; 2
    000000BC FD                     273 	.db #0xfd	; 253
    000000BD 03                     274 	.db #0x03	; 3
    000000BE FF                     275 	.db #0xff	; 255
    000000BF 01                     276 	.db #0x01	; 1
    000000C0 FF                     277 	.db #0xff	; 255
    000000C1 01                     278 	.db #0x01	; 1
    000000C2 FF                     279 	.db #0xff	; 255
    000000C3 01                     280 	.db #0x01	; 1
    000000C4 FF                     281 	.db #0xff	; 255
    000000C5 00                     282 	.db #0x00	; 0
    000000C6 7F                     283 	.db #0x7f	; 127
    000000C7 80                     284 	.db #0x80	; 128
    000000C8 00                     285 	.db #0x00	; 0
    000000C9 00                     286 	.db #0x00	; 0
    000000CA 00                     287 	.db #0x00	; 0
    000000CB 00                     288 	.db #0x00	; 0
    000000CC 00                     289 	.db #0x00	; 0
    000000CD 00                     290 	.db #0x00	; 0
    000000CE 00                     291 	.db #0x00	; 0
    000000CF 00                     292 	.db #0x00	; 0
    000000D0 00                     293 	.db #0x00	; 0
    000000D1 00                     294 	.db #0x00	; 0
    000000D2 00                     295 	.db #0x00	; 0
    000000D3 00                     296 	.db #0x00	; 0
    000000D4 80                     297 	.db #0x80	; 128
    000000D5 80                     298 	.db #0x80	; 128
    000000D6 80                     299 	.db #0x80	; 128
    000000D7 80                     300 	.db #0x80	; 128
    000000D8 5E                     301 	.db #0x5e	; 94
    000000D9 61                     302 	.db #0x61	; 97	'a'
    000000DA 7C                     303 	.db #0x7c	; 124
    000000DB 43                     304 	.db #0x43	; 67	'C'
    000000DC 78                     305 	.db #0x78	; 120	'x'
    000000DD 47                     306 	.db #0x47	; 71	'G'
    000000DE 79                     307 	.db #0x79	; 121	'y'
    000000DF 47                     308 	.db #0x47	; 71	'G'
    000000E0 BB                     309 	.db #0xbb	; 187
    000000E1 C7                     310 	.db #0xc7	; 199
    000000E2 B3                     311 	.db #0xb3	; 179
    000000E3 CF                     312 	.db #0xcf	; 207
    000000E4 F2                     313 	.db #0xf2	; 242
    000000E5 8E                     314 	.db #0x8e	; 142
    000000E6 F4                     315 	.db #0xf4	; 244
    000000E7 8C                     316 	.db #0x8c	; 140
    000000E8 02                     317 	.db #0x02	; 2
    000000E9 FF                     318 	.db #0xff	; 255
    000000EA 03                     319 	.db #0x03	; 3
    000000EB FF                     320 	.db #0xff	; 255
    000000EC 00                     321 	.db #0x00	; 0
    000000ED FF                     322 	.db #0xff	; 255
    000000EE 87                     323 	.db #0x87	; 135
    000000EF FF                     324 	.db #0xff	; 255
    000000F0 FF                     325 	.db #0xff	; 255
    000000F1 FF                     326 	.db #0xff	; 255
    000000F2 C1                     327 	.db #0xc1	; 193
    000000F3 C1                     328 	.db #0xc1	; 193
    000000F4 01                     329 	.db #0x01	; 1
    000000F5 01                     330 	.db #0x01	; 1
    000000F6 00                     331 	.db #0x00	; 0
    000000F7 00                     332 	.db #0x00	; 0
    000000F8 BD                     333 	.db #0xbd	; 189
    000000F9 C2                     334 	.db #0xc2	; 194
    000000FA 3C                     335 	.db #0x3c	; 60
    000000FB C3                     336 	.db #0xc3	; 195
    000000FC 7E                     337 	.db #0x7e	; 126
    000000FD 81                     338 	.db #0x81	; 129
    000000FE FF                     339 	.db #0xff	; 255
    000000FF 80                     340 	.db #0x80	; 128
    00000100 FF                     341 	.db #0xff	; 255
    00000101 80                     342 	.db #0x80	; 128
    00000102 BF                     343 	.db #0xbf	; 191
    00000103 C0                     344 	.db #0xc0	; 192
    00000104 FF                     345 	.db #0xff	; 255
    00000105 C0                     346 	.db #0xc0	; 192
    00000106 FF                     347 	.db #0xff	; 255
    00000107 C0                     348 	.db #0xc0	; 192
    00000108 07                     349 	.db #0x07	; 7
    00000109 F8                     350 	.db #0xf8	; 248
    0000010A 00                     351 	.db #0x00	; 0
    0000010B FF                     352 	.db #0xff	; 255
    0000010C 00                     353 	.db #0x00	; 0
    0000010D FF                     354 	.db #0xff	; 255
    0000010E 00                     355 	.db #0x00	; 0
    0000010F FF                     356 	.db #0xff	; 255
    00000110 00                     357 	.db #0x00	; 0
    00000111 FF                     358 	.db #0xff	; 255
    00000112 00                     359 	.db #0x00	; 0
    00000113 FF                     360 	.db #0xff	; 255
    00000114 40                     361 	.db #0x40	; 64
    00000115 FF                     362 	.db #0xff	; 255
    00000116 40                     363 	.db #0x40	; 64
    00000117 FF                     364 	.db #0xff	; 255
    00000118 E0                     365 	.db #0xe0	; 224
    00000119 1F                     366 	.db #0x1f	; 31
    0000011A 00                     367 	.db #0x00	; 0
    0000011B FF                     368 	.db #0xff	; 255
    0000011C 00                     369 	.db #0x00	; 0
    0000011D FF                     370 	.db #0xff	; 255
    0000011E 00                     371 	.db #0x00	; 0
    0000011F FF                     372 	.db #0xff	; 255
    00000120 00                     373 	.db #0x00	; 0
    00000121 FF                     374 	.db #0xff	; 255
    00000122 00                     375 	.db #0x00	; 0
    00000123 FF                     376 	.db #0xff	; 255
    00000124 02                     377 	.db #0x02	; 2
    00000125 FF                     378 	.db #0xff	; 255
    00000126 02                     379 	.db #0x02	; 2
    00000127 FF                     380 	.db #0xff	; 255
    00000128 7F                     381 	.db #0x7f	; 127
    00000129 80                     382 	.db #0x80	; 128
    0000012A FF                     383 	.db #0xff	; 255
    0000012B 00                     384 	.db #0x00	; 0
    0000012C FE                     385 	.db #0xfe	; 254
    0000012D 01                     386 	.db #0x01	; 1
    0000012E FF                     387 	.db #0xff	; 255
    0000012F 01                     388 	.db #0x01	; 1
    00000130 FD                     389 	.db #0xfd	; 253
    00000131 03                     390 	.db #0x03	; 3
    00000132 FD                     391 	.db #0xfd	; 253
    00000133 03                     392 	.db #0x03	; 3
    00000134 79                     393 	.db #0x79	; 121	'y'
    00000135 87                     394 	.db #0x87	; 135
    00000136 71                     395 	.db #0x71	; 113	'q'
    00000137 8F                     396 	.db #0x8f	; 143
    00000138 40                     397 	.db #0x40	; 64
    00000139 C0                     398 	.db #0xc0	; 192
    0000013A C0                     399 	.db #0xc0	; 192
    0000013B 40                     400 	.db #0x40	; 64
    0000013C C0                     401 	.db #0xc0	; 192
    0000013D 40                     402 	.db #0x40	; 64
    0000013E C0                     403 	.db #0xc0	; 192
    0000013F 40                     404 	.db #0x40	; 64
    00000140 E0                     405 	.db #0xe0	; 224
    00000141 20                     406 	.db #0x20	; 32
    00000142 60                     407 	.db #0x60	; 96
    00000143 A0                     408 	.db #0xa0	; 160
    00000144 60                     409 	.db #0x60	; 96
    00000145 A0                     410 	.db #0xa0	; 160
    00000146 A0                     411 	.db #0xa0	; 160
    00000147 E0                     412 	.db #0xe0	; 224
    00000148 F4                     413 	.db #0xf4	; 244
    00000149 8C                     414 	.db #0x8c	; 140
    0000014A F4                     415 	.db #0xf4	; 244
    0000014B 8C                     416 	.db #0x8c	; 140
    0000014C B4                     417 	.db #0xb4	; 180
    0000014D CC                     418 	.db #0xcc	; 204
    0000014E B8                     419 	.db #0xb8	; 184
    0000014F C8                     420 	.db #0xc8	; 200
    00000150 B8                     421 	.db #0xb8	; 184
    00000151 C8                     422 	.db #0xc8	; 200
    00000152 78                     423 	.db #0x78	; 120	'x'
    00000153 48                     424 	.db #0x48	; 72	'H'
    00000154 78                     425 	.db #0x78	; 120	'x'
    00000155 48                     426 	.db #0x48	; 72	'H'
    00000156 78                     427 	.db #0x78	; 120	'x'
    00000157 48                     428 	.db #0x48	; 72	'H'
    00000158 DF                     429 	.db #0xdf	; 223
    00000159 E0                     430 	.db #0xe0	; 224
    0000015A 7F                     431 	.db #0x7f	; 127
    0000015B 60                     432 	.db #0x60	; 96
    0000015C 7E                     433 	.db #0x7e	; 126
    0000015D 61                     434 	.db #0x61	; 97	'a'
    0000015E 6E                     435 	.db #0x6e	; 110	'n'
    0000015F 71                     436 	.db #0x71	; 113	'q'
    00000160 7E                     437 	.db #0x7e	; 126
    00000161 71                     438 	.db #0x71	; 113	'q'
    00000162 7C                     439 	.db #0x7c	; 124
    00000163 73                     440 	.db #0x73	; 115	's'
    00000164 70                     441 	.db #0x70	; 112	'p'
    00000165 7F                     442 	.db #0x7f	; 127
    00000166 78                     443 	.db #0x78	; 120	'x'
    00000167 7F                     444 	.db #0x7f	; 127
    00000168 70                     445 	.db #0x70	; 112	'p'
    00000169 FF                     446 	.db #0xff	; 255
    0000016A 4F                     447 	.db #0x4f	; 79	'O'
    0000016B CF                     448 	.db #0xcf	; 207
    0000016C 41                     449 	.db #0x41	; 65	'A'
    0000016D C1                     450 	.db #0xc1	; 193
    0000016E 40                     451 	.db #0x40	; 64
    0000016F C0                     452 	.db #0xc0	; 192
    00000170 40                     453 	.db #0x40	; 64
    00000171 C0                     454 	.db #0xc0	; 192
    00000172 40                     455 	.db #0x40	; 64
    00000173 C0                     456 	.db #0xc0	; 192
    00000174 20                     457 	.db #0x20	; 32
    00000175 E0                     458 	.db #0xe0	; 224
    00000176 20                     459 	.db #0x20	; 32
    00000177 E0                     460 	.db #0xe0	; 224
    00000178 02                     461 	.db #0x02	; 2
    00000179 FF                     462 	.db #0xff	; 255
    0000017A FE                     463 	.db #0xfe	; 254
    0000017B FF                     464 	.db #0xff	; 255
    0000017C FE                     465 	.db #0xfe	; 254
    0000017D FF                     466 	.db #0xff	; 255
    0000017E 3F                     467 	.db #0x3f	; 63
    0000017F 3F                     468 	.db #0x3f	; 63
    00000180 3F                     469 	.db #0x3f	; 63
    00000181 3F                     470 	.db #0x3f	; 63
    00000182 3F                     471 	.db #0x3f	; 63
    00000183 3F                     472 	.db #0x3f	; 63
    00000184 3F                     473 	.db #0x3f	; 63
    00000185 3F                     474 	.db #0x3f	; 63
    00000186 1F                     475 	.db #0x1f	; 31
    00000187 1F                     476 	.db #0x1f	; 31
    00000188 01                     477 	.db #0x01	; 1
    00000189 FF                     478 	.db #0xff	; 255
    0000018A 01                     479 	.db #0x01	; 1
    0000018B FF                     480 	.db #0xff	; 255
    0000018C 01                     481 	.db #0x01	; 1
    0000018D FF                     482 	.db #0xff	; 255
    0000018E 01                     483 	.db #0x01	; 1
    0000018F FF                     484 	.db #0xff	; 255
    00000190 01                     485 	.db #0x01	; 1
    00000191 FF                     486 	.db #0xff	; 255
    00000192 82                     487 	.db #0x82	; 130
    00000193 FE                     488 	.db #0xfe	; 254
    00000194 82                     489 	.db #0x82	; 130
    00000195 FE                     490 	.db #0xfe	; 254
    00000196 C2                     491 	.db #0xc2	; 194
    00000197 FE                     492 	.db #0xfe	; 254
    00000198 50                     493 	.db #0x50	; 80	'P'
    00000199 70                     494 	.db #0x70	; 112	'p'
    0000019A 50                     495 	.db #0x50	; 80	'P'
    0000019B 70                     496 	.db #0x70	; 112	'p'
    0000019C 50                     497 	.db #0x50	; 80	'P'
    0000019D 70                     498 	.db #0x70	; 112	'p'
    0000019E 50                     499 	.db #0x50	; 80	'P'
    0000019F 70                     500 	.db #0x70	; 112	'p'
    000001A0 30                     501 	.db #0x30	; 48	'0'
    000001A1 30                     502 	.db #0x30	; 48	'0'
    000001A2 20                     503 	.db #0x20	; 32
    000001A3 20                     504 	.db #0x20	; 32
    000001A4 00                     505 	.db #0x00	; 0
    000001A5 00                     506 	.db #0x00	; 0
    000001A6 00                     507 	.db #0x00	; 0
    000001A7 00                     508 	.db #0x00	; 0
    000001A8 74                     509 	.db #0x74	; 116	't'
    000001A9 4C                     510 	.db #0x4c	; 76	'L'
    000001AA 5C                     511 	.db #0x5c	; 92
    000001AB 64                     512 	.db #0x64	; 100	'd'
    000001AC 3C                     513 	.db #0x3c	; 60
    000001AD 24                     514 	.db #0x24	; 36
    000001AE 3E                     515 	.db #0x3e	; 62
    000001AF 22                     516 	.db #0x22	; 34
    000001B0 19                     517 	.db #0x19	; 25
    000001B1 17                     518 	.db #0x17	; 23
    000001B2 0B                     519 	.db #0x0b	; 11
    000001B3 0F                     520 	.db #0x0f	; 15
    000001B4 06                     521 	.db #0x06	; 6
    000001B5 06                     522 	.db #0x06	; 6
    000001B6 00                     523 	.db #0x00	; 0
    000001B7 00                     524 	.db #0x00	; 0
    000001B8 78                     525 	.db #0x78	; 120	'x'
    000001B9 7F                     526 	.db #0x7f	; 127
    000001BA 78                     527 	.db #0x78	; 120	'x'
    000001BB 7F                     528 	.db #0x7f	; 127
    000001BC 7C                     529 	.db #0x7c	; 124
    000001BD 7F                     530 	.db #0x7f	; 127
    000001BE 7C                     531 	.db #0x7c	; 124
    000001BF 7F                     532 	.db #0x7f	; 127
    000001C0 7C                     533 	.db #0x7c	; 124
    000001C1 7F                     534 	.db #0x7f	; 127
    000001C2 FB                     535 	.db #0xfb	; 251
    000001C3 FC                     536 	.db #0xfc	; 252
    000001C4 FB                     537 	.db #0xfb	; 251
    000001C5 FC                     538 	.db #0xfc	; 252
    000001C6 0F                     539 	.db #0x0f	; 15
    000001C7 0F                     540 	.db #0x0f	; 15
    000001C8 20                     541 	.db #0x20	; 32
    000001C9 E0                     542 	.db #0xe0	; 224
    000001CA 20                     543 	.db #0x20	; 32
    000001CB E0                     544 	.db #0xe0	; 224
    000001CC 20                     545 	.db #0x20	; 32
    000001CD E0                     546 	.db #0xe0	; 224
    000001CE 10                     547 	.db #0x10	; 16
    000001CF F0                     548 	.db #0xf0	; 240
    000001D0 10                     549 	.db #0x10	; 16
    000001D1 F0                     550 	.db #0xf0	; 240
    000001D2 90                     551 	.db #0x90	; 144
    000001D3 70                     552 	.db #0x70	; 112	'p'
    000001D4 D0                     553 	.db #0xd0	; 208
    000001D5 30                     554 	.db #0x30	; 48	'0'
    000001D6 E0                     555 	.db #0xe0	; 224
    000001D7 E0                     556 	.db #0xe0	; 224
    000001D8 1F                     557 	.db #0x1f	; 31
    000001D9 1F                     558 	.db #0x1f	; 31
    000001DA 1F                     559 	.db #0x1f	; 31
    000001DB 1F                     560 	.db #0x1f	; 31
    000001DC 1F                     561 	.db #0x1f	; 31
    000001DD 1F                     562 	.db #0x1f	; 31
    000001DE 1F                     563 	.db #0x1f	; 31
    000001DF 1F                     564 	.db #0x1f	; 31
    000001E0 3F                     565 	.db #0x3f	; 63
    000001E1 3F                     566 	.db #0x3f	; 63
    000001E2 3F                     567 	.db #0x3f	; 63
    000001E3 3F                     568 	.db #0x3f	; 63
    000001E4 3F                     569 	.db #0x3f	; 63
    000001E5 3F                     570 	.db #0x3f	; 63
    000001E6 00                     571 	.db #0x00	; 0
    000001E7 00                     572 	.db #0x00	; 0
    000001E8 C2                     573 	.db #0xc2	; 194
    000001E9 FE                     574 	.db #0xfe	; 254
    000001EA 42                     575 	.db #0x42	; 66	'B'
    000001EB 7E                     576 	.db #0x7e	; 126
    000001EC 42                     577 	.db #0x42	; 66	'B'
    000001ED 7E                     578 	.db #0x7e	; 126
    000001EE 42                     579 	.db #0x42	; 66	'B'
    000001EF 7E                     580 	.db #0x7e	; 126
    000001F0 81                     581 	.db #0x81	; 129
    000001F1 FF                     582 	.db #0xff	; 255
    000001F2 B9                     583 	.db #0xb9	; 185
    000001F3 C7                     584 	.db #0xc7	; 199
    000001F4 FD                     585 	.db #0xfd	; 253
    000001F5 83                     586 	.db #0x83	; 131
    000001F6 FE                     587 	.db #0xfe	; 254
    000001F7 FE                     588 	.db #0xfe	; 254
    000001F8 40                     589 	.db #0x40	; 64
    000001F9 C0                     590 	.db #0xc0	; 192
    000001FA C0                     591 	.db #0xc0	; 192
    000001FB 40                     592 	.db #0x40	; 64
    000001FC C0                     593 	.db #0xc0	; 192
    000001FD 40                     594 	.db #0x40	; 64
    000001FE E0                     595 	.db #0xe0	; 224
    000001FF 20                     596 	.db #0x20	; 32
    00000200 60                     597 	.db #0x60	; 96
    00000201 A0                     598 	.db #0xa0	; 160
    00000202 B0                     599 	.db #0xb0	; 176
    00000203 D0                     600 	.db #0xd0	; 208
    00000204 70                     601 	.db #0x70	; 112	'p'
    00000205 50                     602 	.db #0x50	; 80	'P'
    00000206 50                     603 	.db #0x50	; 80	'P'
    00000207 70                     604 	.db #0x70	; 112	'p'
    00000208 00                     605 	.db #0x00	; 0
    00000209 00                     606 	.db #0x00	; 0
    0000020A 00                     607 	.db #0x00	; 0
    0000020B 00                     608 	.db #0x00	; 0
    0000020C 00                     609 	.db #0x00	; 0
    0000020D 00                     610 	.db #0x00	; 0
    0000020E 01                     611 	.db #0x01	; 1
    0000020F 01                     612 	.db #0x01	; 1
    00000210 01                     613 	.db #0x01	; 1
    00000211 01                     614 	.db #0x01	; 1
    00000212 01                     615 	.db #0x01	; 1
    00000213 01                     616 	.db #0x01	; 1
    00000214 01                     617 	.db #0x01	; 1
    00000215 01                     618 	.db #0x01	; 1
    00000216 01                     619 	.db #0x01	; 1
    00000217 01                     620 	.db #0x01	; 1
    00000218 F4                     621 	.db #0xf4	; 244
    00000219 8C                     622 	.db #0x8c	; 140
    0000021A F4                     623 	.db #0xf4	; 244
    0000021B 8C                     624 	.db #0x8c	; 140
    0000021C F4                     625 	.db #0xf4	; 244
    0000021D 8C                     626 	.db #0x8c	; 140
    0000021E 78                     627 	.db #0x78	; 120	'x'
    0000021F 88                     628 	.db #0x88	; 136
    00000220 E8                     629 	.db #0xe8	; 232
    00000221 18                     630 	.db #0x18	; 24
    00000222 F0                     631 	.db #0xf0	; 240
    00000223 10                     632 	.db #0x10	; 16
    00000224 F0                     633 	.db #0xf0	; 240
    00000225 10                     634 	.db #0x10	; 16
    00000226 F0                     635 	.db #0xf0	; 240
    00000227 10                     636 	.db #0x10	; 16
    00000228 38                     637 	.db #0x38	; 56	'8'
    00000229 28                     638 	.db #0x28	; 40
    0000022A 38                     639 	.db #0x38	; 56	'8'
    0000022B 28                     640 	.db #0x28	; 40
    0000022C 28                     641 	.db #0x28	; 40
    0000022D 38                     642 	.db #0x38	; 56	'8'
    0000022E 18                     643 	.db #0x18	; 24
    0000022F 18                     644 	.db #0x18	; 24
    00000230 18                     645 	.db #0x18	; 24
    00000231 18                     646 	.db #0x18	; 24
    00000232 08                     647 	.db #0x08	; 8
    00000233 08                     648 	.db #0x08	; 8
    00000234 00                     649 	.db #0x00	; 0
    00000235 00                     650 	.db #0x00	; 0
    00000236 00                     651 	.db #0x00	; 0
    00000237 00                     652 	.db #0x00	; 0
    00000238 01                     653 	.db #0x01	; 1
    00000239 01                     654 	.db #0x01	; 1
    0000023A 00                     655 	.db #0x00	; 0
    0000023B 00                     656 	.db #0x00	; 0
    0000023C 00                     657 	.db #0x00	; 0
    0000023D 00                     658 	.db #0x00	; 0
    0000023E 00                     659 	.db #0x00	; 0
    0000023F 00                     660 	.db #0x00	; 0
    00000240 00                     661 	.db #0x00	; 0
    00000241 00                     662 	.db #0x00	; 0
    00000242 00                     663 	.db #0x00	; 0
    00000243 00                     664 	.db #0x00	; 0
    00000244 00                     665 	.db #0x00	; 0
    00000245 00                     666 	.db #0x00	; 0
    00000246 00                     667 	.db #0x00	; 0
    00000247 00                     668 	.db #0x00	; 0
    00000248 70                     669 	.db #0x70	; 112	'p'
    00000249 90                     670 	.db #0x90	; 144
    0000024A F0                     671 	.db #0xf0	; 240
    0000024B 90                     672 	.db #0x90	; 144
    0000024C E8                     673 	.db #0xe8	; 232
    0000024D 98                     674 	.db #0x98	; 152
    0000024E 78                     675 	.db #0x78	; 120	'x'
    0000024F 48                     676 	.db #0x48	; 72	'H'
    00000250 64                     677 	.db #0x64	; 100	'd'
    00000251 5C                     678 	.db #0x5c	; 92
    00000252 2C                     679 	.db #0x2c	; 44
    00000253 3C                     680 	.db #0x3c	; 60
    00000254 18                     681 	.db #0x18	; 24
    00000255 18                     682 	.db #0x18	; 24
    00000256 00                     683 	.db #0x00	; 0
    00000257 00                     684 	.db #0x00	; 0
    00000258 40                     685 	.db #0x40	; 64
    00000259 C0                     686 	.db #0xc0	; 192
    0000025A C0                     687 	.db #0xc0	; 192
    0000025B 40                     688 	.db #0x40	; 64
    0000025C E0                     689 	.db #0xe0	; 224
    0000025D 20                     690 	.db #0x20	; 32
    0000025E E0                     691 	.db #0xe0	; 224
    0000025F 20                     692 	.db #0x20	; 32
    00000260 F0                     693 	.db #0xf0	; 240
    00000261 90                     694 	.db #0x90	; 144
    00000262 B0                     695 	.db #0xb0	; 176
    00000263 D0                     696 	.db #0xd0	; 208
    00000264 78                     697 	.db #0x78	; 120	'x'
    00000265 48                     698 	.db #0x48	; 72	'H'
    00000266 34                     699 	.db #0x34	; 52	'4'
    00000267 2C                     700 	.db #0x2c	; 44
    00000268 01                     701 	.db #0x01	; 1
    00000269 01                     702 	.db #0x01	; 1
    0000026A 01                     703 	.db #0x01	; 1
    0000026B 01                     704 	.db #0x01	; 1
    0000026C 01                     705 	.db #0x01	; 1
    0000026D 01                     706 	.db #0x01	; 1
    0000026E 02                     707 	.db #0x02	; 2
    0000026F 03                     708 	.db #0x03	; 3
    00000270 03                     709 	.db #0x03	; 3
    00000271 02                     710 	.db #0x02	; 2
    00000272 03                     711 	.db #0x03	; 3
    00000273 02                     712 	.db #0x02	; 2
    00000274 05                     713 	.db #0x05	; 5
    00000275 06                     714 	.db #0x06	; 6
    00000276 07                     715 	.db #0x07	; 7
    00000277 04                     716 	.db #0x04	; 4
    00000278 74                     717 	.db #0x74	; 116	't'
    00000279 8C                     718 	.db #0x8c	; 140
    0000027A F4                     719 	.db #0xf4	; 244
    0000027B 0C                     720 	.db #0x0c	; 12
    0000027C E8                     721 	.db #0xe8	; 232
    0000027D 18                     722 	.db #0x18	; 24
    0000027E F8                     723 	.db #0xf8	; 248
    0000027F 18                     724 	.db #0x18	; 24
    00000280 D0                     725 	.db #0xd0	; 208
    00000281 30                     726 	.db #0x30	; 48	'0'
    00000282 E0                     727 	.db #0xe0	; 224
    00000283 20                     728 	.db #0x20	; 32
    00000284 C0                     729 	.db #0xc0	; 192
    00000285 40                     730 	.db #0x40	; 64
    00000286 40                     731 	.db #0x40	; 64
    00000287 C0                     732 	.db #0xc0	; 192
    00000288 1C                     733 	.db #0x1c	; 28
    00000289 14                     734 	.db #0x14	; 20
    0000028A 0E                     735 	.db #0x0e	; 14
    0000028B 0A                     736 	.db #0x0a	; 10
    0000028C 07                     737 	.db #0x07	; 7
    0000028D 05                     738 	.db #0x05	; 5
    0000028E 03                     739 	.db #0x03	; 3
    0000028F 03                     740 	.db #0x03	; 3
    00000290 00                     741 	.db #0x00	; 0
    00000291 00                     742 	.db #0x00	; 0
    00000292 00                     743 	.db #0x00	; 0
    00000293 00                     744 	.db #0x00	; 0
    00000294 00                     745 	.db #0x00	; 0
    00000295 00                     746 	.db #0x00	; 0
    00000296 00                     747 	.db #0x00	; 0
    00000297 00                     748 	.db #0x00	; 0
    00000298 07                     749 	.db #0x07	; 7
    00000299 04                     750 	.db #0x04	; 4
    0000029A 07                     751 	.db #0x07	; 7
    0000029B 04                     752 	.db #0x04	; 4
    0000029C 07                     753 	.db #0x07	; 7
    0000029D 04                     754 	.db #0x04	; 4
    0000029E 05                     755 	.db #0x05	; 5
    0000029F 06                     756 	.db #0x06	; 6
    000002A0 03                     757 	.db #0x03	; 3
    000002A1 02                     758 	.db #0x02	; 2
    000002A2 02                     759 	.db #0x02	; 2
    000002A3 03                     760 	.db #0x03	; 3
    000002A4 01                     761 	.db #0x01	; 1
    000002A5 01                     762 	.db #0x01	; 1
    000002A6 00                     763 	.db #0x00	; 0
    000002A7 00                     764 	.db #0x00	; 0
    000002A8 80                     765 	.db #0x80	; 128
    000002A9 80                     766 	.db #0x80	; 128
    000002AA 80                     767 	.db #0x80	; 128
    000002AB 80                     768 	.db #0x80	; 128
    000002AC 80                     769 	.db #0x80	; 128
    000002AD 80                     770 	.db #0x80	; 128
    000002AE 40                     771 	.db #0x40	; 64
    000002AF C0                     772 	.db #0xc0	; 192
    000002B0 40                     773 	.db #0x40	; 64
    000002B1 C0                     774 	.db #0xc0	; 192
    000002B2 40                     775 	.db #0x40	; 64
    000002B3 C0                     776 	.db #0xc0	; 192
    000002B4 C0                     777 	.db #0xc0	; 192
    000002B5 C0                     778 	.db #0xc0	; 192
    000002B6 00                     779 	.db #0x00	; 0
    000002B7 00                     780 	.db #0x00	; 0
    000002B8 01                     781 	.db #0x01	; 1
    000002B9 01                     782 	.db #0x01	; 1
    000002BA 01                     783 	.db #0x01	; 1
    000002BB 01                     784 	.db #0x01	; 1
    000002BC 01                     785 	.db #0x01	; 1
    000002BD 01                     786 	.db #0x01	; 1
    000002BE 02                     787 	.db #0x02	; 2
    000002BF 03                     788 	.db #0x03	; 3
    000002C0 03                     789 	.db #0x03	; 3
    000002C1 02                     790 	.db #0x02	; 2
    000002C2 07                     791 	.db #0x07	; 7
    000002C3 04                     792 	.db #0x04	; 4
    000002C4 07                     793 	.db #0x07	; 7
    000002C5 04                     794 	.db #0x04	; 4
    000002C6 0F                     795 	.db #0x0f	; 15
    000002C7 08                     796 	.db #0x08	; 8
    000002C8 74                     797 	.db #0x74	; 116	't'
    000002C9 8C                     798 	.db #0x8c	; 140
    000002CA F4                     799 	.db #0xf4	; 244
    000002CB 0C                     800 	.db #0x0c	; 12
    000002CC E8                     801 	.db #0xe8	; 232
    000002CD 18                     802 	.db #0x18	; 24
    000002CE F8                     803 	.db #0xf8	; 248
    000002CF 18                     804 	.db #0x18	; 24
    000002D0 D0                     805 	.db #0xd0	; 208
    000002D1 30                     806 	.db #0x30	; 48	'0'
    000002D2 E0                     807 	.db #0xe0	; 224
    000002D3 20                     808 	.db #0x20	; 32
    000002D4 C0                     809 	.db #0xc0	; 192
    000002D5 40                     810 	.db #0x40	; 64
    000002D6 80                     811 	.db #0x80	; 128
    000002D7 80                     812 	.db #0x80	; 128
    000002D8 0F                     813 	.db #0x0f	; 15
    000002D9 09                     814 	.db #0x09	; 9
    000002DA 15                     815 	.db #0x15	; 21
    000002DB 1B                     816 	.db #0x1b	; 27
    000002DC 1E                     817 	.db #0x1e	; 30
    000002DD 12                     818 	.db #0x12	; 18
    000002DE 1E                     819 	.db #0x1e	; 30
    000002DF 12                     820 	.db #0x12	; 18
    000002E0 1A                     821 	.db #0x1a	; 26
    000002E1 16                     822 	.db #0x16	; 22
    000002E2 12                     823 	.db #0x12	; 18
    000002E3 1E                     824 	.db #0x1e	; 30
    000002E4 1E                     825 	.db #0x1e	; 30
    000002E5 1E                     826 	.db #0x1e	; 30
    000002E6 00                     827 	.db #0x00	; 0
    000002E7 00                     828 	.db #0x00	; 0
    000002E8 01                     829 	.db #0x01	; 1
    000002E9 01                     830 	.db #0x01	; 1
    000002EA 01                     831 	.db #0x01	; 1
    000002EB 01                     832 	.db #0x01	; 1
    000002EC 01                     833 	.db #0x01	; 1
    000002ED 01                     834 	.db #0x01	; 1
    000002EE 02                     835 	.db #0x02	; 2
    000002EF 03                     836 	.db #0x03	; 3
    000002F0 03                     837 	.db #0x03	; 3
    000002F1 02                     838 	.db #0x02	; 2
    000002F2 07                     839 	.db #0x07	; 7
    000002F3 04                     840 	.db #0x04	; 4
    000002F4 0B                     841 	.db #0x0b	; 11
    000002F5 0C                     842 	.db #0x0c	; 12
    000002F6 0F                     843 	.db #0x0f	; 15
    000002F7 08                     844 	.db #0x08	; 8
    000002F8 1F                     845 	.db #0x1f	; 31
    000002F9 11                     846 	.db #0x11	; 17
    000002FA 1E                     847 	.db #0x1e	; 30
    000002FB 12                     848 	.db #0x12	; 18
    000002FC 2A                     849 	.db #0x2a	; 42
    000002FD 36                     850 	.db #0x36	; 54	'6'
    000002FE 3C                     851 	.db #0x3c	; 60
    000002FF 24                     852 	.db #0x24	; 36
    00000300 24                     853 	.db #0x24	; 36
    00000301 3C                     854 	.db #0x3c	; 60
    00000302 28                     855 	.db #0x28	; 40
    00000303 38                     856 	.db #0x38	; 56	'8'
    00000304 38                     857 	.db #0x38	; 56	'8'
    00000305 38                     858 	.db #0x38	; 56	'8'
    00000306 00                     859 	.db #0x00	; 0
    00000307 00                     860 	.db #0x00	; 0
    00000308                        861 _sprite_metasprite0:
    00000308 F0                     862 	.db #0xf0	; -16
    00000309 E8                     863 	.db #0xe8	; -24
    0000030A 00                     864 	.db #0x00	; 0
    0000030B 00                     865 	.db #0x00	;  0
    0000030C 08                     866 	.db #0x08	;  8
    0000030D 01                     867 	.db #0x01	; 1
    0000030E 00                     868 	.db #0x00	;  0
    0000030F 08                     869 	.db #0x08	;  8
    00000310 02                     870 	.db #0x02	; 2
    00000311 00                     871 	.db #0x00	;  0
    00000312 08                     872 	.db #0x08	;  8
    00000313 03                     873 	.db #0x03	; 3
    00000314 00                     874 	.db #0x00	;  0
    00000315 08                     875 	.db #0x08	;  8
    00000316 04                     876 	.db #0x04	; 4
    00000317 00                     877 	.db #0x00	;  0
    00000318 08                     878 	.db #0x08	;  8
    00000319 05                     879 	.db #0x05	; 5
    0000031A 08                     880 	.db #0x08	;  8
    0000031B D8                     881 	.db #0xd8	; -40
    0000031C 06                     882 	.db #0x06	; 6
    0000031D 00                     883 	.db #0x00	;  0
    0000031E 08                     884 	.db #0x08	;  8
    0000031F 07                     885 	.db #0x07	; 7
    00000320 00                     886 	.db #0x00	;  0
    00000321 08                     887 	.db #0x08	;  8
    00000322 08                     888 	.db #0x08	; 8
    00000323 00                     889 	.db #0x00	;  0
    00000324 08                     890 	.db #0x08	;  8
    00000325 09                     891 	.db #0x09	; 9
    00000326 00                     892 	.db #0x00	;  0
    00000327 08                     893 	.db #0x08	;  8
    00000328 0A                     894 	.db #0x0a	; 10
    00000329 00                     895 	.db #0x00	;  0
    0000032A 08                     896 	.db #0x08	;  8
    0000032B 0B                     897 	.db #0x0b	; 11
    0000032C 00                     898 	.db #0x00	;  0
    0000032D 08                     899 	.db #0x08	;  8
    0000032E 0C                     900 	.db #0x0c	; 12
    0000032F 08                     901 	.db #0x08	;  8
    00000330 D0                     902 	.db #0xd0	; -48
    00000331 0D                     903 	.db #0x0d	; 13
    00000332 00                     904 	.db #0x00	;  0
    00000333 08                     905 	.db #0x08	;  8
    00000334 0E                     906 	.db #0x0e	; 14
    00000335 00                     907 	.db #0x00	;  0
    00000336 08                     908 	.db #0x08	;  8
    00000337 0F                     909 	.db #0x0f	; 15
    00000338 00                     910 	.db #0x00	;  0
    00000339 08                     911 	.db #0x08	;  8
    0000033A 10                     912 	.db #0x10	; 16
    0000033B 00                     913 	.db #0x00	;  0
    0000033C 08                     914 	.db #0x08	;  8
    0000033D 11                     915 	.db #0x11	; 17
    0000033E 00                     916 	.db #0x00	;  0
    0000033F 08                     917 	.db #0x08	;  8
    00000340 12                     918 	.db #0x12	; 18
    00000341 00                     919 	.db #0x00	;  0
    00000342 08                     920 	.db #0x08	;  8
    00000343 13                     921 	.db #0x13	; 19
    00000344 08                     922 	.db #0x08	;  8
    00000345 D0                     923 	.db #0xd0	; -48
    00000346 14                     924 	.db #0x14	; 20
    00000347 00                     925 	.db #0x00	;  0
    00000348 10                     926 	.db #0x10	;  16
    00000349 15                     927 	.db #0x15	; 21
    0000034A 00                     928 	.db #0x00	;  0
    0000034B 08                     929 	.db #0x08	;  8
    0000034C 16                     930 	.db #0x16	; 22
    0000034D 00                     931 	.db #0x00	;  0
    0000034E 08                     932 	.db #0x08	;  8
    0000034F 17                     933 	.db #0x17	; 23
    00000350 00                     934 	.db #0x00	;  0
    00000351 08                     935 	.db #0x08	;  8
    00000352 18                     936 	.db #0x18	; 24
    00000353 00                     937 	.db #0x00	;  0
    00000354 08                     938 	.db #0x08	;  8
    00000355 19                     939 	.db #0x19	; 25
    00000356 08                     940 	.db #0x08	;  8
    00000357 D0                     941 	.db #0xd0	; -48
    00000358 1A                     942 	.db #0x1a	; 26
    00000359 00                     943 	.db #0x00	;  0
    0000035A 10                     944 	.db #0x10	;  16
    0000035B 1B                     945 	.db #0x1b	; 27
    0000035C 00                     946 	.db #0x00	;  0
    0000035D 08                     947 	.db #0x08	;  8
    0000035E 1C                     948 	.db #0x1c	; 28
    0000035F 00                     949 	.db #0x00	;  0
    00000360 08                     950 	.db #0x08	;  8
    00000361 1D                     951 	.db #0x1d	; 29
    00000362 00                     952 	.db #0x00	;  0
    00000363 08                     953 	.db #0x08	;  8
    00000364 1E                     954 	.db #0x1e	; 30
    00000365 80                     955 	.db #0x80	; -128
    00000366 00                     956 	.db #0x00	;  0
    00000367 00                     957 	.db #0x00	; 0
    00000368                        958 _sprite_metasprite1:
    00000368 F0                     959 	.db #0xf0	; -16
    00000369 E8                     960 	.db #0xe8	; -24
    0000036A 00                     961 	.db #0x00	; 0
    0000036B 00                     962 	.db #0x00	;  0
    0000036C 08                     963 	.db #0x08	;  8
    0000036D 01                     964 	.db #0x01	; 1
    0000036E 00                     965 	.db #0x00	;  0
    0000036F 08                     966 	.db #0x08	;  8
    00000370 02                     967 	.db #0x02	; 2
    00000371 00                     968 	.db #0x00	;  0
    00000372 08                     969 	.db #0x08	;  8
    00000373 03                     970 	.db #0x03	; 3
    00000374 00                     971 	.db #0x00	;  0
    00000375 08                     972 	.db #0x08	;  8
    00000376 04                     973 	.db #0x04	; 4
    00000377 00                     974 	.db #0x00	;  0
    00000378 08                     975 	.db #0x08	;  8
    00000379 05                     976 	.db #0x05	; 5
    0000037A 08                     977 	.db #0x08	;  8
    0000037B D8                     978 	.db #0xd8	; -40
    0000037C 06                     979 	.db #0x06	; 6
    0000037D 00                     980 	.db #0x00	;  0
    0000037E 08                     981 	.db #0x08	;  8
    0000037F 07                     982 	.db #0x07	; 7
    00000380 00                     983 	.db #0x00	;  0
    00000381 08                     984 	.db #0x08	;  8
    00000382 08                     985 	.db #0x08	; 8
    00000383 00                     986 	.db #0x00	;  0
    00000384 08                     987 	.db #0x08	;  8
    00000385 09                     988 	.db #0x09	; 9
    00000386 00                     989 	.db #0x00	;  0
    00000387 08                     990 	.db #0x08	;  8
    00000388 0A                     991 	.db #0x0a	; 10
    00000389 00                     992 	.db #0x00	;  0
    0000038A 08                     993 	.db #0x08	;  8
    0000038B 0B                     994 	.db #0x0b	; 11
    0000038C 00                     995 	.db #0x00	;  0
    0000038D 08                     996 	.db #0x08	;  8
    0000038E 0C                     997 	.db #0x0c	; 12
    0000038F 08                     998 	.db #0x08	;  8
    00000390 D0                     999 	.db #0xd0	; -48
    00000391 0D                    1000 	.db #0x0d	; 13
    00000392 00                    1001 	.db #0x00	;  0
    00000393 08                    1002 	.db #0x08	;  8
    00000394 0E                    1003 	.db #0x0e	; 14
    00000395 00                    1004 	.db #0x00	;  0
    00000396 08                    1005 	.db #0x08	;  8
    00000397 0F                    1006 	.db #0x0f	; 15
    00000398 00                    1007 	.db #0x00	;  0
    00000399 08                    1008 	.db #0x08	;  8
    0000039A 10                    1009 	.db #0x10	; 16
    0000039B 00                    1010 	.db #0x00	;  0
    0000039C 08                    1011 	.db #0x08	;  8
    0000039D 11                    1012 	.db #0x11	; 17
    0000039E 00                    1013 	.db #0x00	;  0
    0000039F 08                    1014 	.db #0x08	;  8
    000003A0 12                    1015 	.db #0x12	; 18
    000003A1 00                    1016 	.db #0x00	;  0
    000003A2 08                    1017 	.db #0x08	;  8
    000003A3 1F                    1018 	.db #0x1f	; 31
    000003A4 08                    1019 	.db #0x08	;  8
    000003A5 C8                    1020 	.db #0xc8	; -56
    000003A6 20                    1021 	.db #0x20	; 32
    000003A7 00                    1022 	.db #0x00	;  0
    000003A8 08                    1023 	.db #0x08	;  8
    000003A9 21                    1024 	.db #0x21	; 33
    000003AA 00                    1025 	.db #0x00	;  0
    000003AB 10                    1026 	.db #0x10	;  16
    000003AC 15                    1027 	.db #0x15	; 21
    000003AD 00                    1028 	.db #0x00	;  0
    000003AE 08                    1029 	.db #0x08	;  8
    000003AF 16                    1030 	.db #0x16	; 22
    000003B0 00                    1031 	.db #0x00	;  0
    000003B1 08                    1032 	.db #0x08	;  8
    000003B2 17                    1033 	.db #0x17	; 23
    000003B3 00                    1034 	.db #0x00	;  0
    000003B4 08                    1035 	.db #0x08	;  8
    000003B5 18                    1036 	.db #0x18	; 24
    000003B6 00                    1037 	.db #0x00	;  0
    000003B7 08                    1038 	.db #0x08	;  8
    000003B8 22                    1039 	.db #0x22	; 34
    000003B9 08                    1040 	.db #0x08	;  8
    000003BA C8                    1041 	.db #0xc8	; -56
    000003BB 23                    1042 	.db #0x23	; 35
    000003BC 00                    1043 	.db #0x00	;  0
    000003BD 08                    1044 	.db #0x08	;  8
    000003BE 24                    1045 	.db #0x24	; 36
    000003BF 00                    1046 	.db #0x00	;  0
    000003C0 10                    1047 	.db #0x10	;  16
    000003C1 1B                    1048 	.db #0x1b	; 27
    000003C2 00                    1049 	.db #0x00	;  0
    000003C3 08                    1050 	.db #0x08	;  8
    000003C4 1C                    1051 	.db #0x1c	; 28
    000003C5 00                    1052 	.db #0x00	;  0
    000003C6 08                    1053 	.db #0x08	;  8
    000003C7 1D                    1054 	.db #0x1d	; 29
    000003C8 00                    1055 	.db #0x00	;  0
    000003C9 08                    1056 	.db #0x08	;  8
    000003CA 1E                    1057 	.db #0x1e	; 30
    000003CB 80                    1058 	.db #0x80	; -128
    000003CC 00                    1059 	.db #0x00	;  0
    000003CD 00                    1060 	.db #0x00	; 0
    000003CE                       1061 _sprite_metasprite2:
    000003CE F0                    1062 	.db #0xf0	; -16
    000003CF E8                    1063 	.db #0xe8	; -24
    000003D0 00                    1064 	.db #0x00	; 0
    000003D1 00                    1065 	.db #0x00	;  0
    000003D2 08                    1066 	.db #0x08	;  8
    000003D3 01                    1067 	.db #0x01	; 1
    000003D4 00                    1068 	.db #0x00	;  0
    000003D5 08                    1069 	.db #0x08	;  8
    000003D6 02                    1070 	.db #0x02	; 2
    000003D7 00                    1071 	.db #0x00	;  0
    000003D8 08                    1072 	.db #0x08	;  8
    000003D9 03                    1073 	.db #0x03	; 3
    000003DA 00                    1074 	.db #0x00	;  0
    000003DB 08                    1075 	.db #0x08	;  8
    000003DC 04                    1076 	.db #0x04	; 4
    000003DD 00                    1077 	.db #0x00	;  0
    000003DE 08                    1078 	.db #0x08	;  8
    000003DF 05                    1079 	.db #0x05	; 5
    000003E0 08                    1080 	.db #0x08	;  8
    000003E1 D8                    1081 	.db #0xd8	; -40
    000003E2 06                    1082 	.db #0x06	; 6
    000003E3 00                    1083 	.db #0x00	;  0
    000003E4 08                    1084 	.db #0x08	;  8
    000003E5 07                    1085 	.db #0x07	; 7
    000003E6 00                    1086 	.db #0x00	;  0
    000003E7 08                    1087 	.db #0x08	;  8
    000003E8 08                    1088 	.db #0x08	; 8
    000003E9 00                    1089 	.db #0x00	;  0
    000003EA 08                    1090 	.db #0x08	;  8
    000003EB 09                    1091 	.db #0x09	; 9
    000003EC 00                    1092 	.db #0x00	;  0
    000003ED 08                    1093 	.db #0x08	;  8
    000003EE 0A                    1094 	.db #0x0a	; 10
    000003EF 00                    1095 	.db #0x00	;  0
    000003F0 08                    1096 	.db #0x08	;  8
    000003F1 0B                    1097 	.db #0x0b	; 11
    000003F2 00                    1098 	.db #0x00	;  0
    000003F3 08                    1099 	.db #0x08	;  8
    000003F4 0C                    1100 	.db #0x0c	; 12
    000003F5 08                    1101 	.db #0x08	;  8
    000003F6 D0                    1102 	.db #0xd0	; -48
    000003F7 0D                    1103 	.db #0x0d	; 13
    000003F8 00                    1104 	.db #0x00	;  0
    000003F9 08                    1105 	.db #0x08	;  8
    000003FA 0E                    1106 	.db #0x0e	; 14
    000003FB 00                    1107 	.db #0x00	;  0
    000003FC 08                    1108 	.db #0x08	;  8
    000003FD 0F                    1109 	.db #0x0f	; 15
    000003FE 00                    1110 	.db #0x00	;  0
    000003FF 08                    1111 	.db #0x08	;  8
    00000400 10                    1112 	.db #0x10	; 16
    00000401 00                    1113 	.db #0x00	;  0
    00000402 08                    1114 	.db #0x08	;  8
    00000403 11                    1115 	.db #0x11	; 17
    00000404 00                    1116 	.db #0x00	;  0
    00000405 08                    1117 	.db #0x08	;  8
    00000406 12                    1118 	.db #0x12	; 18
    00000407 00                    1119 	.db #0x00	;  0
    00000408 08                    1120 	.db #0x08	;  8
    00000409 25                    1121 	.db #0x25	; 37
    0000040A 08                    1122 	.db #0x08	;  8
    0000040B C8                    1123 	.db #0xc8	; -56
    0000040C 26                    1124 	.db #0x26	; 38
    0000040D 00                    1125 	.db #0x00	;  0
    0000040E 08                    1126 	.db #0x08	;  8
    0000040F 27                    1127 	.db #0x27	; 39
    00000410 00                    1128 	.db #0x00	;  0
    00000411 10                    1129 	.db #0x10	;  16
    00000412 15                    1130 	.db #0x15	; 21
    00000413 00                    1131 	.db #0x00	;  0
    00000414 08                    1132 	.db #0x08	;  8
    00000415 16                    1133 	.db #0x16	; 22
    00000416 00                    1134 	.db #0x00	;  0
    00000417 08                    1135 	.db #0x08	;  8
    00000418 17                    1136 	.db #0x17	; 23
    00000419 00                    1137 	.db #0x00	;  0
    0000041A 08                    1138 	.db #0x08	;  8
    0000041B 18                    1139 	.db #0x18	; 24
    0000041C 00                    1140 	.db #0x00	;  0
    0000041D 08                    1141 	.db #0x08	;  8
    0000041E 28                    1142 	.db #0x28	; 40
    0000041F 08                    1143 	.db #0x08	;  8
    00000420 C8                    1144 	.db #0xc8	; -56
    00000421 29                    1145 	.db #0x29	; 41
    00000422 00                    1146 	.db #0x00	;  0
    00000423 08                    1147 	.db #0x08	;  8
    00000424 2A                    1148 	.db #0x2a	; 42
    00000425 00                    1149 	.db #0x00	;  0
    00000426 10                    1150 	.db #0x10	;  16
    00000427 1B                    1151 	.db #0x1b	; 27
    00000428 00                    1152 	.db #0x00	;  0
    00000429 08                    1153 	.db #0x08	;  8
    0000042A 1C                    1154 	.db #0x1c	; 28
    0000042B 00                    1155 	.db #0x00	;  0
    0000042C 08                    1156 	.db #0x08	;  8
    0000042D 1D                    1157 	.db #0x1d	; 29
    0000042E 00                    1158 	.db #0x00	;  0
    0000042F 08                    1159 	.db #0x08	;  8
    00000430 1E                    1160 	.db #0x1e	; 30
    00000431 80                    1161 	.db #0x80	; -128
    00000432 00                    1162 	.db #0x00	;  0
    00000433 00                    1163 	.db #0x00	; 0
    00000434                       1164 _sprite_metasprite3:
    00000434 F0                    1165 	.db #0xf0	; -16
    00000435 E8                    1166 	.db #0xe8	; -24
    00000436 00                    1167 	.db #0x00	; 0
    00000437 00                    1168 	.db #0x00	;  0
    00000438 08                    1169 	.db #0x08	;  8
    00000439 01                    1170 	.db #0x01	; 1
    0000043A 00                    1171 	.db #0x00	;  0
    0000043B 08                    1172 	.db #0x08	;  8
    0000043C 02                    1173 	.db #0x02	; 2
    0000043D 00                    1174 	.db #0x00	;  0
    0000043E 08                    1175 	.db #0x08	;  8
    0000043F 03                    1176 	.db #0x03	; 3
    00000440 00                    1177 	.db #0x00	;  0
    00000441 08                    1178 	.db #0x08	;  8
    00000442 04                    1179 	.db #0x04	; 4
    00000443 00                    1180 	.db #0x00	;  0
    00000444 08                    1181 	.db #0x08	;  8
    00000445 05                    1182 	.db #0x05	; 5
    00000446 08                    1183 	.db #0x08	;  8
    00000447 D8                    1184 	.db #0xd8	; -40
    00000448 06                    1185 	.db #0x06	; 6
    00000449 00                    1186 	.db #0x00	;  0
    0000044A 08                    1187 	.db #0x08	;  8
    0000044B 07                    1188 	.db #0x07	; 7
    0000044C 00                    1189 	.db #0x00	;  0
    0000044D 08                    1190 	.db #0x08	;  8
    0000044E 08                    1191 	.db #0x08	; 8
    0000044F 00                    1192 	.db #0x00	;  0
    00000450 08                    1193 	.db #0x08	;  8
    00000451 09                    1194 	.db #0x09	; 9
    00000452 00                    1195 	.db #0x00	;  0
    00000453 08                    1196 	.db #0x08	;  8
    00000454 0A                    1197 	.db #0x0a	; 10
    00000455 00                    1198 	.db #0x00	;  0
    00000456 08                    1199 	.db #0x08	;  8
    00000457 0B                    1200 	.db #0x0b	; 11
    00000458 00                    1201 	.db #0x00	;  0
    00000459 08                    1202 	.db #0x08	;  8
    0000045A 0C                    1203 	.db #0x0c	; 12
    0000045B 08                    1204 	.db #0x08	;  8
    0000045C D0                    1205 	.db #0xd0	; -48
    0000045D 0D                    1206 	.db #0x0d	; 13
    0000045E 00                    1207 	.db #0x00	;  0
    0000045F 08                    1208 	.db #0x08	;  8
    00000460 0E                    1209 	.db #0x0e	; 14
    00000461 00                    1210 	.db #0x00	;  0
    00000462 08                    1211 	.db #0x08	;  8
    00000463 0F                    1212 	.db #0x0f	; 15
    00000464 00                    1213 	.db #0x00	;  0
    00000465 08                    1214 	.db #0x08	;  8
    00000466 10                    1215 	.db #0x10	; 16
    00000467 00                    1216 	.db #0x00	;  0
    00000468 08                    1217 	.db #0x08	;  8
    00000469 11                    1218 	.db #0x11	; 17
    0000046A 00                    1219 	.db #0x00	;  0
    0000046B 08                    1220 	.db #0x08	;  8
    0000046C 12                    1221 	.db #0x12	; 18
    0000046D 00                    1222 	.db #0x00	;  0
    0000046E 08                    1223 	.db #0x08	;  8
    0000046F 1F                    1224 	.db #0x1f	; 31
    00000470 08                    1225 	.db #0x08	;  8
    00000471 C8                    1226 	.db #0xc8	; -56
    00000472 2B                    1227 	.db #0x2b	; 43
    00000473 00                    1228 	.db #0x00	;  0
    00000474 08                    1229 	.db #0x08	;  8
    00000475 2C                    1230 	.db #0x2c	; 44
    00000476 00                    1231 	.db #0x00	;  0
    00000477 10                    1232 	.db #0x10	;  16
    00000478 15                    1233 	.db #0x15	; 21
    00000479 00                    1234 	.db #0x00	;  0
    0000047A 08                    1235 	.db #0x08	;  8
    0000047B 16                    1236 	.db #0x16	; 22
    0000047C 00                    1237 	.db #0x00	;  0
    0000047D 08                    1238 	.db #0x08	;  8
    0000047E 17                    1239 	.db #0x17	; 23
    0000047F 00                    1240 	.db #0x00	;  0
    00000480 08                    1241 	.db #0x08	;  8
    00000481 18                    1242 	.db #0x18	; 24
    00000482 00                    1243 	.db #0x00	;  0
    00000483 08                    1244 	.db #0x08	;  8
    00000484 22                    1245 	.db #0x22	; 34
    00000485 08                    1246 	.db #0x08	;  8
    00000486 C8                    1247 	.db #0xc8	; -56
    00000487 2D                    1248 	.db #0x2d	; 45
    00000488 00                    1249 	.db #0x00	;  0
    00000489 18                    1250 	.db #0x18	;  24
    0000048A 1B                    1251 	.db #0x1b	; 27
    0000048B 00                    1252 	.db #0x00	;  0
    0000048C 08                    1253 	.db #0x08	;  8
    0000048D 1C                    1254 	.db #0x1c	; 28
    0000048E 00                    1255 	.db #0x00	;  0
    0000048F 08                    1256 	.db #0x08	;  8
    00000490 1D                    1257 	.db #0x1d	; 29
    00000491 00                    1258 	.db #0x00	;  0
    00000492 08                    1259 	.db #0x08	;  8
    00000493 1E                    1260 	.db #0x1e	; 30
    00000494 80                    1261 	.db #0x80	; -128
    00000495 00                    1262 	.db #0x00	;  0
    00000496 00                    1263 	.db #0x00	; 0
    00000497                       1264 _sprite_metasprite4:
    00000497 F0                    1265 	.db #0xf0	; -16
    00000498 E8                    1266 	.db #0xe8	; -24
    00000499 00                    1267 	.db #0x00	; 0
    0000049A 00                    1268 	.db #0x00	;  0
    0000049B 08                    1269 	.db #0x08	;  8
    0000049C 01                    1270 	.db #0x01	; 1
    0000049D 00                    1271 	.db #0x00	;  0
    0000049E 08                    1272 	.db #0x08	;  8
    0000049F 02                    1273 	.db #0x02	; 2
    000004A0 00                    1274 	.db #0x00	;  0
    000004A1 08                    1275 	.db #0x08	;  8
    000004A2 03                    1276 	.db #0x03	; 3
    000004A3 00                    1277 	.db #0x00	;  0
    000004A4 08                    1278 	.db #0x08	;  8
    000004A5 04                    1279 	.db #0x04	; 4
    000004A6 00                    1280 	.db #0x00	;  0
    000004A7 08                    1281 	.db #0x08	;  8
    000004A8 05                    1282 	.db #0x05	; 5
    000004A9 08                    1283 	.db #0x08	;  8
    000004AA D8                    1284 	.db #0xd8	; -40
    000004AB 06                    1285 	.db #0x06	; 6
    000004AC 00                    1286 	.db #0x00	;  0
    000004AD 08                    1287 	.db #0x08	;  8
    000004AE 07                    1288 	.db #0x07	; 7
    000004AF 00                    1289 	.db #0x00	;  0
    000004B0 08                    1290 	.db #0x08	;  8
    000004B1 08                    1291 	.db #0x08	; 8
    000004B2 00                    1292 	.db #0x00	;  0
    000004B3 08                    1293 	.db #0x08	;  8
    000004B4 09                    1294 	.db #0x09	; 9
    000004B5 00                    1295 	.db #0x00	;  0
    000004B6 08                    1296 	.db #0x08	;  8
    000004B7 0A                    1297 	.db #0x0a	; 10
    000004B8 00                    1298 	.db #0x00	;  0
    000004B9 08                    1299 	.db #0x08	;  8
    000004BA 0B                    1300 	.db #0x0b	; 11
    000004BB 00                    1301 	.db #0x00	;  0
    000004BC 08                    1302 	.db #0x08	;  8
    000004BD 0C                    1303 	.db #0x0c	; 12
    000004BE 08                    1304 	.db #0x08	;  8
    000004BF D0                    1305 	.db #0xd0	; -48
    000004C0 0D                    1306 	.db #0x0d	; 13
    000004C1 00                    1307 	.db #0x00	;  0
    000004C2 08                    1308 	.db #0x08	;  8
    000004C3 0E                    1309 	.db #0x0e	; 14
    000004C4 00                    1310 	.db #0x00	;  0
    000004C5 08                    1311 	.db #0x08	;  8
    000004C6 0F                    1312 	.db #0x0f	; 15
    000004C7 00                    1313 	.db #0x00	;  0
    000004C8 08                    1314 	.db #0x08	;  8
    000004C9 10                    1315 	.db #0x10	; 16
    000004CA 00                    1316 	.db #0x00	;  0
    000004CB 08                    1317 	.db #0x08	;  8
    000004CC 11                    1318 	.db #0x11	; 17
    000004CD 00                    1319 	.db #0x00	;  0
    000004CE 08                    1320 	.db #0x08	;  8
    000004CF 12                    1321 	.db #0x12	; 18
    000004D0 00                    1322 	.db #0x00	;  0
    000004D1 08                    1323 	.db #0x08	;  8
    000004D2 13                    1324 	.db #0x13	; 19
    000004D3 08                    1325 	.db #0x08	;  8
    000004D4 C8                    1326 	.db #0xc8	; -56
    000004D5 2E                    1327 	.db #0x2e	; 46
    000004D6 00                    1328 	.db #0x00	;  0
    000004D7 08                    1329 	.db #0x08	;  8
    000004D8 2C                    1330 	.db #0x2c	; 44
    000004D9 00                    1331 	.db #0x00	;  0
    000004DA 10                    1332 	.db #0x10	;  16
    000004DB 15                    1333 	.db #0x15	; 21
    000004DC 00                    1334 	.db #0x00	;  0
    000004DD 08                    1335 	.db #0x08	;  8
    000004DE 16                    1336 	.db #0x16	; 22
    000004DF 00                    1337 	.db #0x00	;  0
    000004E0 08                    1338 	.db #0x08	;  8
    000004E1 17                    1339 	.db #0x17	; 23
    000004E2 00                    1340 	.db #0x00	;  0
    000004E3 08                    1341 	.db #0x08	;  8
    000004E4 18                    1342 	.db #0x18	; 24
    000004E5 00                    1343 	.db #0x00	;  0
    000004E6 08                    1344 	.db #0x08	;  8
    000004E7 19                    1345 	.db #0x19	; 25
    000004E8 08                    1346 	.db #0x08	;  8
    000004E9 C8                    1347 	.db #0xc8	; -56
    000004EA 2F                    1348 	.db #0x2f	; 47
    000004EB 00                    1349 	.db #0x00	;  0
    000004EC 18                    1350 	.db #0x18	;  24
    000004ED 1B                    1351 	.db #0x1b	; 27
    000004EE 00                    1352 	.db #0x00	;  0
    000004EF 08                    1353 	.db #0x08	;  8
    000004F0 1C                    1354 	.db #0x1c	; 28
    000004F1 00                    1355 	.db #0x00	;  0
    000004F2 08                    1356 	.db #0x08	;  8
    000004F3 1D                    1357 	.db #0x1d	; 29
    000004F4 00                    1358 	.db #0x00	;  0
    000004F5 08                    1359 	.db #0x08	;  8
    000004F6 1E                    1360 	.db #0x1e	; 30
    000004F7 80                    1361 	.db #0x80	; -128
    000004F8 00                    1362 	.db #0x00	;  0
    000004F9 00                    1363 	.db #0x00	; 0
    000004FA                       1364 _sprite_metasprites:
    000004FAr08r03                 1365 	.dw _sprite_metasprite0
    000004FCr68r03                 1366 	.dw _sprite_metasprite1
    000004FErCEr03                 1367 	.dw _sprite_metasprite2
    00000500r34r04                 1368 	.dw _sprite_metasprite3
    00000502r97r04                 1369 	.dw _sprite_metasprite4
                                   1370 	.area _INITIALIZER
                                   1371 	.area _CABS (ABS)
