                                      1 ;--------------------------------------------------------
                                      2 ; File Created by SDCC : free open source ISO C Compiler 
                                      3 ; Version 4.4.1 #14650 (Linux)
                                      4 ;--------------------------------------------------------
                                      5 	.module GBDK_2020_logo
                                      6 	.optsdcc -msm83
                                      7 	
                                      8 ;--------------------------------------------------------
                                      9 ; Public variables in this module
                                     10 ;--------------------------------------------------------
                                     11 	.globl _GBDK_2020_logo_map_attributes
                                     12 	.globl _GBDK_2020_logo_map
                                     13 	.globl _GBDK_2020_logo_tiles
                                     14 	.globl _GBDK_2020_logo_palettes
                                     15 	.globl b___func_GBDK_2020_logo
                                     16 	.globl ___func_GBDK_2020_logo
                                     17 ;--------------------------------------------------------
                                     18 ; special function registers
                                     19 ;--------------------------------------------------------
                                     20 ;--------------------------------------------------------
                                     21 ; ram data
                                     22 ;--------------------------------------------------------
                                     23 	.area _DATA
                                     24 ;--------------------------------------------------------
                                     25 ; ram data
                                     26 ;--------------------------------------------------------
                                     27 	.area _INITIALIZED
                                     28 ;--------------------------------------------------------
                                     29 ; absolute external ram data
                                     30 ;--------------------------------------------------------
                                     31 	.area _DABS (ABS)
                                     32 ;--------------------------------------------------------
                                     33 ; global & static initialisations
                                     34 ;--------------------------------------------------------
                                     35 	.area _HOME
                                     36 	.area _GSINIT
                                     37 	.area _GSFINAL
                                     38 	.area _GSINIT
                                     39 ;--------------------------------------------------------
                                     40 ; Home
                                     41 ;--------------------------------------------------------
                                     42 	.area _HOME
                                     43 	.area _HOME
                                     44 ;--------------------------------------------------------
                                     45 ; code
                                     46 ;--------------------------------------------------------
                                     47 	.area _CODE
                                     48 ;obj/gbc/GBDK_2020_logo.c:7: BANKREF(GBDK_2020_logo)
                                     49 ;	---------------------------------
                                     50 ; Function __func_GBDK_2020_logo
                                     51 ; ---------------------------------
                         00000000    52 	b___func_GBDK_2020_logo	= 0
    00000000                         53 ___func_GBDK_2020_logo::
                                     54 	.local b___func_GBDK_2020_logo 
                         00000000    55 	___bank_GBDK_2020_logo = b___func_GBDK_2020_logo 
                                     56 	.globl ___bank_GBDK_2020_logo 
                                     57 	.area _CODE
    00000000                         58 _GBDK_2020_logo_palettes:
    00000000 FF 7F                   59 	.dw #0x7fff
    00000002 DB 18                   60 	.dw #0x18db
    00000004 08 5D                   61 	.dw #0x5d08
    00000006 42 38                   62 	.dw #0x3842
    00000008 FF 7F                   63 	.dw #0x7fff
    0000000A B5 66                   64 	.dw #0x66b5
    0000000C 08 5D                   65 	.dw #0x5d08
    0000000E 42 38                   66 	.dw #0x3842
    00000010 FF 7F                   67 	.dw #0x7fff
    00000012 CE 39                   68 	.dw #0x39ce
    00000014 97 28                   69 	.dw #0x2897
    00000016 82 10                   70 	.dw #0x1082
    00000018 FF 7F                   71 	.dw #0x7fff
    0000001A FB 67                   72 	.dw #0x67fb
    0000001C CE 39                   73 	.dw #0x39ce
    0000001E 82 10                   74 	.dw #0x1082
    00000020                         75 _GBDK_2020_logo_tiles:
    00000020 00                      76 	.db #0x00	; 0
    00000021 00                      77 	.db #0x00	; 0
    00000022 00                      78 	.db #0x00	; 0
    00000023 00                      79 	.db #0x00	; 0
    00000024 00                      80 	.db #0x00	; 0
    00000025 00                      81 	.db #0x00	; 0
    00000026 00                      82 	.db #0x00	; 0
    00000027 00                      83 	.db #0x00	; 0
    00000028 00                      84 	.db #0x00	; 0
    00000029 00                      85 	.db #0x00	; 0
    0000002A 00                      86 	.db #0x00	; 0
    0000002B 00                      87 	.db #0x00	; 0
    0000002C 00                      88 	.db #0x00	; 0
    0000002D 00                      89 	.db #0x00	; 0
    0000002E 00                      90 	.db #0x00	; 0
    0000002F 00                      91 	.db #0x00	; 0
    00000030 00                      92 	.db #0x00	; 0
    00000031 00                      93 	.db #0x00	; 0
    00000032 50                      94 	.db #0x50	; 80	'P'
    00000033 00                      95 	.db #0x00	; 0
    00000034 A8                      96 	.db #0xa8	; 168
    00000035 00                      97 	.db #0x00	; 0
    00000036 A9                      98 	.db #0xa9	; 169
    00000037 00                      99 	.db #0x00	; 0
    00000038 8A                     100 	.db #0x8a	; 138
    00000039 00                     101 	.db #0x00	; 0
    0000003A 8B                     102 	.db #0x8b	; 139
    0000003B 00                     103 	.db #0x00	; 0
    0000003C 00                     104 	.db #0x00	; 0
    0000003D 00                     105 	.db #0x00	; 0
    0000003E 00                     106 	.db #0x00	; 0
    0000003F 00                     107 	.db #0x00	; 0
    00000040 00                     108 	.db #0x00	; 0
    00000041 00                     109 	.db #0x00	; 0
    00000042 08                     110 	.db #0x08	; 8
    00000043 00                     111 	.db #0x00	; 0
    00000044 08                     112 	.db #0x08	; 8
    00000045 00                     113 	.db #0x00	; 0
    00000046 9B                     114 	.db #0x9b	; 155
    00000047 00                     115 	.db #0x00	; 0
    00000048 AA                     116 	.db #0xaa	; 170
    00000049 00                     117 	.db #0x00	; 0
    0000004A BB                     118 	.db #0xbb	; 187
    0000004B 00                     119 	.db #0x00	; 0
    0000004C 00                     120 	.db #0x00	; 0
    0000004D 00                     121 	.db #0x00	; 0
    0000004E 00                     122 	.db #0x00	; 0
    0000004F 00                     123 	.db #0x00	; 0
    00000050 00                     124 	.db #0x00	; 0
    00000051 00                     125 	.db #0x00	; 0
    00000052 00                     126 	.db #0x00	; 0
    00000053 00                     127 	.db #0x00	; 0
    00000054 00                     128 	.db #0x00	; 0
    00000055 00                     129 	.db #0x00	; 0
    00000056 92                     130 	.db #0x92	; 146
    00000057 00                     131 	.db #0x00	; 0
    00000058 96                     132 	.db #0x96	; 150
    00000059 00                     133 	.db #0x00	; 0
    0000005A 0C                     134 	.db #0x0c	; 12
    0000005B 00                     135 	.db #0x00	; 0
    0000005C 00                     136 	.db #0x00	; 0
    0000005D 00                     137 	.db #0x00	; 0
    0000005E 00                     138 	.db #0x00	; 0
    0000005F 00                     139 	.db #0x00	; 0
    00000060 00                     140 	.db #0x00	; 0
    00000061 00                     141 	.db #0x00	; 0
    00000062 A4                     142 	.db #0xa4	; 164
    00000063 00                     143 	.db #0x00	; 0
    00000064 24                     144 	.db #0x24	; 36
    00000065 00                     145 	.db #0x00	; 0
    00000066 B7                     146 	.db #0xb7	; 183
    00000067 00                     147 	.db #0x00	; 0
    00000068 A5                     148 	.db #0xa5	; 165
    00000069 00                     149 	.db #0x00	; 0
    0000006A B5                     150 	.db #0xb5	; 181
    0000006B 00                     151 	.db #0x00	; 0
    0000006C 00                     152 	.db #0x00	; 0
    0000006D 00                     153 	.db #0x00	; 0
    0000006E 00                     154 	.db #0x00	; 0
    0000006F 00                     155 	.db #0x00	; 0
    00000070 00                     156 	.db #0x00	; 0
    00000071 00                     157 	.db #0x00	; 0
    00000072 1F                     158 	.db #0x1f	; 31
    00000073 1F                     159 	.db #0x1f	; 31
    00000074 23                     160 	.db #0x23	; 35
    00000075 3F                     161 	.db #0x3f	; 63
    00000076 5F                     162 	.db #0x5f	; 95
    00000077 7F                     163 	.db #0x7f	; 127
    00000078 FF                     164 	.db #0xff	; 255
    00000079 7F                     165 	.db #0x7f	; 127
    0000007A FF                     166 	.db #0xff	; 255
    0000007B 78                     167 	.db #0x78	; 120	'x'
    0000007C FB                     168 	.db #0xfb	; 251
    0000007D 7B                     169 	.db #0x7b	; 123
    0000007E FE                     170 	.db #0xfe	; 254
    0000007F 7B                     171 	.db #0x7b	; 123
    00000080 00                     172 	.db #0x00	; 0
    00000081 00                     173 	.db #0x00	; 0
    00000082 E1                     174 	.db #0xe1	; 225
    00000083 E1                     175 	.db #0xe1	; 225
    00000084 F3                     176 	.db #0xf3	; 243
    00000085 F3                     177 	.db #0xf3	; 243
    00000086 F6                     178 	.db #0xf6	; 246
    00000087 F3                     179 	.db #0xf3	; 243
    00000088 F7                     180 	.db #0xf7	; 247
    00000089 F3                     181 	.db #0xf3	; 243
    0000008A E7                     182 	.db #0xe7	; 231
    0000008B 03                     183 	.db #0x03	; 3
    0000008C F7                     184 	.db #0xf7	; 247
    0000008D F3                     185 	.db #0xf3	; 243
    0000008E 77                     186 	.db #0x77	; 119	'w'
    0000008F F3                     187 	.db #0xf3	; 243
    00000090 00                     188 	.db #0x00	; 0
    00000091 00                     189 	.db #0x00	; 0
    00000092 FE                     190 	.db #0xfe	; 254
    00000093 FE                     191 	.db #0xfe	; 254
    00000094 3F                     192 	.db #0x3f	; 63
    00000095 FF                     193 	.db #0xff	; 255
    00000096 FF                     194 	.db #0xff	; 255
    00000097 FF                     195 	.db #0xff	; 255
    00000098 FF                     196 	.db #0xff	; 255
    00000099 87                     197 	.db #0x87	; 135
    0000009A 8F                     198 	.db #0x8f	; 143
    0000009B 8F                     199 	.db #0x8f	; 143
    0000009C FA                     200 	.db #0xfa	; 250
    0000009D FE                     201 	.db #0xfe	; 254
    0000009E E4                     202 	.db #0xe4	; 228
    0000009F FC                     203 	.db #0xfc	; 252
    000000A0 00                     204 	.db #0x00	; 0
    000000A1 00                     205 	.db #0x00	; 0
    000000A2 3F                     206 	.db #0x3f	; 63
    000000A3 3F                     207 	.db #0x3f	; 63
    000000A4 63                     208 	.db #0x63	; 99	'c'
    000000A5 3F                     209 	.db #0x3f	; 63
    000000A6 7F                     210 	.db #0x7f	; 127
    000000A7 3F                     211 	.db #0x3f	; 63
    000000A8 7F                     212 	.db #0x7f	; 127
    000000A9 38                     213 	.db #0x38	; 56	'8'
    000000AA 79                     214 	.db #0x79	; 121	'y'
    000000AB 38                     215 	.db #0x38	; 56	'8'
    000000AC 78                     216 	.db #0x78	; 120	'x'
    000000AD 38                     217 	.db #0x38	; 56	'8'
    000000AE 78                     218 	.db #0x78	; 120	'x'
    000000AF 38                     219 	.db #0x38	; 56	'8'
    000000B0 00                     220 	.db #0x00	; 0
    000000B1 00                     221 	.db #0x00	; 0
    000000B2 C1                     222 	.db #0xc1	; 193
    000000B3 C1                     223 	.db #0xc1	; 193
    000000B4 E2                     224 	.db #0xe2	; 226
    000000B5 E3                     225 	.db #0xe3	; 227
    000000B6 E6                     226 	.db #0xe6	; 230
    000000B7 E3                     227 	.db #0xe3	; 227
    000000B8 F7                     228 	.db #0xf7	; 247
    000000B9 F3                     229 	.db #0xf3	; 243
    000000BA F7                     230 	.db #0xf7	; 247
    000000BB 73                     231 	.db #0x73	; 115	's'
    000000BC F7                     232 	.db #0xf7	; 247
    000000BD 73                     233 	.db #0x73	; 115	's'
    000000BE F7                     234 	.db #0xf7	; 247
    000000BF 73                     235 	.db #0x73	; 115	's'
    000000C0 00                     236 	.db #0x00	; 0
    000000C1 00                     237 	.db #0x00	; 0
    000000C2 82                     238 	.db #0x82	; 130
    000000C3 82                     239 	.db #0x82	; 130
    000000C4 C5                     240 	.db #0xc5	; 197
    000000C5 C7                     241 	.db #0xc7	; 199
    000000C6 CB                     242 	.db #0xcb	; 203
    000000C7 CF                     243 	.db #0xcf	; 207
    000000C8 D6                     244 	.db #0xd6	; 214
    000000C9 DE                     245 	.db #0xde	; 222
    000000CA EC                     246 	.db #0xec	; 236
    000000CB FC                     247 	.db #0xfc	; 252
    000000CC D8                     248 	.db #0xd8	; 216
    000000CD F8                     249 	.db #0xf8	; 248
    000000CE F0                     250 	.db #0xf0	; 240
    000000CF F0                     251 	.db #0xf0	; 240
    000000D0 FF                     252 	.db #0xff	; 255
    000000D1 7B                     253 	.db #0x7b	; 123
    000000D2 FF                     254 	.db #0xff	; 255
    000000D3 78                     255 	.db #0x78	; 120	'x'
    000000D4 FF                     256 	.db #0xff	; 255
    000000D5 7F                     257 	.db #0x7f	; 127
    000000D6 FE                     258 	.db #0xfe	; 254
    000000D7 7F                     259 	.db #0x7f	; 127
    000000D8 FF                     260 	.db #0xff	; 255
    000000D9 3F                     261 	.db #0x3f	; 63
    000000DA 7F                     262 	.db #0x7f	; 127
    000000DB 1F                     263 	.db #0x1f	; 31
    000000DC 3F                     264 	.db #0x3f	; 63
    000000DD 00                     265 	.db #0x00	; 0
    000000DE 00                     266 	.db #0x00	; 0
    000000DF 00                     267 	.db #0x00	; 0
    000000E0 F7                     268 	.db #0xf7	; 247
    000000E1 F3                     269 	.db #0xf3	; 243
    000000E2 F7                     270 	.db #0xf7	; 247
    000000E3 73                     271 	.db #0x73	; 115	's'
    000000E4 D7                     272 	.db #0xd7	; 215
    000000E5 F3                     273 	.db #0xf3	; 243
    000000E6 37                     274 	.db #0x37	; 55	'7'
    000000E7 F3                     275 	.db #0xf3	; 243
    000000E8 F7                     276 	.db #0xf7	; 247
    000000E9 F3                     277 	.db #0xf3	; 243
    000000EA E7                     278 	.db #0xe7	; 231
    000000EB E1                     279 	.db #0xe1	; 225
    000000EC C3                     280 	.db #0xc3	; 195
    000000ED 00                     281 	.db #0x00	; 0
    000000EE 00                     282 	.db #0x00	; 0
    000000EF 00                     283 	.db #0x00	; 0
    000000F0 FE                     284 	.db #0xfe	; 254
    000000F1 FE                     285 	.db #0xfe	; 254
    000000F2 FF                     286 	.db #0xff	; 255
    000000F3 8F                     287 	.db #0x8f	; 143
    000000F4 9F                     288 	.db #0x9f	; 159
    000000F5 87                     289 	.db #0x87	; 135
    000000F6 FD                     290 	.db #0xfd	; 253
    000000F7 FF                     291 	.db #0xff	; 255
    000000F8 F3                     292 	.db #0xf3	; 243
    000000F9 FF                     293 	.db #0xff	; 255
    000000FA FE                     294 	.db #0xfe	; 254
    000000FB FE                     295 	.db #0xfe	; 254
    000000FC FC                     296 	.db #0xfc	; 252
    000000FD 00                     297 	.db #0x00	; 0
    000000FE 00                     298 	.db #0x00	; 0
    000000FF 00                     299 	.db #0x00	; 0
    00000100 78                     300 	.db #0x78	; 120	'x'
    00000101 38                     301 	.db #0x38	; 56	'8'
    00000102 78                     302 	.db #0x78	; 120	'x'
    00000103 38                     303 	.db #0x38	; 56	'8'
    00000104 78                     304 	.db #0x78	; 120	'x'
    00000105 38                     305 	.db #0x38	; 56	'8'
    00000106 7F                     306 	.db #0x7f	; 127
    00000107 3F                     307 	.db #0x3f	; 63
    00000108 7E                     308 	.db #0x7e	; 126
    00000109 3F                     309 	.db #0x3f	; 63
    0000010A 7F                     310 	.db #0x7f	; 127
    0000010B 3F                     311 	.db #0x3f	; 63
    0000010C 7F                     312 	.db #0x7f	; 127
    0000010D 00                     313 	.db #0x00	; 0
    0000010E 00                     314 	.db #0x00	; 0
    0000010F 00                     315 	.db #0x00	; 0
    00000110 F7                     316 	.db #0xf7	; 247
    00000111 73                     317 	.db #0x73	; 115	's'
    00000112 F7                     318 	.db #0xf7	; 247
    00000113 73                     319 	.db #0x73	; 115	's'
    00000114 F6                     320 	.db #0xf6	; 246
    00000115 F3                     321 	.db #0xf3	; 243
    00000116 A6                     322 	.db #0xa6	; 166
    00000117 E3                     323 	.db #0xe3	; 227
    00000118 67                     324 	.db #0x67	; 103	'g'
    00000119 E3                     325 	.db #0xe3	; 227
    0000011A C7                     326 	.db #0xc7	; 199
    0000011B C1                     327 	.db #0xc1	; 193
    0000011C 83                     328 	.db #0x83	; 131
    0000011D 00                     329 	.db #0x00	; 0
    0000011E 00                     330 	.db #0x00	; 0
    0000011F 00                     331 	.db #0x00	; 0
    00000120 F8                     332 	.db #0xf8	; 248
    00000121 F8                     333 	.db #0xf8	; 248
    00000122 FC                     334 	.db #0xfc	; 252
    00000123 FC                     335 	.db #0xfc	; 252
    00000124 FE                     336 	.db #0xfe	; 254
    00000125 DE                     337 	.db #0xde	; 222
    00000126 FF                     338 	.db #0xff	; 255
    00000127 CF                     339 	.db #0xcf	; 207
    00000128 DF                     340 	.db #0xdf	; 223
    00000129 C7                     341 	.db #0xc7	; 199
    0000012A 8E                     342 	.db #0x8e	; 142
    0000012B 82                     343 	.db #0x82	; 130
    0000012C 04                     344 	.db #0x04	; 4
    0000012D 00                     345 	.db #0x00	; 0
    0000012E 00                     346 	.db #0x00	; 0
    0000012F 00                     347 	.db #0x00	; 0
    00000130 00                     348 	.db #0x00	; 0
    00000131 00                     349 	.db #0x00	; 0
    00000132 00                     350 	.db #0x00	; 0
    00000133 00                     351 	.db #0x00	; 0
    00000134 01                     352 	.db #0x01	; 1
    00000135 01                     353 	.db #0x01	; 1
    00000136 03                     354 	.db #0x03	; 3
    00000137 02                     355 	.db #0x02	; 2
    00000138 07                     356 	.db #0x07	; 7
    00000139 04                     357 	.db #0x04	; 4
    0000013A 09                     358 	.db #0x09	; 9
    0000013B 0A                     359 	.db #0x0a	; 10
    0000013C 1B                     360 	.db #0x1b	; 27
    0000013D 10                     361 	.db #0x10	; 16
    0000013E 3B                     362 	.db #0x3b	; 59
    0000013F 30                     363 	.db #0x30	; 48	'0'
    00000140 0F                     364 	.db #0x0f	; 15
    00000141 0F                     365 	.db #0x0f	; 15
    00000142 7F                     366 	.db #0x7f	; 127
    00000143 70                     367 	.db #0x70	; 112	'p'
    00000144 FF                     368 	.db #0xff	; 255
    00000145 83                     369 	.db #0x83	; 131
    00000146 FF                     370 	.db #0xff	; 255
    00000147 07                     371 	.db #0x07	; 7
    00000148 FF                     372 	.db #0xff	; 255
    00000149 0E                     373 	.db #0x0e	; 14
    0000014A FF                     374 	.db #0xff	; 255
    0000014B 0C                     375 	.db #0x0c	; 12
    0000014C FF                     376 	.db #0xff	; 255
    0000014D 0C                     377 	.db #0x0c	; 12
    0000014E FF                     378 	.db #0xff	; 255
    0000014F 0C                     379 	.db #0x0c	; 12
    00000150 F0                     380 	.db #0xf0	; 240
    00000151 F0                     381 	.db #0xf0	; 240
    00000152 FE                     382 	.db #0xfe	; 254
    00000153 0E                     383 	.db #0x0e	; 14
    00000154 FF                     384 	.db #0xff	; 255
    00000155 C1                     385 	.db #0xc1	; 193
    00000156 FF                     386 	.db #0xff	; 255
    00000157 E0                     387 	.db #0xe0	; 224
    00000158 FF                     388 	.db #0xff	; 255
    00000159 60                     389 	.db #0x60	; 96
    0000015A FF                     390 	.db #0xff	; 255
    0000015B 00                     391 	.db #0x00	; 0
    0000015C FF                     392 	.db #0xff	; 255
    0000015D 00                     393 	.db #0x00	; 0
    0000015E FF                     394 	.db #0xff	; 255
    0000015F 00                     395 	.db #0x00	; 0
    00000160 00                     396 	.db #0x00	; 0
    00000161 00                     397 	.db #0x00	; 0
    00000162 00                     398 	.db #0x00	; 0
    00000163 00                     399 	.db #0x00	; 0
    00000164 80                     400 	.db #0x80	; 128
    00000165 80                     401 	.db #0x80	; 128
    00000166 C0                     402 	.db #0xc0	; 192
    00000167 40                     403 	.db #0x40	; 64
    00000168 E0                     404 	.db #0xe0	; 224
    00000169 20                     405 	.db #0x20	; 32
    0000016A D0                     406 	.db #0xd0	; 208
    0000016B 10                     407 	.db #0x10	; 16
    0000016C D8                     408 	.db #0xd8	; 216
    0000016D 08                     409 	.db #0x08	; 8
    0000016E DC                     410 	.db #0xdc	; 220
    0000016F 0C                     411 	.db #0x0c	; 12
    00000170 3B                     412 	.db #0x3b	; 59
    00000171 30                     413 	.db #0x30	; 48	'0'
    00000172 5B                     414 	.db #0x5b	; 91
    00000173 70                     415 	.db #0x70	; 112	'p'
    00000174 5B                     416 	.db #0x5b	; 91
    00000175 70                     417 	.db #0x70	; 112	'p'
    00000176 5B                     418 	.db #0x5b	; 91
    00000177 70                     419 	.db #0x70	; 112	'p'
    00000178 9B                     420 	.db #0x9b	; 155
    00000179 F0                     421 	.db #0xf0	; 240
    0000017A 9B                     422 	.db #0x9b	; 155
    0000017B F0                     423 	.db #0xf0	; 240
    0000017C 9B                     424 	.db #0x9b	; 155
    0000017D F0                     425 	.db #0xf0	; 240
    0000017E 98                     426 	.db #0x98	; 152
    0000017F F0                     427 	.db #0xf0	; 240
    00000180 FF                     428 	.db #0xff	; 255
    00000181 0E                     429 	.db #0x0e	; 14
    00000182 FF                     430 	.db #0xff	; 255
    00000183 07                     431 	.db #0x07	; 7
    00000184 FF                     432 	.db #0xff	; 255
    00000185 03                     433 	.db #0x03	; 3
    00000186 FF                     434 	.db #0xff	; 255
    00000187 00                     435 	.db #0x00	; 0
    00000188 FF                     436 	.db #0xff	; 255
    00000189 00                     437 	.db #0x00	; 0
    0000018A 00                     438 	.db #0x00	; 0
    0000018B FF                     439 	.db #0xff	; 255
    0000018C 00                     440 	.db #0x00	; 0
    0000018D FF                     441 	.db #0xff	; 255
    0000018E 00                     442 	.db #0x00	; 0
    0000018F 00                     443 	.db #0x00	; 0
    00000190 FF                     444 	.db #0xff	; 255
    00000191 60                     445 	.db #0x60	; 96
    00000192 FF                     446 	.db #0xff	; 255
    00000193 E0                     447 	.db #0xe0	; 224
    00000194 FF                     448 	.db #0xff	; 255
    00000195 C0                     449 	.db #0xc0	; 192
    00000196 FF                     450 	.db #0xff	; 255
    00000197 00                     451 	.db #0x00	; 0
    00000198 FF                     452 	.db #0xff	; 255
    00000199 00                     453 	.db #0x00	; 0
    0000019A 00                     454 	.db #0x00	; 0
    0000019B FF                     455 	.db #0xff	; 255
    0000019C 00                     456 	.db #0x00	; 0
    0000019D FF                     457 	.db #0xff	; 255
    0000019E 00                     458 	.db #0x00	; 0
    0000019F 00                     459 	.db #0x00	; 0
    000001A0 DC                     460 	.db #0xdc	; 220
    000001A1 0C                     461 	.db #0x0c	; 12
    000001A2 DA                     462 	.db #0xda	; 218
    000001A3 0E                     463 	.db #0x0e	; 14
    000001A4 DA                     464 	.db #0xda	; 218
    000001A5 0E                     465 	.db #0x0e	; 14
    000001A6 DA                     466 	.db #0xda	; 218
    000001A7 0E                     467 	.db #0x0e	; 14
    000001A8 D9                     468 	.db #0xd9	; 217
    000001A9 0F                     469 	.db #0x0f	; 15
    000001AA D9                     470 	.db #0xd9	; 217
    000001AB 0F                     471 	.db #0x0f	; 15
    000001AC 99                     472 	.db #0x99	; 153
    000001AD 0F                     473 	.db #0x0f	; 15
    000001AE 19                     474 	.db #0x19	; 25
    000001AF 0F                     475 	.db #0x0f	; 15
    000001B0 98                     476 	.db #0x98	; 152
    000001B1 F0                     477 	.db #0xf0	; 240
    000001B2 98                     478 	.db #0x98	; 152
    000001B3 F0                     479 	.db #0xf0	; 240
    000001B4 98                     480 	.db #0x98	; 152
    000001B5 F0                     481 	.db #0xf0	; 240
    000001B6 99                     482 	.db #0x99	; 153
    000001B7 F1                     483 	.db #0xf1	; 241
    000001B8 59                     484 	.db #0x59	; 89	'Y'
    000001B9 71                     485 	.db #0x71	; 113	'q'
    000001BA 58                     486 	.db #0x58	; 88	'X'
    000001BB 70                     487 	.db #0x70	; 112	'p'
    000001BC 58                     488 	.db #0x58	; 88	'X'
    000001BD 70                     489 	.db #0x70	; 112	'p'
    000001BE 38                     490 	.db #0x38	; 56	'8'
    000001BF 30                     491 	.db #0x30	; 48	'0'
    000001C0 00                     492 	.db #0x00	; 0
    000001C1 00                     493 	.db #0x00	; 0
    000001C2 60                     494 	.db #0x60	; 96
    000001C3 60                     495 	.db #0x60	; 96
    000001C4 60                     496 	.db #0x60	; 96
    000001C5 60                     497 	.db #0x60	; 96
    000001C6 F8                     498 	.db #0xf8	; 248
    000001C7 F8                     499 	.db #0xf8	; 248
    000001C8 F8                     500 	.db #0xf8	; 248
    000001C9 F8                     501 	.db #0xf8	; 248
    000001CA 60                     502 	.db #0x60	; 96
    000001CB 60                     503 	.db #0x60	; 96
    000001CC 60                     504 	.db #0x60	; 96
    000001CD 60                     505 	.db #0x60	; 96
    000001CE 00                     506 	.db #0x00	; 0
    000001CF 00                     507 	.db #0x00	; 0
    000001D0 00                     508 	.db #0x00	; 0
    000001D1 00                     509 	.db #0x00	; 0
    000001D2 00                     510 	.db #0x00	; 0
    000001D3 03                     511 	.db #0x03	; 3
    000001D4 00                     512 	.db #0x00	; 0
    000001D5 03                     513 	.db #0x03	; 3
    000001D6 00                     514 	.db #0x00	; 0
    000001D7 03                     515 	.db #0x03	; 3
    000001D8 00                     516 	.db #0x00	; 0
    000001D9 1C                     517 	.db #0x1c	; 28
    000001DA 00                     518 	.db #0x00	; 0
    000001DB 1C                     519 	.db #0x1c	; 28
    000001DC 00                     520 	.db #0x00	; 0
    000001DD 1C                     521 	.db #0x1c	; 28
    000001DE 00                     522 	.db #0x00	; 0
    000001DF 00                     523 	.db #0x00	; 0
    000001E0 19                     524 	.db #0x19	; 25
    000001E1 0F                     525 	.db #0x0f	; 15
    000001E2 19                     526 	.db #0x19	; 25
    000001E3 8F                     527 	.db #0x8f	; 143
    000001E4 19                     528 	.db #0x19	; 25
    000001E5 8F                     529 	.db #0x8f	; 143
    000001E6 19                     530 	.db #0x19	; 25
    000001E7 8F                     531 	.db #0x8f	; 143
    000001E8 1A                     532 	.db #0x1a	; 26
    000001E9 0E                     533 	.db #0x0e	; 14
    000001EA 1A                     534 	.db #0x1a	; 26
    000001EB 0E                     535 	.db #0x0e	; 14
    000001EC 1A                     536 	.db #0x1a	; 26
    000001ED 0E                     537 	.db #0x0e	; 14
    000001EE 1C                     538 	.db #0x1c	; 28
    000001EF 0C                     539 	.db #0x0c	; 12
    000001F0 38                     540 	.db #0x38	; 56	'8'
    000001F1 30                     541 	.db #0x30	; 48	'0'
    000001F2 18                     542 	.db #0x18	; 24
    000001F3 10                     543 	.db #0x10	; 16
    000001F4 08                     544 	.db #0x08	; 8
    000001F5 08                     545 	.db #0x08	; 8
    000001F6 04                     546 	.db #0x04	; 4
    000001F7 04                     547 	.db #0x04	; 4
    000001F8 02                     548 	.db #0x02	; 2
    000001F9 02                     549 	.db #0x02	; 2
    000001FA 01                     550 	.db #0x01	; 1
    000001FB 01                     551 	.db #0x01	; 1
    000001FC 00                     552 	.db #0x00	; 0
    000001FD 00                     553 	.db #0x00	; 0
    000001FE 00                     554 	.db #0x00	; 0
    000001FF 00                     555 	.db #0x00	; 0
    00000200 00                     556 	.db #0x00	; 0
    00000201 00                     557 	.db #0x00	; 0
    00000202 00                     558 	.db #0x00	; 0
    00000203 00                     559 	.db #0x00	; 0
    00000204 02                     560 	.db #0x02	; 2
    00000205 00                     561 	.db #0x00	; 0
    00000206 04                     562 	.db #0x04	; 4
    00000207 00                     563 	.db #0x00	; 0
    00000208 00                     564 	.db #0x00	; 0
    00000209 00                     565 	.db #0x00	; 0
    0000020A 80                     566 	.db #0x80	; 128
    0000020B 80                     567 	.db #0x80	; 128
    0000020C 70                     568 	.db #0x70	; 112	'p'
    0000020D 70                     569 	.db #0x70	; 112	'p'
    0000020E 0F                     570 	.db #0x0f	; 15
    0000020F 0F                     571 	.db #0x0f	; 15
    00000210 00                     572 	.db #0x00	; 0
    00000211 00                     573 	.db #0x00	; 0
    00000212 00                     574 	.db #0x00	; 0
    00000213 00                     575 	.db #0x00	; 0
    00000214 20                     576 	.db #0x20	; 32
    00000215 00                     577 	.db #0x00	; 0
    00000216 41                     578 	.db #0x41	; 65	'A'
    00000217 01                     579 	.db #0x01	; 1
    00000218 04                     580 	.db #0x04	; 4
    00000219 04                     581 	.db #0x04	; 4
    0000021A 13                     582 	.db #0x13	; 19
    0000021B 13                     583 	.db #0x13	; 19
    0000021C 0E                     584 	.db #0x0e	; 14
    0000021D 0E                     585 	.db #0x0e	; 14
    0000021E F0                     586 	.db #0xf0	; 240
    0000021F F0                     587 	.db #0xf0	; 240
    00000220 1C                     588 	.db #0x1c	; 28
    00000221 0C                     589 	.db #0x0c	; 12
    00000222 18                     590 	.db #0x18	; 24
    00000223 08                     591 	.db #0x08	; 8
    00000224 50                     592 	.db #0x50	; 80	'P'
    00000225 50                     593 	.db #0x50	; 80	'P'
    00000226 20                     594 	.db #0x20	; 32
    00000227 20                     595 	.db #0x20	; 32
    00000228 C0                     596 	.db #0xc0	; 192
    00000229 C0                     597 	.db #0xc0	; 192
    0000022A 80                     598 	.db #0x80	; 128
    0000022B 80                     599 	.db #0x80	; 128
    0000022C 00                     600 	.db #0x00	; 0
    0000022D 00                     601 	.db #0x00	; 0
    0000022E 00                     602 	.db #0x00	; 0
    0000022F 00                     603 	.db #0x00	; 0
    00000230 00                     604 	.db #0x00	; 0
    00000231 00                     605 	.db #0x00	; 0
    00000232 1F                     606 	.db #0x1f	; 31
    00000233 1F                     607 	.db #0x1f	; 31
    00000234 23                     608 	.db #0x23	; 35
    00000235 3F                     609 	.db #0x3f	; 63
    00000236 5F                     610 	.db #0x5f	; 95
    00000237 7F                     611 	.db #0x7f	; 127
    00000238 FF                     612 	.db #0xff	; 255
    00000239 70                     613 	.db #0x70	; 112	'p'
    0000023A E3                     614 	.db #0xe3	; 227
    0000023B 63                     615 	.db #0x63	; 99	'c'
    0000023C CF                     616 	.db #0xcf	; 207
    0000023D 0F                     617 	.db #0x0f	; 15
    0000023E 1D                     618 	.db #0x1d	; 29
    0000023F 1F                     619 	.db #0x1f	; 31
    00000240 00                     620 	.db #0x00	; 0
    00000241 00                     621 	.db #0x00	; 0
    00000242 81                     622 	.db #0x81	; 129
    00000243 81                     623 	.db #0x81	; 129
    00000244 C2                     624 	.db #0xc2	; 194
    00000245 C3                     625 	.db #0xc3	; 195
    00000246 E5                     626 	.db #0xe5	; 229
    00000247 E7                     627 	.db #0xe7	; 231
    00000248 EF                     628 	.db #0xef	; 239
    00000249 E7                     629 	.db #0xe7	; 231
    0000024A EF                     630 	.db #0xef	; 239
    0000024B E7                     631 	.db #0xe7	; 231
    0000024C EF                     632 	.db #0xef	; 239
    0000024D E7                     633 	.db #0xe7	; 231
    0000024E CF                     634 	.db #0xcf	; 207
    0000024F C7                     635 	.db #0xc7	; 199
    00000250 00                     636 	.db #0x00	; 0
    00000251 00                     637 	.db #0x00	; 0
    00000252 F8                     638 	.db #0xf8	; 248
    00000253 F8                     639 	.db #0xf8	; 248
    00000254 7C                     640 	.db #0x7c	; 124
    00000255 FC                     641 	.db #0xfc	; 252
    00000256 FE                     642 	.db #0xfe	; 254
    00000257 9E                     643 	.db #0x9e	; 158
    00000258 BE                     644 	.db #0xbe	; 190
    00000259 9E                     645 	.db #0x9e	; 158
    0000025A BE                     646 	.db #0xbe	; 190
    0000025B 9E                     647 	.db #0x9e	; 158
    0000025C BE                     648 	.db #0xbe	; 190
    0000025D 9E                     649 	.db #0x9e	; 158
    0000025E BE                     650 	.db #0xbe	; 190
    0000025F 9E                     651 	.db #0x9e	; 158
    00000260 00                     652 	.db #0x00	; 0
    00000261 00                     653 	.db #0x00	; 0
    00000262 FC                     654 	.db #0xfc	; 252
    00000263 FC                     655 	.db #0xfc	; 252
    00000264 7E                     656 	.db #0x7e	; 126
    00000265 FE                     657 	.db #0xfe	; 254
    00000266 FF                     658 	.db #0xff	; 255
    00000267 8F                     659 	.db #0x8f	; 143
    00000268 9F                     660 	.db #0x9f	; 159
    00000269 8F                     661 	.db #0x8f	; 143
    0000026A 9F                     662 	.db #0x9f	; 159
    0000026B 8F                     663 	.db #0x8f	; 143
    0000026C 9F                     664 	.db #0x9f	; 159
    0000026D 8F                     665 	.db #0x8f	; 143
    0000026E 9F                     666 	.db #0x9f	; 159
    0000026F 8F                     667 	.db #0x8f	; 143
    00000270 3B                     668 	.db #0x3b	; 59
    00000271 3F                     669 	.db #0x3f	; 63
    00000272 7F                     670 	.db #0x7f	; 127
    00000273 7E                     671 	.db #0x7e	; 126
    00000274 FC                     672 	.db #0xfc	; 252
    00000275 78                     673 	.db #0x78	; 120	'x'
    00000276 FF                     674 	.db #0xff	; 255
    00000277 7F                     675 	.db #0x7f	; 127
    00000278 FE                     676 	.db #0xfe	; 254
    00000279 7F                     677 	.db #0x7f	; 127
    0000027A FF                     678 	.db #0xff	; 255
    0000027B 3F                     679 	.db #0x3f	; 63
    0000027C 7F                     680 	.db #0x7f	; 127
    0000027D 00                     681 	.db #0x00	; 0
    0000027E 00                     682 	.db #0x00	; 0
    0000027F 00                     683 	.db #0x00	; 0
    00000280 8F                     684 	.db #0x8f	; 143
    00000281 87                     685 	.db #0x87	; 135
    00000282 0F                     686 	.db #0x0f	; 15
    00000283 07                     687 	.db #0x07	; 7
    00000284 0F                     688 	.db #0x0f	; 15
    00000285 07                     689 	.db #0x07	; 7
    00000286 CF                     690 	.db #0xcf	; 207
    00000287 C7                     691 	.db #0xc7	; 199
    00000288 6F                     692 	.db #0x6f	; 111	'o'
    00000289 E3                     693 	.db #0xe3	; 227
    0000028A E7                     694 	.db #0xe7	; 231
    0000028B E1                     695 	.db #0xe1	; 225
    0000028C C3                     696 	.db #0xc3	; 195
    0000028D 00                     697 	.db #0x00	; 0
    0000028E 00                     698 	.db #0x00	; 0
    0000028F 00                     699 	.db #0x00	; 0
    00000290 BE                     700 	.db #0xbe	; 190
    00000291 9E                     701 	.db #0x9e	; 158
    00000292 BE                     702 	.db #0xbe	; 190
    00000293 9E                     703 	.db #0x9e	; 158
    00000294 B6                     704 	.db #0xb6	; 182
    00000295 9E                     705 	.db #0x9e	; 158
    00000296 B6                     706 	.db #0xb6	; 182
    00000297 9E                     707 	.db #0x9e	; 158
    00000298 FC                     708 	.db #0xfc	; 252
    00000299 FC                     709 	.db #0xfc	; 252
    0000029A F8                     710 	.db #0xf8	; 248
    0000029B F8                     711 	.db #0xf8	; 248
    0000029C F0                     712 	.db #0xf0	; 240
    0000029D 00                     713 	.db #0x00	; 0
    0000029E 00                     714 	.db #0x00	; 0
    0000029F 00                     715 	.db #0x00	; 0
    000002A0 9F                     716 	.db #0x9f	; 159
    000002A1 8F                     717 	.db #0x8f	; 143
    000002A2 9F                     718 	.db #0x9f	; 159
    000002A3 8F                     719 	.db #0x8f	; 143
    000002A4 9B                     720 	.db #0x9b	; 155
    000002A5 8F                     721 	.db #0x8f	; 143
    000002A6 9B                     722 	.db #0x9b	; 155
    000002A7 8F                     723 	.db #0x8f	; 143
    000002A8 FE                     724 	.db #0xfe	; 254
    000002A9 FE                     725 	.db #0xfe	; 254
    000002AA FC                     726 	.db #0xfc	; 252
    000002AB FC                     727 	.db #0xfc	; 252
    000002AC F8                     728 	.db #0xf8	; 248
    000002AD 00                     729 	.db #0x00	; 0
    000002AE 00                     730 	.db #0x00	; 0
    000002AF 00                     731 	.db #0x00	; 0
    000002B0                        732 _GBDK_2020_logo_map:
    000002B0 00                     733 	.db #0x00	; 0
    000002B1 00                     734 	.db #0x00	; 0
    000002B2 00                     735 	.db #0x00	; 0
    000002B3 00                     736 	.db #0x00	; 0
    000002B4 00                     737 	.db #0x00	; 0
    000002B5 00                     738 	.db #0x00	; 0
    000002B6 00                     739 	.db #0x00	; 0
    000002B7 00                     740 	.db #0x00	; 0
    000002B8 00                     741 	.db #0x00	; 0
    000002B9 00                     742 	.db #0x00	; 0
    000002BA 00                     743 	.db #0x00	; 0
    000002BB 00                     744 	.db #0x00	; 0
    000002BC 00                     745 	.db #0x00	; 0
    000002BD 00                     746 	.db #0x00	; 0
    000002BE 00                     747 	.db #0x00	; 0
    000002BF 00                     748 	.db #0x00	; 0
    000002C0 00                     749 	.db #0x00	; 0
    000002C1 00                     750 	.db #0x00	; 0
    000002C2 00                     751 	.db #0x00	; 0
    000002C3 00                     752 	.db #0x00	; 0
    000002C4 00                     753 	.db #0x00	; 0
    000002C5 00                     754 	.db #0x00	; 0
    000002C6 00                     755 	.db #0x00	; 0
    000002C7 00                     756 	.db #0x00	; 0
    000002C8 00                     757 	.db #0x00	; 0
    000002C9 00                     758 	.db #0x00	; 0
    000002CA 00                     759 	.db #0x00	; 0
    000002CB 00                     760 	.db #0x00	; 0
    000002CC 00                     761 	.db #0x00	; 0
    000002CD 00                     762 	.db #0x00	; 0
    000002CE 00                     763 	.db #0x00	; 0
    000002CF 00                     764 	.db #0x00	; 0
    000002D0 00                     765 	.db #0x00	; 0
    000002D1 00                     766 	.db #0x00	; 0
    000002D2 00                     767 	.db #0x00	; 0
    000002D3 00                     768 	.db #0x00	; 0
    000002D4 00                     769 	.db #0x00	; 0
    000002D5 00                     770 	.db #0x00	; 0
    000002D6 00                     771 	.db #0x00	; 0
    000002D7 00                     772 	.db #0x00	; 0
    000002D8 00                     773 	.db #0x00	; 0
    000002D9 00                     774 	.db #0x00	; 0
    000002DA 00                     775 	.db #0x00	; 0
    000002DB 00                     776 	.db #0x00	; 0
    000002DC 00                     777 	.db #0x00	; 0
    000002DD 00                     778 	.db #0x00	; 0
    000002DE 00                     779 	.db #0x00	; 0
    000002DF 00                     780 	.db #0x00	; 0
    000002E0 00                     781 	.db #0x00	; 0
    000002E1 00                     782 	.db #0x00	; 0
    000002E2 00                     783 	.db #0x00	; 0
    000002E3 00                     784 	.db #0x00	; 0
    000002E4 00                     785 	.db #0x00	; 0
    000002E5 00                     786 	.db #0x00	; 0
    000002E6 00                     787 	.db #0x00	; 0
    000002E7 00                     788 	.db #0x00	; 0
    000002E8 00                     789 	.db #0x00	; 0
    000002E9 00                     790 	.db #0x00	; 0
    000002EA 00                     791 	.db #0x00	; 0
    000002EB 00                     792 	.db #0x00	; 0
    000002EC 00                     793 	.db #0x00	; 0
    000002ED 00                     794 	.db #0x00	; 0
    000002EE 00                     795 	.db #0x00	; 0
    000002EF 00                     796 	.db #0x00	; 0
    000002F0 00                     797 	.db #0x00	; 0
    000002F1 00                     798 	.db #0x00	; 0
    000002F2 00                     799 	.db #0x00	; 0
    000002F3 00                     800 	.db #0x00	; 0
    000002F4 01                     801 	.db #0x01	; 1
    000002F5 02                     802 	.db #0x02	; 2
    000002F6 03                     803 	.db #0x03	; 3
    000002F7 04                     804 	.db #0x04	; 4
    000002F8 00                     805 	.db #0x00	; 0
    000002F9 00                     806 	.db #0x00	; 0
    000002FA 00                     807 	.db #0x00	; 0
    000002FB 00                     808 	.db #0x00	; 0
    000002FC 00                     809 	.db #0x00	; 0
    000002FD 00                     810 	.db #0x00	; 0
    000002FE 00                     811 	.db #0x00	; 0
    000002FF 00                     812 	.db #0x00	; 0
    00000300 00                     813 	.db #0x00	; 0
    00000301 00                     814 	.db #0x00	; 0
    00000302 00                     815 	.db #0x00	; 0
    00000303 00                     816 	.db #0x00	; 0
    00000304 00                     817 	.db #0x00	; 0
    00000305 00                     818 	.db #0x00	; 0
    00000306 00                     819 	.db #0x00	; 0
    00000307 05                     820 	.db #0x05	; 5
    00000308 06                     821 	.db #0x06	; 6
    00000309 07                     822 	.db #0x07	; 7
    0000030A 08                     823 	.db #0x08	; 8
    0000030B 09                     824 	.db #0x09	; 9
    0000030C 0A                     825 	.db #0x0a	; 10
    0000030D 00                     826 	.db #0x00	; 0
    0000030E 00                     827 	.db #0x00	; 0
    0000030F 00                     828 	.db #0x00	; 0
    00000310 00                     829 	.db #0x00	; 0
    00000311 00                     830 	.db #0x00	; 0
    00000312 00                     831 	.db #0x00	; 0
    00000313 00                     832 	.db #0x00	; 0
    00000314 00                     833 	.db #0x00	; 0
    00000315 00                     834 	.db #0x00	; 0
    00000316 00                     835 	.db #0x00	; 0
    00000317 00                     836 	.db #0x00	; 0
    00000318 00                     837 	.db #0x00	; 0
    00000319 00                     838 	.db #0x00	; 0
    0000031A 00                     839 	.db #0x00	; 0
    0000031B 0B                     840 	.db #0x0b	; 11
    0000031C 0C                     841 	.db #0x0c	; 12
    0000031D 0D                     842 	.db #0x0d	; 13
    0000031E 0E                     843 	.db #0x0e	; 14
    0000031F 0F                     844 	.db #0x0f	; 15
    00000320 10                     845 	.db #0x10	; 16
    00000321 00                     846 	.db #0x00	; 0
    00000322 00                     847 	.db #0x00	; 0
    00000323 00                     848 	.db #0x00	; 0
    00000324 00                     849 	.db #0x00	; 0
    00000325 00                     850 	.db #0x00	; 0
    00000326 00                     851 	.db #0x00	; 0
    00000327 00                     852 	.db #0x00	; 0
    00000328 00                     853 	.db #0x00	; 0
    00000329 00                     854 	.db #0x00	; 0
    0000032A 00                     855 	.db #0x00	; 0
    0000032B 00                     856 	.db #0x00	; 0
    0000032C 00                     857 	.db #0x00	; 0
    0000032D 00                     858 	.db #0x00	; 0
    0000032E 00                     859 	.db #0x00	; 0
    0000032F 00                     860 	.db #0x00	; 0
    00000330 00                     861 	.db #0x00	; 0
    00000331 00                     862 	.db #0x00	; 0
    00000332 00                     863 	.db #0x00	; 0
    00000333 00                     864 	.db #0x00	; 0
    00000334 00                     865 	.db #0x00	; 0
    00000335 00                     866 	.db #0x00	; 0
    00000336 00                     867 	.db #0x00	; 0
    00000337 00                     868 	.db #0x00	; 0
    00000338 00                     869 	.db #0x00	; 0
    00000339 00                     870 	.db #0x00	; 0
    0000033A 00                     871 	.db #0x00	; 0
    0000033B 00                     872 	.db #0x00	; 0
    0000033C 00                     873 	.db #0x00	; 0
    0000033D 00                     874 	.db #0x00	; 0
    0000033E 00                     875 	.db #0x00	; 0
    0000033F 00                     876 	.db #0x00	; 0
    00000340 00                     877 	.db #0x00	; 0
    00000341 00                     878 	.db #0x00	; 0
    00000342 00                     879 	.db #0x00	; 0
    00000343 00                     880 	.db #0x00	; 0
    00000344 11                     881 	.db #0x11	; 17
    00000345 12                     882 	.db #0x12	; 18
    00000346 13                     883 	.db #0x13	; 19
    00000347 14                     884 	.db #0x14	; 20
    00000348 00                     885 	.db #0x00	; 0
    00000349 00                     886 	.db #0x00	; 0
    0000034A 00                     887 	.db #0x00	; 0
    0000034B 00                     888 	.db #0x00	; 0
    0000034C 00                     889 	.db #0x00	; 0
    0000034D 00                     890 	.db #0x00	; 0
    0000034E 00                     891 	.db #0x00	; 0
    0000034F 00                     892 	.db #0x00	; 0
    00000350 00                     893 	.db #0x00	; 0
    00000351 00                     894 	.db #0x00	; 0
    00000352 00                     895 	.db #0x00	; 0
    00000353 00                     896 	.db #0x00	; 0
    00000354 00                     897 	.db #0x00	; 0
    00000355 00                     898 	.db #0x00	; 0
    00000356 00                     899 	.db #0x00	; 0
    00000357 00                     900 	.db #0x00	; 0
    00000358 15                     901 	.db #0x15	; 21
    00000359 16                     902 	.db #0x16	; 22
    0000035A 17                     903 	.db #0x17	; 23
    0000035B 18                     904 	.db #0x18	; 24
    0000035C 00                     905 	.db #0x00	; 0
    0000035D 00                     906 	.db #0x00	; 0
    0000035E 00                     907 	.db #0x00	; 0
    0000035F 00                     908 	.db #0x00	; 0
    00000360 00                     909 	.db #0x00	; 0
    00000361 00                     910 	.db #0x00	; 0
    00000362 00                     911 	.db #0x00	; 0
    00000363 00                     912 	.db #0x00	; 0
    00000364 00                     913 	.db #0x00	; 0
    00000365 00                     914 	.db #0x00	; 0
    00000366 00                     915 	.db #0x00	; 0
    00000367 00                     916 	.db #0x00	; 0
    00000368 00                     917 	.db #0x00	; 0
    00000369 00                     918 	.db #0x00	; 0
    0000036A 00                     919 	.db #0x00	; 0
    0000036B 00                     920 	.db #0x00	; 0
    0000036C 19                     921 	.db #0x19	; 25
    0000036D 1A                     922 	.db #0x1a	; 26
    0000036E 1B                     923 	.db #0x1b	; 27
    0000036F 1C                     924 	.db #0x1c	; 28
    00000370 00                     925 	.db #0x00	; 0
    00000371 00                     926 	.db #0x00	; 0
    00000372 00                     927 	.db #0x00	; 0
    00000373 00                     928 	.db #0x00	; 0
    00000374 00                     929 	.db #0x00	; 0
    00000375 00                     930 	.db #0x00	; 0
    00000376 00                     931 	.db #0x00	; 0
    00000377 00                     932 	.db #0x00	; 0
    00000378 00                     933 	.db #0x00	; 0
    00000379 00                     934 	.db #0x00	; 0
    0000037A 00                     935 	.db #0x00	; 0
    0000037B 00                     936 	.db #0x00	; 0
    0000037C 00                     937 	.db #0x00	; 0
    0000037D 00                     938 	.db #0x00	; 0
    0000037E 00                     939 	.db #0x00	; 0
    0000037F 00                     940 	.db #0x00	; 0
    00000380 1D                     941 	.db #0x1d	; 29
    00000381 1E                     942 	.db #0x1e	; 30
    00000382 1F                     943 	.db #0x1f	; 31
    00000383 20                     944 	.db #0x20	; 32
    00000384 00                     945 	.db #0x00	; 0
    00000385 00                     946 	.db #0x00	; 0
    00000386 00                     947 	.db #0x00	; 0
    00000387 00                     948 	.db #0x00	; 0
    00000388 00                     949 	.db #0x00	; 0
    00000389 00                     950 	.db #0x00	; 0
    0000038A 00                     951 	.db #0x00	; 0
    0000038B 00                     952 	.db #0x00	; 0
    0000038C 00                     953 	.db #0x00	; 0
    0000038D 00                     954 	.db #0x00	; 0
    0000038E 00                     955 	.db #0x00	; 0
    0000038F 00                     956 	.db #0x00	; 0
    00000390 00                     957 	.db #0x00	; 0
    00000391 00                     958 	.db #0x00	; 0
    00000392 00                     959 	.db #0x00	; 0
    00000393 00                     960 	.db #0x00	; 0
    00000394 00                     961 	.db #0x00	; 0
    00000395 00                     962 	.db #0x00	; 0
    00000396 00                     963 	.db #0x00	; 0
    00000397 00                     964 	.db #0x00	; 0
    00000398 00                     965 	.db #0x00	; 0
    00000399 00                     966 	.db #0x00	; 0
    0000039A 00                     967 	.db #0x00	; 0
    0000039B 00                     968 	.db #0x00	; 0
    0000039C 00                     969 	.db #0x00	; 0
    0000039D 00                     970 	.db #0x00	; 0
    0000039E 00                     971 	.db #0x00	; 0
    0000039F 00                     972 	.db #0x00	; 0
    000003A0 00                     973 	.db #0x00	; 0
    000003A1 00                     974 	.db #0x00	; 0
    000003A2 00                     975 	.db #0x00	; 0
    000003A3 00                     976 	.db #0x00	; 0
    000003A4 00                     977 	.db #0x00	; 0
    000003A5 00                     978 	.db #0x00	; 0
    000003A6 00                     979 	.db #0x00	; 0
    000003A7 21                     980 	.db #0x21	; 33
    000003A8 22                     981 	.db #0x22	; 34
    000003A9 23                     982 	.db #0x23	; 35
    000003AA 21                     983 	.db #0x21	; 33
    000003AB 22                     984 	.db #0x22	; 34
    000003AC 24                     985 	.db #0x24	; 36
    000003AD 00                     986 	.db #0x00	; 0
    000003AE 00                     987 	.db #0x00	; 0
    000003AF 00                     988 	.db #0x00	; 0
    000003B0 00                     989 	.db #0x00	; 0
    000003B1 00                     990 	.db #0x00	; 0
    000003B2 00                     991 	.db #0x00	; 0
    000003B3 00                     992 	.db #0x00	; 0
    000003B4 00                     993 	.db #0x00	; 0
    000003B5 00                     994 	.db #0x00	; 0
    000003B6 00                     995 	.db #0x00	; 0
    000003B7 00                     996 	.db #0x00	; 0
    000003B8 00                     997 	.db #0x00	; 0
    000003B9 00                     998 	.db #0x00	; 0
    000003BA 00                     999 	.db #0x00	; 0
    000003BB 25                    1000 	.db #0x25	; 37
    000003BC 26                    1001 	.db #0x26	; 38
    000003BD 27                    1002 	.db #0x27	; 39
    000003BE 25                    1003 	.db #0x25	; 37
    000003BF 26                    1004 	.db #0x26	; 38
    000003C0 28                    1005 	.db #0x28	; 40
    000003C1 00                    1006 	.db #0x00	; 0
    000003C2 00                    1007 	.db #0x00	; 0
    000003C3 00                    1008 	.db #0x00	; 0
    000003C4 00                    1009 	.db #0x00	; 0
    000003C5 00                    1010 	.db #0x00	; 0
    000003C6 00                    1011 	.db #0x00	; 0
    000003C7 00                    1012 	.db #0x00	; 0
    000003C8 00                    1013 	.db #0x00	; 0
    000003C9 00                    1014 	.db #0x00	; 0
    000003CA 00                    1015 	.db #0x00	; 0
    000003CB 00                    1016 	.db #0x00	; 0
    000003CC 00                    1017 	.db #0x00	; 0
    000003CD 00                    1018 	.db #0x00	; 0
    000003CE 00                    1019 	.db #0x00	; 0
    000003CF 00                    1020 	.db #0x00	; 0
    000003D0 00                    1021 	.db #0x00	; 0
    000003D1 00                    1022 	.db #0x00	; 0
    000003D2 00                    1023 	.db #0x00	; 0
    000003D3 00                    1024 	.db #0x00	; 0
    000003D4 00                    1025 	.db #0x00	; 0
    000003D5 00                    1026 	.db #0x00	; 0
    000003D6 00                    1027 	.db #0x00	; 0
    000003D7 00                    1028 	.db #0x00	; 0
    000003D8 00                    1029 	.db #0x00	; 0
    000003D9 00                    1030 	.db #0x00	; 0
    000003DA 00                    1031 	.db #0x00	; 0
    000003DB 00                    1032 	.db #0x00	; 0
    000003DC 00                    1033 	.db #0x00	; 0
    000003DD 00                    1034 	.db #0x00	; 0
    000003DE 00                    1035 	.db #0x00	; 0
    000003DF 00                    1036 	.db #0x00	; 0
    000003E0 00                    1037 	.db #0x00	; 0
    000003E1 00                    1038 	.db #0x00	; 0
    000003E2 00                    1039 	.db #0x00	; 0
    000003E3 00                    1040 	.db #0x00	; 0
    000003E4 00                    1041 	.db #0x00	; 0
    000003E5 00                    1042 	.db #0x00	; 0
    000003E6 00                    1043 	.db #0x00	; 0
    000003E7 00                    1044 	.db #0x00	; 0
    000003E8 00                    1045 	.db #0x00	; 0
    000003E9 00                    1046 	.db #0x00	; 0
    000003EA 00                    1047 	.db #0x00	; 0
    000003EB 00                    1048 	.db #0x00	; 0
    000003EC 00                    1049 	.db #0x00	; 0
    000003ED 00                    1050 	.db #0x00	; 0
    000003EE 00                    1051 	.db #0x00	; 0
    000003EF 00                    1052 	.db #0x00	; 0
    000003F0 00                    1053 	.db #0x00	; 0
    000003F1 00                    1054 	.db #0x00	; 0
    000003F2 00                    1055 	.db #0x00	; 0
    000003F3 00                    1056 	.db #0x00	; 0
    000003F4 00                    1057 	.db #0x00	; 0
    000003F5 00                    1058 	.db #0x00	; 0
    000003F6 00                    1059 	.db #0x00	; 0
    000003F7 00                    1060 	.db #0x00	; 0
    000003F8 00                    1061 	.db #0x00	; 0
    000003F9 00                    1062 	.db #0x00	; 0
    000003FA 00                    1063 	.db #0x00	; 0
    000003FB 00                    1064 	.db #0x00	; 0
    000003FC 00                    1065 	.db #0x00	; 0
    000003FD 00                    1066 	.db #0x00	; 0
    000003FE 00                    1067 	.db #0x00	; 0
    000003FF 00                    1068 	.db #0x00	; 0
    00000400 00                    1069 	.db #0x00	; 0
    00000401 00                    1070 	.db #0x00	; 0
    00000402 00                    1071 	.db #0x00	; 0
    00000403 00                    1072 	.db #0x00	; 0
    00000404 00                    1073 	.db #0x00	; 0
    00000405 00                    1074 	.db #0x00	; 0
    00000406 00                    1075 	.db #0x00	; 0
    00000407 00                    1076 	.db #0x00	; 0
    00000408 00                    1077 	.db #0x00	; 0
    00000409 00                    1078 	.db #0x00	; 0
    0000040A 00                    1079 	.db #0x00	; 0
    0000040B 00                    1080 	.db #0x00	; 0
    0000040C 00                    1081 	.db #0x00	; 0
    0000040D 00                    1082 	.db #0x00	; 0
    0000040E 00                    1083 	.db #0x00	; 0
    0000040F 00                    1084 	.db #0x00	; 0
    00000410 00                    1085 	.db #0x00	; 0
    00000411 00                    1086 	.db #0x00	; 0
    00000412 00                    1087 	.db #0x00	; 0
    00000413 00                    1088 	.db #0x00	; 0
    00000414 00                    1089 	.db #0x00	; 0
    00000415 00                    1090 	.db #0x00	; 0
    00000416 00                    1091 	.db #0x00	; 0
    00000417 00                    1092 	.db #0x00	; 0
    00000418                       1093 _GBDK_2020_logo_map_attributes:
    00000418 00                    1094 	.db #0x00	; 0
    00000419 00                    1095 	.db #0x00	; 0
    0000041A 00                    1096 	.db #0x00	; 0
    0000041B 00                    1097 	.db #0x00	; 0
    0000041C 00                    1098 	.db #0x00	; 0
    0000041D 00                    1099 	.db #0x00	; 0
    0000041E 00                    1100 	.db #0x00	; 0
    0000041F 00                    1101 	.db #0x00	; 0
    00000420 00                    1102 	.db #0x00	; 0
    00000421 00                    1103 	.db #0x00	; 0
    00000422 00                    1104 	.db #0x00	; 0
    00000423 00                    1105 	.db #0x00	; 0
    00000424 00                    1106 	.db #0x00	; 0
    00000425 00                    1107 	.db #0x00	; 0
    00000426 00                    1108 	.db #0x00	; 0
    00000427 00                    1109 	.db #0x00	; 0
    00000428 00                    1110 	.db #0x00	; 0
    00000429 00                    1111 	.db #0x00	; 0
    0000042A 00                    1112 	.db #0x00	; 0
    0000042B 00                    1113 	.db #0x00	; 0
    0000042C 00                    1114 	.db #0x00	; 0
    0000042D 00                    1115 	.db #0x00	; 0
    0000042E 00                    1116 	.db #0x00	; 0
    0000042F 00                    1117 	.db #0x00	; 0
    00000430 00                    1118 	.db #0x00	; 0
    00000431 00                    1119 	.db #0x00	; 0
    00000432 00                    1120 	.db #0x00	; 0
    00000433 00                    1121 	.db #0x00	; 0
    00000434 00                    1122 	.db #0x00	; 0
    00000435 00                    1123 	.db #0x00	; 0
    00000436 00                    1124 	.db #0x00	; 0
    00000437 00                    1125 	.db #0x00	; 0
    00000438 00                    1126 	.db #0x00	; 0
    00000439 00                    1127 	.db #0x00	; 0
    0000043A 00                    1128 	.db #0x00	; 0
    0000043B 00                    1129 	.db #0x00	; 0
    0000043C 00                    1130 	.db #0x00	; 0
    0000043D 00                    1131 	.db #0x00	; 0
    0000043E 00                    1132 	.db #0x00	; 0
    0000043F 00                    1133 	.db #0x00	; 0
    00000440 00                    1134 	.db #0x00	; 0
    00000441 00                    1135 	.db #0x00	; 0
    00000442 00                    1136 	.db #0x00	; 0
    00000443 00                    1137 	.db #0x00	; 0
    00000444 00                    1138 	.db #0x00	; 0
    00000445 00                    1139 	.db #0x00	; 0
    00000446 00                    1140 	.db #0x00	; 0
    00000447 00                    1141 	.db #0x00	; 0
    00000448 00                    1142 	.db #0x00	; 0
    00000449 00                    1143 	.db #0x00	; 0
    0000044A 00                    1144 	.db #0x00	; 0
    0000044B 00                    1145 	.db #0x00	; 0
    0000044C 00                    1146 	.db #0x00	; 0
    0000044D 00                    1147 	.db #0x00	; 0
    0000044E 00                    1148 	.db #0x00	; 0
    0000044F 00                    1149 	.db #0x00	; 0
    00000450 00                    1150 	.db #0x00	; 0
    00000451 00                    1151 	.db #0x00	; 0
    00000452 00                    1152 	.db #0x00	; 0
    00000453 00                    1153 	.db #0x00	; 0
    00000454 00                    1154 	.db #0x00	; 0
    00000455 00                    1155 	.db #0x00	; 0
    00000456 00                    1156 	.db #0x00	; 0
    00000457 00                    1157 	.db #0x00	; 0
    00000458 00                    1158 	.db #0x00	; 0
    00000459 00                    1159 	.db #0x00	; 0
    0000045A 00                    1160 	.db #0x00	; 0
    0000045B 00                    1161 	.db #0x00	; 0
    0000045C 00                    1162 	.db #0x00	; 0
    0000045D 00                    1163 	.db #0x00	; 0
    0000045E 00                    1164 	.db #0x00	; 0
    0000045F 00                    1165 	.db #0x00	; 0
    00000460 00                    1166 	.db #0x00	; 0
    00000461 00                    1167 	.db #0x00	; 0
    00000462 00                    1168 	.db #0x00	; 0
    00000463 00                    1169 	.db #0x00	; 0
    00000464 00                    1170 	.db #0x00	; 0
    00000465 00                    1171 	.db #0x00	; 0
    00000466 00                    1172 	.db #0x00	; 0
    00000467 00                    1173 	.db #0x00	; 0
    00000468 00                    1174 	.db #0x00	; 0
    00000469 00                    1175 	.db #0x00	; 0
    0000046A 00                    1176 	.db #0x00	; 0
    0000046B 00                    1177 	.db #0x00	; 0
    0000046C 00                    1178 	.db #0x00	; 0
    0000046D 00                    1179 	.db #0x00	; 0
    0000046E 00                    1180 	.db #0x00	; 0
    0000046F 01                    1181 	.db #0x01	; 1
    00000470 01                    1182 	.db #0x01	; 1
    00000471 01                    1183 	.db #0x01	; 1
    00000472 01                    1184 	.db #0x01	; 1
    00000473 01                    1185 	.db #0x01	; 1
    00000474 00                    1186 	.db #0x00	; 0
    00000475 00                    1187 	.db #0x00	; 0
    00000476 00                    1188 	.db #0x00	; 0
    00000477 00                    1189 	.db #0x00	; 0
    00000478 00                    1190 	.db #0x00	; 0
    00000479 00                    1191 	.db #0x00	; 0
    0000047A 00                    1192 	.db #0x00	; 0
    0000047B 00                    1193 	.db #0x00	; 0
    0000047C 00                    1194 	.db #0x00	; 0
    0000047D 00                    1195 	.db #0x00	; 0
    0000047E 00                    1196 	.db #0x00	; 0
    0000047F 00                    1197 	.db #0x00	; 0
    00000480 00                    1198 	.db #0x00	; 0
    00000481 00                    1199 	.db #0x00	; 0
    00000482 00                    1200 	.db #0x00	; 0
    00000483 01                    1201 	.db #0x01	; 1
    00000484 01                    1202 	.db #0x01	; 1
    00000485 01                    1203 	.db #0x01	; 1
    00000486 01                    1204 	.db #0x01	; 1
    00000487 01                    1205 	.db #0x01	; 1
    00000488 01                    1206 	.db #0x01	; 1
    00000489 00                    1207 	.db #0x00	; 0
    0000048A 00                    1208 	.db #0x00	; 0
    0000048B 00                    1209 	.db #0x00	; 0
    0000048C 00                    1210 	.db #0x00	; 0
    0000048D 00                    1211 	.db #0x00	; 0
    0000048E 00                    1212 	.db #0x00	; 0
    0000048F 00                    1213 	.db #0x00	; 0
    00000490 00                    1214 	.db #0x00	; 0
    00000491 00                    1215 	.db #0x00	; 0
    00000492 00                    1216 	.db #0x00	; 0
    00000493 00                    1217 	.db #0x00	; 0
    00000494 00                    1218 	.db #0x00	; 0
    00000495 00                    1219 	.db #0x00	; 0
    00000496 00                    1220 	.db #0x00	; 0
    00000497 00                    1221 	.db #0x00	; 0
    00000498 00                    1222 	.db #0x00	; 0
    00000499 00                    1223 	.db #0x00	; 0
    0000049A 00                    1224 	.db #0x00	; 0
    0000049B 00                    1225 	.db #0x00	; 0
    0000049C 00                    1226 	.db #0x00	; 0
    0000049D 00                    1227 	.db #0x00	; 0
    0000049E 00                    1228 	.db #0x00	; 0
    0000049F 00                    1229 	.db #0x00	; 0
    000004A0 00                    1230 	.db #0x00	; 0
    000004A1 00                    1231 	.db #0x00	; 0
    000004A2 00                    1232 	.db #0x00	; 0
    000004A3 00                    1233 	.db #0x00	; 0
    000004A4 00                    1234 	.db #0x00	; 0
    000004A5 00                    1235 	.db #0x00	; 0
    000004A6 00                    1236 	.db #0x00	; 0
    000004A7 00                    1237 	.db #0x00	; 0
    000004A8 00                    1238 	.db #0x00	; 0
    000004A9 00                    1239 	.db #0x00	; 0
    000004AA 00                    1240 	.db #0x00	; 0
    000004AB 00                    1241 	.db #0x00	; 0
    000004AC 02                    1242 	.db #0x02	; 2
    000004AD 03                    1243 	.db #0x03	; 3
    000004AE 03                    1244 	.db #0x03	; 3
    000004AF 02                    1245 	.db #0x02	; 2
    000004B0 00                    1246 	.db #0x00	; 0
    000004B1 00                    1247 	.db #0x00	; 0
    000004B2 00                    1248 	.db #0x00	; 0
    000004B3 00                    1249 	.db #0x00	; 0
    000004B4 00                    1250 	.db #0x00	; 0
    000004B5 00                    1251 	.db #0x00	; 0
    000004B6 00                    1252 	.db #0x00	; 0
    000004B7 00                    1253 	.db #0x00	; 0
    000004B8 00                    1254 	.db #0x00	; 0
    000004B9 00                    1255 	.db #0x00	; 0
    000004BA 00                    1256 	.db #0x00	; 0
    000004BB 00                    1257 	.db #0x00	; 0
    000004BC 00                    1258 	.db #0x00	; 0
    000004BD 00                    1259 	.db #0x00	; 0
    000004BE 00                    1260 	.db #0x00	; 0
    000004BF 00                    1261 	.db #0x00	; 0
    000004C0 02                    1262 	.db #0x02	; 2
    000004C1 03                    1263 	.db #0x03	; 3
    000004C2 03                    1264 	.db #0x03	; 3
    000004C3 02                    1265 	.db #0x02	; 2
    000004C4 00                    1266 	.db #0x00	; 0
    000004C5 00                    1267 	.db #0x00	; 0
    000004C6 00                    1268 	.db #0x00	; 0
    000004C7 00                    1269 	.db #0x00	; 0
    000004C8 00                    1270 	.db #0x00	; 0
    000004C9 00                    1271 	.db #0x00	; 0
    000004CA 00                    1272 	.db #0x00	; 0
    000004CB 00                    1273 	.db #0x00	; 0
    000004CC 00                    1274 	.db #0x00	; 0
    000004CD 00                    1275 	.db #0x00	; 0
    000004CE 00                    1276 	.db #0x00	; 0
    000004CF 00                    1277 	.db #0x00	; 0
    000004D0 00                    1278 	.db #0x00	; 0
    000004D1 00                    1279 	.db #0x00	; 0
    000004D2 00                    1280 	.db #0x00	; 0
    000004D3 00                    1281 	.db #0x00	; 0
    000004D4 02                    1282 	.db #0x02	; 2
    000004D5 02                    1283 	.db #0x02	; 2
    000004D6 02                    1284 	.db #0x02	; 2
    000004D7 02                    1285 	.db #0x02	; 2
    000004D8 00                    1286 	.db #0x00	; 0
    000004D9 00                    1287 	.db #0x00	; 0
    000004DA 00                    1288 	.db #0x00	; 0
    000004DB 00                    1289 	.db #0x00	; 0
    000004DC 00                    1290 	.db #0x00	; 0
    000004DD 00                    1291 	.db #0x00	; 0
    000004DE 00                    1292 	.db #0x00	; 0
    000004DF 00                    1293 	.db #0x00	; 0
    000004E0 00                    1294 	.db #0x00	; 0
    000004E1 00                    1295 	.db #0x00	; 0
    000004E2 00                    1296 	.db #0x00	; 0
    000004E3 00                    1297 	.db #0x00	; 0
    000004E4 00                    1298 	.db #0x00	; 0
    000004E5 00                    1299 	.db #0x00	; 0
    000004E6 00                    1300 	.db #0x00	; 0
    000004E7 00                    1301 	.db #0x00	; 0
    000004E8 02                    1302 	.db #0x02	; 2
    000004E9 02                    1303 	.db #0x02	; 2
    000004EA 02                    1304 	.db #0x02	; 2
    000004EB 02                    1305 	.db #0x02	; 2
    000004EC 00                    1306 	.db #0x00	; 0
    000004ED 00                    1307 	.db #0x00	; 0
    000004EE 00                    1308 	.db #0x00	; 0
    000004EF 00                    1309 	.db #0x00	; 0
    000004F0 00                    1310 	.db #0x00	; 0
    000004F1 00                    1311 	.db #0x00	; 0
    000004F2 00                    1312 	.db #0x00	; 0
    000004F3 00                    1313 	.db #0x00	; 0
    000004F4 00                    1314 	.db #0x00	; 0
    000004F5 00                    1315 	.db #0x00	; 0
    000004F6 00                    1316 	.db #0x00	; 0
    000004F7 00                    1317 	.db #0x00	; 0
    000004F8 00                    1318 	.db #0x00	; 0
    000004F9 00                    1319 	.db #0x00	; 0
    000004FA 00                    1320 	.db #0x00	; 0
    000004FB 00                    1321 	.db #0x00	; 0
    000004FC 00                    1322 	.db #0x00	; 0
    000004FD 00                    1323 	.db #0x00	; 0
    000004FE 00                    1324 	.db #0x00	; 0
    000004FF 00                    1325 	.db #0x00	; 0
    00000500 00                    1326 	.db #0x00	; 0
    00000501 00                    1327 	.db #0x00	; 0
    00000502 00                    1328 	.db #0x00	; 0
    00000503 00                    1329 	.db #0x00	; 0
    00000504 00                    1330 	.db #0x00	; 0
    00000505 00                    1331 	.db #0x00	; 0
    00000506 00                    1332 	.db #0x00	; 0
    00000507 00                    1333 	.db #0x00	; 0
    00000508 00                    1334 	.db #0x00	; 0
    00000509 00                    1335 	.db #0x00	; 0
    0000050A 00                    1336 	.db #0x00	; 0
    0000050B 00                    1337 	.db #0x00	; 0
    0000050C 00                    1338 	.db #0x00	; 0
    0000050D 00                    1339 	.db #0x00	; 0
    0000050E 00                    1340 	.db #0x00	; 0
    0000050F 01                    1341 	.db #0x01	; 1
    00000510 01                    1342 	.db #0x01	; 1
    00000511 01                    1343 	.db #0x01	; 1
    00000512 01                    1344 	.db #0x01	; 1
    00000513 01                    1345 	.db #0x01	; 1
    00000514 01                    1346 	.db #0x01	; 1
    00000515 00                    1347 	.db #0x00	; 0
    00000516 00                    1348 	.db #0x00	; 0
    00000517 00                    1349 	.db #0x00	; 0
    00000518 00                    1350 	.db #0x00	; 0
    00000519 00                    1351 	.db #0x00	; 0
    0000051A 00                    1352 	.db #0x00	; 0
    0000051B 00                    1353 	.db #0x00	; 0
    0000051C 00                    1354 	.db #0x00	; 0
    0000051D 00                    1355 	.db #0x00	; 0
    0000051E 00                    1356 	.db #0x00	; 0
    0000051F 00                    1357 	.db #0x00	; 0
    00000520 00                    1358 	.db #0x00	; 0
    00000521 00                    1359 	.db #0x00	; 0
    00000522 00                    1360 	.db #0x00	; 0
    00000523 01                    1361 	.db #0x01	; 1
    00000524 01                    1362 	.db #0x01	; 1
    00000525 01                    1363 	.db #0x01	; 1
    00000526 01                    1364 	.db #0x01	; 1
    00000527 01                    1365 	.db #0x01	; 1
    00000528 01                    1366 	.db #0x01	; 1
    00000529 00                    1367 	.db #0x00	; 0
    0000052A 00                    1368 	.db #0x00	; 0
    0000052B 00                    1369 	.db #0x00	; 0
    0000052C 00                    1370 	.db #0x00	; 0
    0000052D 00                    1371 	.db #0x00	; 0
    0000052E 00                    1372 	.db #0x00	; 0
    0000052F 00                    1373 	.db #0x00	; 0
    00000530 00                    1374 	.db #0x00	; 0
    00000531 00                    1375 	.db #0x00	; 0
    00000532 00                    1376 	.db #0x00	; 0
    00000533 00                    1377 	.db #0x00	; 0
    00000534 00                    1378 	.db #0x00	; 0
    00000535 00                    1379 	.db #0x00	; 0
    00000536 00                    1380 	.db #0x00	; 0
    00000537 00                    1381 	.db #0x00	; 0
    00000538 00                    1382 	.db #0x00	; 0
    00000539 00                    1383 	.db #0x00	; 0
    0000053A 00                    1384 	.db #0x00	; 0
    0000053B 00                    1385 	.db #0x00	; 0
    0000053C 00                    1386 	.db #0x00	; 0
    0000053D 00                    1387 	.db #0x00	; 0
    0000053E 00                    1388 	.db #0x00	; 0
    0000053F 00                    1389 	.db #0x00	; 0
    00000540 00                    1390 	.db #0x00	; 0
    00000541 00                    1391 	.db #0x00	; 0
    00000542 00                    1392 	.db #0x00	; 0
    00000543 00                    1393 	.db #0x00	; 0
    00000544 00                    1394 	.db #0x00	; 0
    00000545 00                    1395 	.db #0x00	; 0
    00000546 00                    1396 	.db #0x00	; 0
    00000547 00                    1397 	.db #0x00	; 0
    00000548 00                    1398 	.db #0x00	; 0
    00000549 00                    1399 	.db #0x00	; 0
    0000054A 00                    1400 	.db #0x00	; 0
    0000054B 00                    1401 	.db #0x00	; 0
    0000054C 00                    1402 	.db #0x00	; 0
    0000054D 00                    1403 	.db #0x00	; 0
    0000054E 00                    1404 	.db #0x00	; 0
    0000054F 00                    1405 	.db #0x00	; 0
    00000550 00                    1406 	.db #0x00	; 0
    00000551 00                    1407 	.db #0x00	; 0
    00000552 00                    1408 	.db #0x00	; 0
    00000553 00                    1409 	.db #0x00	; 0
    00000554 00                    1410 	.db #0x00	; 0
    00000555 00                    1411 	.db #0x00	; 0
    00000556 00                    1412 	.db #0x00	; 0
    00000557 00                    1413 	.db #0x00	; 0
    00000558 00                    1414 	.db #0x00	; 0
    00000559 00                    1415 	.db #0x00	; 0
    0000055A 00                    1416 	.db #0x00	; 0
    0000055B 00                    1417 	.db #0x00	; 0
    0000055C 00                    1418 	.db #0x00	; 0
    0000055D 00                    1419 	.db #0x00	; 0
    0000055E 00                    1420 	.db #0x00	; 0
    0000055F 00                    1421 	.db #0x00	; 0
    00000560 00                    1422 	.db #0x00	; 0
    00000561 00                    1423 	.db #0x00	; 0
    00000562 00                    1424 	.db #0x00	; 0
    00000563 00                    1425 	.db #0x00	; 0
    00000564 00                    1426 	.db #0x00	; 0
    00000565 00                    1427 	.db #0x00	; 0
    00000566 00                    1428 	.db #0x00	; 0
    00000567 00                    1429 	.db #0x00	; 0
    00000568 00                    1430 	.db #0x00	; 0
    00000569 00                    1431 	.db #0x00	; 0
    0000056A 00                    1432 	.db #0x00	; 0
    0000056B 00                    1433 	.db #0x00	; 0
    0000056C 00                    1434 	.db #0x00	; 0
    0000056D 00                    1435 	.db #0x00	; 0
    0000056E 00                    1436 	.db #0x00	; 0
    0000056F 00                    1437 	.db #0x00	; 0
    00000570 00                    1438 	.db #0x00	; 0
    00000571 00                    1439 	.db #0x00	; 0
    00000572 00                    1440 	.db #0x00	; 0
    00000573 00                    1441 	.db #0x00	; 0
    00000574 00                    1442 	.db #0x00	; 0
    00000575 00                    1443 	.db #0x00	; 0
    00000576 00                    1444 	.db #0x00	; 0
    00000577 00                    1445 	.db #0x00	; 0
    00000578 00                    1446 	.db #0x00	; 0
    00000579 00                    1447 	.db #0x00	; 0
    0000057A 00                    1448 	.db #0x00	; 0
    0000057B 00                    1449 	.db #0x00	; 0
    0000057C 00                    1450 	.db #0x00	; 0
    0000057D 00                    1451 	.db #0x00	; 0
    0000057E 00                    1452 	.db #0x00	; 0
    0000057F 00                    1453 	.db #0x00	; 0
                                   1454 	.area _INITIALIZER
                                   1455 	.area _CABS (ABS)
