                                      1 ;--------------------------------------------------------
                                      2 ; File Created by SDCC : free open source ISO C Compiler 
                                      3 ; Version 4.4.1 #14650 (Linux)
                                      4 ;--------------------------------------------------------
                                      5 	.module main
                                      6 	.optsdcc -mz80
                                      7 	
                                      8 ;--------------------------------------------------------
                                      9 ; Public variables in this module
                                     10 ;--------------------------------------------------------
                                     11 	.globl _main
                                     12 	.globl _gb_decompress
                                     13 	.globl _set_tile_map_compat
                                     14 	.globl _set_tile_2bpp_data
                                     15 	.globl _vsync
                                     16 	.globl _buffer
                                     17 ;--------------------------------------------------------
                                     18 ; special function registers
                                     19 ;--------------------------------------------------------
                         00000000    20 _GG_STATE	=	0x0000
                         00000001    21 _GG_EXT_7BIT	=	0x0001
                         00000002    22 _GG_EXT_CTL	=	0x0002
                         00000003    23 _GG_SIO_SEND	=	0x0003
                         00000004    24 _GG_SIO_RECV	=	0x0004
                         00000005    25 _GG_SIO_CTL	=	0x0005
                         00000006    26 _GG_SOUND_PAN	=	0x0006
                         0000003E    27 _MEMORY_CTL	=	0x003e
                         0000003F    28 _JOY_CTL	=	0x003f
                         0000007E    29 _VCOUNTER	=	0x007e
                         0000007F    30 _PSG	=	0x007f
                         0000007F    31 _HCOUNTER	=	0x007f
                         000000BE    32 _VDP_DATA	=	0x00be
                         000000BF    33 _VDP_CMD	=	0x00bf
                         000000BF    34 _VDP_STATUS	=	0x00bf
                         000000DC    35 _JOY_PORT1	=	0x00dc
                         000000DD    36 _JOY_PORT2	=	0x00dd
                         000000F0    37 _FMADDRESS	=	0x00f0
                         000000F1    38 _FMDATA	=	0x00f1
                         000000F2    39 _AUDIOCTRL	=	0x00f2
                                     40 ;--------------------------------------------------------
                                     41 ; ram data
                                     42 ;--------------------------------------------------------
                                     43 	.area _DATA
                         0000FFFC    44 _RAM_CONTROL	=	0xfffc
                         0000FFF8    45 _GLASSES_3D	=	0xfff8
                         0000FFFD    46 _MAP_FRAME0	=	0xfffd
                         0000FFFE    47 _MAP_FRAME1	=	0xfffe
                         0000FFFF    48 _MAP_FRAME2	=	0xffff
    00000000                         49 _buffer::
    00000000                         50 	.ds 4096
                                     51 ;--------------------------------------------------------
                                     52 ; ram data
                                     53 ;--------------------------------------------------------
                                     54 	.area _INITIALIZED
                                     55 ;--------------------------------------------------------
                                     56 ; absolute external ram data
                                     57 ;--------------------------------------------------------
                                     58 	.area _DABS (ABS)
                                     59 ;--------------------------------------------------------
                                     60 ; global & static initialisations
                                     61 ;--------------------------------------------------------
                                     62 	.area _HOME
                                     63 	.area _GSINIT
                                     64 	.area _GSFINAL
                                     65 	.area _GSINIT
                                     66 ;--------------------------------------------------------
                                     67 ; Home
                                     68 ;--------------------------------------------------------
                                     69 	.area _HOME
                                     70 	.area _HOME
                                     71 ;--------------------------------------------------------
                                     72 ; code
                                     73 ;--------------------------------------------------------
                                     74 	.area _CODE
                                     75 ;src/main.c:16: void main(void)
                                     76 ;	---------------------------------
                                     77 ; Function main
                                     78 ; ---------------------------------
    00000000                         79 _main::
                                     80 ;src/main.c:19: __WRITE_VDP_REG(VDP_R2, R2_MAP_0x3800);
    00000000 FD 21r00r00      [14]   81 	ld	iy, #_shadow_VDP_R2
    00000004 FD 36 00 FF      [19]   82 	ld	0 (iy), #0xff
    00000008 F3               [ 4]   83 	di
    00000009 3E FF            [ 7]   84 	ld	a, #0xff
    0000000B D3 BF            [11]   85 	out	(_VDP_CMD), a
    0000000D 3E 82            [ 7]   86 	ld	a, #0x82
    0000000F D3 BF            [11]   87 	out	(_VDP_CMD), a
    00000011 FB               [ 4]   88 	ei
                                     89 ;src/main.c:20: __WRITE_VDP_REG(VDP_R5, R5_SAT_0x3F00);
    00000012 FD 21r00r00      [14]   90 	ld	iy, #_shadow_VDP_R5
    00000016 FD 36 00 FF      [19]   91 	ld	0 (iy), #0xff
    0000001A F3               [ 4]   92 	di
    0000001B 3E FF            [ 7]   93 	ld	a, #0xff
    0000001D D3 BF            [11]   94 	out	(_VDP_CMD), a
    0000001F 3E 85            [ 7]   95 	ld	a, #0x85
    00000021 D3 BF            [11]   96 	out	(_VDP_CMD), a
    00000023 FB               [ 4]   97 	ei
                                     98 ;src/main.c:29: set_bkg_data(0, gb_decompress(monalisa_tiles_comp, buffer) >> 4, buffer);
    00000024 11r00r00         [10]   99 	ld	de, #_buffer+0
    00000027 4B               [ 4]  100 	ld	c, e
    00000028 42               [ 4]  101 	ld	b, d
    00000029 D5               [11]  102 	push	de
    0000002A 21r00r00         [10]  103 	ld	hl, #_monalisa_tiles_comp
    0000002D E5               [11]  104 	push	hl
    0000002E CDr00r00         [17]  105 	call	_gb_decompress
    00000031 EB               [ 4]  106 	ex	de, hl
    00000032 CB 3A            [ 8]  107 	srl	d
    00000034 CB 1B            [ 8]  108 	rr	e
    00000036 CB 3A            [ 8]  109 	srl	d
    00000038 CB 1B            [ 8]  110 	rr	e
    0000003A CB 3A            [ 8]  111 	srl	d
    0000003C CB 1B            [ 8]  112 	rr	e
    0000003E CB 3A            [ 8]  113 	srl	d
    00000040 CB 1B            [ 8]  114 	rr	e
                                    115 ;../../../include/sms/sms.h:633: set_tile_2bpp_data(start, ntiles, src, _current_2bpp_palette);
    00000042 2Ar00r00         [16]  116 	ld	hl, (__current_2bpp_palette)
    00000045 E5               [11]  117 	push	hl
    00000046 C5               [11]  118 	push	bc
    00000047 D5               [11]  119 	push	de
    00000048 21 00 00         [10]  120 	ld	hl, #0x0000
    0000004B E5               [11]  121 	push	hl
    0000004C CDr00r00         [17]  122 	call	_set_tile_2bpp_data
                                    123 ;src/main.c:32: set_bkg_tiles(0,0, monalisa_mapWidth, monalisa_mapHeight, monalisa_mapPLN0);
    0000004F 21r00r00         [10]  124 	ld	hl, #_monalisa_mapPLN0
    00000052 E5               [11]  125 	push	hl
    00000053 21 14 12         [10]  126 	ld	hl, #0x1214
    00000056 E5               [11]  127 	push	hl
    00000057 21 00 00         [10]  128 	ld	hl, #0x00
    0000005A E5               [11]  129 	push	hl
    0000005B CDr00r00         [17]  130 	call	_set_tile_map_compat
                                    131 ;src/main.c:36: while(1) {
    0000005E                        132 00102$:
                                    133 ;src/main.c:41: vsync();
    0000005E CDr00r00         [17]  134 	call	_vsync
                                    135 ;src/main.c:43: }
    00000061 18 FB            [12]  136 	jr	00102$
                                    137 	.area _CODE
                                    138 	.area _INITIALIZER
                                    139 	.area _CABS (ABS)
